Coordinate correlation loaded from: /home/pi/Desktop/rubiks/src/cuber/../cfg/correlation.npy
Colour correlation loaded from: /home/pi/Desktop/rubiks/src/cuber/../cfg/colours.npy
scramble:B2 D2 U2 F U' R B' D U' F D' B' D2 R U2 L R' U D2 F2 U R2 L D R' B2 U' F U
Serial timeout set to 10
threaded imaging: 0.780222177505
population: 0.780441999435
Contour extraction: 0.236114025116
('R', 'O', 'Y', 'G', 'B', 'W')
colour extraction: 0.189774990082
['L', 'L', 'D', 'F', 'U', 'F', 'F', 'U', 'B', 'L', 'U', 'F', 'B', 'R', 'D', 'B', 'B', 'B', 'U', 'B', 'D', 'B', 'F', 'L', 'F', 'R', 'R', 'R', 'D', 'D', 'U', 'D', 'D', 'B', 'D', 'U', 'U', 'R', 'R', 'R', 'L', 'R', 'L', 'L', 'D', 'L', 'F', 'F', 'L', 'B', 'U', 'R', 'F', 'U']
threaded imaging: 0.0842080116272
population: 0.0845601558685
Contour extraction: 0.158336162567
('R', 'O', 'Y', 'G', 'B', 'W')
colour extraction: 0.186042070389
['L', 'L', 'D', 'F', 'U', 'F', 'F', 'U', 'B', 'L', 'U', 'F', 'B', 'R', 'D', 'B', 'B', 'B', 'U', 'B', 'D', 'B', 'F', 'L', 'F', 'R', 'R', 'R', 'D', 'D', 'U', 'D', 'D', 'B', 'D', 'U', 'U', 'R', 'R', 'R', 'L', 'R', 'L', 'L', 'D', 'L', 'F', 'F', 'L', 'B', 'U', 'R', 'F', 'U']
Cubie counts
Counter({'B': 9, 'D': 9, 'F': 9, 'L': 9, 'R': 9, 'U': 9})
Serial timeout set to 10
########################################
Elapsed time: 2.46688485146
CV Read time: 0.429452896118
Solve time:   0.340245962143
Motor time:   1.69718599319
Solution:     B' R' L2 F2 U2 D' F U2 D' R' F2 U F2 L2 U R2 L2 B2 D2 L2
Face-turns:   20
Quarter-turns:32
########################################
threaded imaging: 0.103312969208
population: 0.103714942932
Contour extraction: 0.167224168777
('R', 'O', 'Y', 'G', 'B', 'W')
colour extraction: 0.192286968231
['U', 'U', 'U', 'U', 'U', 'U', 'U', 'U', 'U', 'R', 'R', 'R', 'R', 'R', 'R', 'R', 'R', 'R', 'F', 'F', 'F', 'F', 'F', 'F', 'F', 'F', 'F', 'D', 'D', 'D', 'D', 'D', 'D', 'D', 'D', 'D', 'L', 'L', 'L', 'L', 'L', 'L', 'L', 'L', 'L', 'B', 'B', 'B', 'B', 'B', 'B', 'B', 'B', 'B']
post state: ['U', 'U', 'U', 'U', 'U', 'U', 'U', 'U', 'U', 'R', 'R', 'R', 'R', 'R', 'R', 'R', 'R', 'R', 'F', 'F', 'F', 'F', 'F', 'F', 'F', 'F', 'F', 'D', 'D', 'D', 'D', 'D', 'D', 'D', 'D', 'D', 'L', 'L', 'L', 'L', 'L', 'L', 'L', 'L', 'L', 'B', 'B', 'B', 'B', 'B', 'B', 'B', 'B', 'B']
Cube solved
iter: 0
scramble:D' B' U2 R2 L2 F' D' U' R' D2 B D2 U D' R' F' B R L' U' D'
Serial timeout set to 10
threaded imaging: 0.0935981273651
population: 0.0942070484161
Contour extraction: 0.167231082916
('R', 'O', 'Y', 'G', 'B', 'W')
colour extraction: 0.190935850143
['F', 'D', 'D', 'R', 'U', 'R', 'B', 'R', 'F', 'L', 'B', 'B', 'B', 'R', 'U', 'F', 'B', 'B', 'U', 'F', 'L', 'L', 'F', 'U', 'B', 'D', 'U', 'R', 'L', 'D', 'L', 'D', 'D', 'R', 'F', 'D', 'U', 'U', 'L', 'F', 'L', 'F', 'F', 'B', 'U', 'R', 'R', 'R', 'L', 'B', 'D', 'L', 'U', 'D']
threaded imaging: 0.0752899646759
population: 0.07563996315
Contour extraction: 0.170795917511
('R', 'O', 'Y', 'G', 'B', 'W')
colour extraction: 0.178231954575
['F', 'D', 'D', 'R', 'U', 'R', 'B', 'R', 'F', 'L', 'B', 'B', 'B', 'R', 'U', 'F', 'B', 'B', 'U', 'F', 'L', 'L', 'F', 'U', 'B', 'D', 'U', 'R', 'L', 'D', 'L', 'D', 'D', 'R', 'F', 'D', 'U', 'U', 'L', 'F', 'L', 'F', 'F', 'B', 'U', 'R', 'R', 'R', 'L', 'B', 'D', 'L', 'U', 'D']
Cubie counts
Counter({'B': 9, 'D': 9, 'F': 9, 'L': 9, 'R': 9, 'U': 9})
FAIL
iter: 1
scramble:F2 L U F U2 D' B2 F' L' D U F2 U D2 L U' B U L2 D' L F' L B2 F U
Serial timeout set to 10
threaded imaging: 0.0930171012878
population: 0.0935862064362
Contour extraction: 0.172114849091
('R', 'O', 'Y', 'G', 'B', 'W')
colour extraction: 0.177376031876
['B', 'F', 'F', 'U', 'U', 'D', 'L', 'B', 'U', 'F', 'R', 'L', 'L', 'R', 'F', 'B', 'R', 'R', 'D', 'L', 'D', 'B', 'F', 'F', 'R', 'R', 'R', 'D', 'U', 'D', 'B', 'D', 'F', 'F', 'R', 'B', 'U', 'L', 'B', 'L', 'L', 'D', 'R', 'U', 'F', 'L', 'U', 'L', 'D', 'B', 'D', 'U', 'B', 'U']
threaded imaging: 0.0748341083527
population: 0.0751919746399
Contour extraction: 0.174809932709
('R', 'O', 'Y', 'G', 'B', 'W')
colour extraction: 0.177105903625
['B', 'F', 'F', 'U', 'U', 'D', 'L', 'B', 'U', 'F', 'R', 'L', 'L', 'R', 'F', 'B', 'R', 'R', 'D', 'L', 'D', 'B', 'F', 'F', 'R', 'R', 'R', 'D', 'U', 'D', 'B', 'D', 'F', 'F', 'R', 'B', 'U', 'L', 'B', 'L', 'L', 'D', 'R', 'U', 'F', 'D', 'U', 'L', 'L', 'B', 'D', 'U', 'B', 'U']
Cubie counts
Counter({'B': 9, 'D': 9, 'F': 9, 'L': 9, 'R': 9, 'U': 9})
FAIL
iter: 2
scramble:R D2 B2 F D2 B2 F2 L B F R2 F2 D' B' L2 F2 B D2 B U L2 R2 B2
Serial timeout set to 10
threaded imaging: 0.0911259651184
population: 0.0918312072754
Contour extraction: 0.192661046982
('R', 'O', 'Y', 'G', 'B', 'W')
colour extraction: 0.177477836609
['L', 'R', 'B', 'U', 'U', 'D', 'B', 'D', 'R', 'U', 'L', 'D', 'R', 'R', 'D', 'L', 'U', 'F', 'D', 'F', 'B', 'D', 'F', 'B', 'R', 'R', 'U', 'F', 'U', 'B', 'F', 'D', 'F', 'L', 'L', 'D', 'F', 'B', 'R', 'L', 'L', 'R', 'F', 'L', 'U', 'L', 'F', 'D', 'B', 'B', 'B', 'R', 'U', 'U']
threaded imaging: 0.0790460109711
population: 0.0794749259949
Contour extraction: 0.198786020279
('R', 'O', 'Y', 'G', 'B', 'W')
colour extraction: 0.177753925323
['L', 'R', 'B', 'U', 'U', 'D', 'B', 'D', 'R', 'U', 'L', 'D', 'R', 'R', 'D', 'L', 'U', 'F', 'D', 'F', 'B', 'D', 'F', 'B', 'R', 'R', 'U', 'F', 'U', 'B', 'F', 'D', 'F', 'L', 'L', 'D', 'F', 'B', 'R', 'L', 'L', 'R', 'F', 'L', 'U', 'L', 'F', 'D', 'B', 'B', 'B', 'R', 'U', 'U']
Cubie counts
Counter({'B': 9, 'D': 9, 'F': 9, 'L': 9, 'R': 9, 'U': 9})
Serial timeout set to 10
########################################
Elapsed time: 2.50055384636
CV Read time: 0.456554889679
Solve time:   0.431694030762
Motor time:   1.61230492592
Solution:     F' B L' F L' B2 R' B2 R U2 B' U' B2 U R2 D F2 D2 L2 U2
Face-turns:   20
Quarter-turns:29
########################################
threaded imaging: 0.0943398475647
population: 0.0948169231415
Contour extraction: 0.193781852722
('R', 'O', 'Y', 'G', 'B', 'W')
colour extraction: 0.191828012466
['U', 'U', 'U', 'U', 'U', 'U', 'U', 'U', 'U', 'R', 'R', 'R', 'R', 'R', 'R', 'R', 'R', 'R', 'F', 'F', 'F', 'F', 'F', 'F', 'F', 'F', 'F', 'D', 'D', 'D', 'D', 'D', 'D', 'D', 'D', 'D', 'L', 'L', 'L', 'L', 'L', 'L', 'L', 'L', 'L', 'B', 'B', 'B', 'B', 'B', 'B', 'B', 'B', 'B']
post state: ['U', 'U', 'U', 'U', 'U', 'U', 'U', 'U', 'U', 'R', 'R', 'R', 'R', 'R', 'R', 'R', 'R', 'R', 'F', 'F', 'F', 'F', 'F', 'F', 'F', 'F', 'F', 'D', 'D', 'D', 'D', 'D', 'D', 'D', 'D', 'D', 'L', 'L', 'L', 'L', 'L', 'L', 'L', 'L', 'L', 'B', 'B', 'B', 'B', 'B', 'B', 'B', 'B', 'B']
Cube solved
iter: 3
scramble:F2 U2 F' R' U B F' D B' R' U2 F2 L D' R L' U' R' U F U2 F' R' B' R' F' L D B
Serial timeout set to 10
threaded imaging: 0.101384878159
population: 0.102056026459
Contour extraction: 0.164520025253
('R', 'O', 'Y', 'G', 'B', 'W')
colour extraction: 0.187435865402
['L', 'L', 'B', 'F', 'U', 'U', 'R', 'B', 'F', 'L', 'R', 'L', 'F', 'R', 'D', 'R', 'U', 'D', 'U', 'U', 'U', 'R', 'F', 'R', 'F', 'L', 'F', 'D', 'F', 'D', 'B', 'D', 'L', 'U', 'B', 'B', 'D', 'D', 'B', 'F', 'L', 'B', 'F', 'D', 'L', 'U', 'D', 'B', 'R', 'B', 'U', 'R', 'L', 'R']
threaded imaging: 0.077183008194
population: 0.0774688720703
Contour extraction: 0.192819833755
('R', 'O', 'Y', 'G', 'B', 'W')
colour extraction: 0.178196907043
['L', 'L', 'B', 'F', 'U', 'U', 'R', 'B', 'F', 'L', 'R', 'L', 'F', 'R', 'D', 'R', 'U', 'D', 'U', 'U', 'U', 'R', 'F', 'R', 'F', 'L', 'F', 'D', 'F', 'D', 'B', 'D', 'L', 'U', 'B', 'B', 'D', 'D', 'B', 'F', 'L', 'B', 'F', 'D', 'L', 'U', 'D', 'B', 'R', 'B', 'U', 'R', 'L', 'R']
Cubie counts
Counter({'B': 9, 'D': 9, 'F': 9, 'L': 9, 'R': 9, 'U': 9})
Serial timeout set to 10
########################################
Elapsed time: 2.15873193741
CV Read time: 0.449015140533
Solve time:   0.0342509746552
Motor time:   1.67546582222
Solution:     U F' U' R' D2 R D' F L' B' R' L2 D' R2 B2 D2 R2 U' R2 B2 R2
Face-turns:   21
Quarter-turns:30
########################################
threaded imaging: 0.11493396759
population: 0.115611791611
Contour extraction: 0.175126075745
('R', 'O', 'Y', 'G', 'B', 'W')
colour extraction: 0.17692399025
['U', 'U', 'U', 'U', 'U', 'U', 'U', 'U', 'U', 'R', 'R', 'R', 'R', 'R', 'R', 'R', 'R', 'R', 'F', 'F', 'F', 'F', 'F', 'F', 'F', 'F', 'F', 'D', 'D', 'D', 'D', 'D', 'D', 'D', 'D', 'D', 'L', 'L', 'L', 'L', 'L', 'L', 'L', 'L', 'L', 'B', 'B', 'B', 'B', 'B', 'B', 'B', 'B', 'B']
post state: ['U', 'U', 'U', 'U', 'U', 'U', 'U', 'U', 'U', 'R', 'R', 'R', 'R', 'R', 'R', 'R', 'R', 'R', 'F', 'F', 'F', 'F', 'F', 'F', 'F', 'F', 'F', 'D', 'D', 'D', 'D', 'D', 'D', 'D', 'D', 'D', 'L', 'L', 'L', 'L', 'L', 'L', 'L', 'L', 'L', 'B', 'B', 'B', 'B', 'B', 'B', 'B', 'B', 'B']
Cube solved
iter: 4
scramble:L' R B2 L2 B' R2 F B' F' R B2 R' B' U2 F' B2 D2 L2 F2 B' D F2 R' F' U2 D2 B
Serial timeout set to 10
threaded imaging: 0.139683961868
population: 0.140288829803
Contour extraction: 0.198367118835
('R', 'O', 'Y', 'G', 'B', 'W')
colour extraction: 0.177820920944
['R', 'B', 'B', 'D', 'U', 'F', 'B', 'R', 'B', 'U', 'R', 'D', 'U', 'R', 'R', 'D', 'B', 'U', 'R', 'B', 'L', 'L', 'F', 'F', 'F', 'L', 'B', 'U', 'F', 'R', 'F', 'D', 'U', 'D', 'R', 'L', 'D', 'L', 'U', 'L', 'L', 'U', 'F', 'D', 'R', 'L', 'D', 'F', 'D', 'B', 'B', 'F', 'U', 'L']
threaded imaging: 0.0875630378723
population: 0.087837934494
Contour extraction: 0.165615797043
('R', 'O', 'Y', 'G', 'B', 'W')
colour extraction: 0.177642822266
['R', 'B', 'B', 'D', 'U', 'F', 'B', 'R', 'B', 'U', 'R', 'D', 'U', 'R', 'R', 'D', 'B', 'U', 'R', 'B', 'L', 'L', 'F', 'F', 'F', 'L', 'B', 'U', 'F', 'R', 'F', 'D', 'U', 'D', 'R', 'L', 'D', 'L', 'U', 'L', 'L', 'U', 'F', 'D', 'R', 'L', 'D', 'F', 'D', 'B', 'B', 'F', 'U', 'L']
Cubie counts
Counter({'B': 9, 'D': 9, 'F': 9, 'L': 9, 'R': 9, 'U': 9})
Serial timeout set to 10
########################################
Elapsed time: 2.12747216225
CV Read time: 0.431622028351
Solve time:   0.0206849575043
Motor time:   1.67516517639
Solution:     F B2 L D B D2 F2 B2 R' B L2 U2 L2 B2 D' B2 U L2 B2 D'
Face-turns:   20
Quarter-turns:31
########################################
threaded imaging: 0.1018679142
population: 0.102360010147
Contour extraction: 0.187161207199
('R', 'O', 'Y', 'G', 'B', 'W')
colour extraction: 0.179683923721
['U', 'U', 'U', 'U', 'U', 'U', 'U', 'U', 'U', 'R', 'R', 'R', 'R', 'R', 'R', 'R', 'R', 'R', 'F', 'F', 'F', 'F', 'F', 'F', 'F', 'F', 'F', 'D', 'D', 'D', 'D', 'D', 'D', 'D', 'D', 'D', 'L', 'L', 'L', 'L', 'L', 'L', 'L', 'L', 'L', 'B', 'B', 'B', 'B', 'B', 'B', 'B', 'B', 'B']
post state: ['U', 'U', 'U', 'U', 'U', 'U', 'U', 'U', 'U', 'R', 'R', 'R', 'R', 'R', 'R', 'R', 'R', 'R', 'F', 'F', 'F', 'F', 'F', 'F', 'F', 'F', 'F', 'D', 'D', 'D', 'D', 'D', 'D', 'D', 'D', 'D', 'L', 'L', 'L', 'L', 'L', 'L', 'L', 'L', 'L', 'B', 'B', 'B', 'B', 'B', 'B', 'B', 'B', 'B']
Cube solved
iter: 5
scramble:L' U2 L' D' R2 B U D' F R2 D2 R' B U R' B U2 R D R2 L' R' B R2 D' F' D B U
Serial timeout set to 10
threaded imaging: 0.102022886276
population: 0.102628946304
Contour extraction: 0.161862134933
('R', 'O', 'Y', 'G', 'B', 'W')
colour extraction: 0.178052902222
['B', 'L', 'D', 'F', 'U', 'F', 'R', 'L', 'B', 'D', 'D', 'L', 'R', 'R', 'R', 'L', 'D', 'R', 'F', 'B', 'R', 'L', 'F', 'U', 'L', 'F', 'D', 'U', 'R', 'F', 'B', 'D', 'L', 'F', 'B', 'B', 'U', 'U', 'U', 'D', 'L', 'U', 'D', 'U', 'F', 'B', 'F', 'L', 'B', 'B', 'R', 'U', 'D', 'R']
threaded imaging: 0.0816850662231
population: 0.0820951461792
Contour extraction: 0.176984071732
('R', 'O', 'Y', 'G', 'B', 'W')
colour extraction: 0.230136156082
['B', 'L', 'D', 'F', 'U', 'F', 'R', 'L', 'B', 'D', 'D', 'L', 'R', 'R', 'R', 'L', 'D', 'R', 'F', 'B', 'R', 'L', 'F', 'U', 'L', 'F', 'D', 'U', 'R', 'F', 'B', 'D', 'L', 'F', 'B', 'B', 'U', 'U', 'U', 'D', 'L', 'U', 'D', 'U', 'F', 'B', 'F', 'L', 'B', 'B', 'R', 'U', 'D', 'R']
Cubie counts
Counter({'B': 9, 'D': 9, 'F': 9, 'L': 9, 'R': 9, 'U': 9})
Serial timeout set to 10
########################################
Elapsed time: 2.24417495728
CV Read time: 0.489779949188
Solve time:   0.0828909873962
Motor time:   1.67150402069
Solution:     U2 B L D' R' F' U2 D' R' U2 B R2 F2 D' R2 D B2 U' F2 D L2
Face-turns:   21
Quarter-turns:30
########################################
threaded imaging: 0.101610898972
population: 0.102147817612
Contour extraction: 0.20934510231
('R', 'O', 'Y', 'G', 'B', 'W')
colour extraction: 0.177304983139
['U', 'U', 'U', 'U', 'U', 'U', 'U', 'U', 'U', 'R', 'R', 'R', 'R', 'R', 'R', 'R', 'R', 'R', 'F', 'F', 'F', 'F', 'F', 'F', 'F', 'F', 'F', 'D', 'D', 'D', 'D', 'D', 'D', 'D', 'D', 'D', 'L', 'L', 'L', 'L', 'L', 'L', 'L', 'L', 'L', 'B', 'B', 'B', 'B', 'B', 'B', 'B', 'B', 'B']
post state: ['U', 'U', 'U', 'U', 'U', 'U', 'U', 'U', 'U', 'R', 'R', 'R', 'R', 'R', 'R', 'R', 'R', 'R', 'F', 'F', 'F', 'F', 'F', 'F', 'F', 'F', 'F', 'D', 'D', 'D', 'D', 'D', 'D', 'D', 'D', 'D', 'L', 'L', 'L', 'L', 'L', 'L', 'L', 'L', 'L', 'B', 'B', 'B', 'B', 'B', 'B', 'B', 'B', 'B']
Cube solved
iter: 6
scramble:D' R F D2 F2 R L R' D2 L' F L2 R' F2 D U' F' B2 L' F B D2 F U'
Serial timeout set to 10
threaded imaging: 0.0849809646606
population: 0.0855112075806
Contour extraction: 0.18811583519
('R', 'O', 'Y', 'G', 'B', 'W')
colour extraction: 0.177861213684
['L', 'D', 'L', 'B', 'U', 'R', 'R', 'R', 'R', 'B', 'F', 'U', 'F', 'R', 'U', 'U', 'U', 'F', 'U', 'B', 'D', 'U', 'F', 'L', 'L', 'B', 'L', 'D', 'L', 'F', 'F', 'D', 'F', 'U', 'U', 'D', 'F', 'D', 'B', 'L', 'L', 'B', 'F', 'D', 'B', 'B', 'R', 'D', 'R', 'B', 'D', 'R', 'L', 'R']
threaded imaging: 0.0826210975647
population: 0.0829269886017
Contour extraction: 0.183770895004
('R', 'O', 'Y', 'G', 'B', 'W')
colour extraction: 0.177916049957
['L', 'D', 'L', 'B', 'U', 'R', 'R', 'R', 'R', 'B', 'F', 'U', 'F', 'R', 'U', 'U', 'U', 'F', 'U', 'B', 'D', 'U', 'F', 'L', 'L', 'B', 'L', 'D', 'L', 'F', 'F', 'D', 'F', 'U', 'U', 'D', 'F', 'D', 'B', 'L', 'L', 'B', 'F', 'D', 'B', 'B', 'R', 'D', 'R', 'B', 'D', 'R', 'L', 'R']
Cubie counts
Counter({'B': 9, 'D': 9, 'F': 9, 'L': 9, 'R': 9, 'U': 9})
Serial timeout set to 10
########################################
Elapsed time: 2.19096779823
CV Read time: 0.445148944855
Solve time:   0.0983738899231
Motor time:   1.64744496346
Solution:     R L' D' F' B' U R' D' R U2 B' R2 U2 D' F2 D R2 D' R2 D2 R2
Face-turns:   21
Quarter-turns:29
########################################
threaded imaging: 0.0978479385376
population: 0.098562002182
Contour extraction: 0.207051038742
('R', 'O', 'Y', 'G', 'B', 'W')
colour extraction: 0.177031993866
['U', 'U', 'U', 'U', 'U', 'U', 'U', 'U', 'U', 'R', 'R', 'R', 'R', 'R', 'R', 'R', 'R', 'R', 'F', 'F', 'F', 'F', 'F', 'F', 'F', 'F', 'F', 'D', 'D', 'D', 'D', 'D', 'D', 'D', 'D', 'D', 'L', 'L', 'L', 'L', 'L', 'L', 'L', 'L', 'L', 'B', 'B', 'B', 'B', 'B', 'B', 'B', 'B', 'B']
post state: ['U', 'U', 'U', 'U', 'U', 'U', 'U', 'U', 'U', 'R', 'R', 'R', 'R', 'R', 'R', 'R', 'R', 'R', 'F', 'F', 'F', 'F', 'F', 'F', 'F', 'F', 'F', 'D', 'D', 'D', 'D', 'D', 'D', 'D', 'D', 'D', 'L', 'L', 'L', 'L', 'L', 'L', 'L', 'L', 'L', 'B', 'B', 'B', 'B', 'B', 'B', 'B', 'B', 'B']
Cube solved
iter: 7
scramble:D2 U B2 L' F2 D' U2 F L2 U' D' L R' B' U2 D U2 R D U B'
Serial timeout set to 10
threaded imaging: 0.105396032333
population: 0.105966091156
Contour extraction: 0.162152051926
('R', 'O', 'Y', 'G', 'B', 'W')
colour extraction: 0.17884516716
['U', 'U', 'D', 'U', 'U', 'D', 'F', 'R', 'R', 'D', 'R', 'L', 'L', 'R', 'L', 'D', 'F', 'U', 'L', 'F', 'F', 'D', 'F', 'U', 'D', 'B', 'F', 'R', 'R', 'L', 'F', 'D', 'U', 'R', 'L', 'F', 'L', 'R', 'U', 'L', 'L', 'B', 'B', 'D', 'B', 'B', 'B', 'B', 'D', 'B', 'F', 'R', 'B', 'U']
threaded imaging: 0.0837340354919
population: 0.0841040611267
Contour extraction: 0.1586561203
('R', 'O', 'Y', 'G', 'B', 'W')
colour extraction: 0.178123950958
['U', 'U', 'D', 'U', 'U', 'D', 'F', 'R', 'R', 'D', 'R', 'L', 'L', 'R', 'L', 'D', 'F', 'U', 'L', 'F', 'F', 'D', 'F', 'U', 'D', 'B', 'F', 'R', 'R', 'L', 'F', 'D', 'U', 'R', 'L', 'F', 'L', 'R', 'U', 'L', 'L', 'B', 'B', 'D', 'B', 'B', 'B', 'B', 'D', 'B', 'F', 'R', 'B', 'U']
Cubie counts
Counter({'B': 9, 'D': 9, 'F': 9, 'L': 9, 'R': 9, 'U': 9})
Serial timeout set to 10
########################################
Elapsed time: 2.30470204353
CV Read time: 0.421404123306
Solve time:   0.147456884384
Motor time:   1.73584103584
Solution:     U' R F2 U' R B R2 U' B2 L B' U2 L2 B2 R2 D' F2 U L2 U2 B2
Face-turns:   21
Quarter-turns:32
########################################
threaded imaging: 0.107087135315
population: 0.107737064362
Contour extraction: 0.170773029327
('R', 'O', 'Y', 'G', 'B', 'W')
colour extraction: 0.177762985229
['U', 'U', 'U', 'U', 'U', 'U', 'U', 'U', 'U', 'R', 'R', 'R', 'R', 'R', 'R', 'R', 'R', 'R', 'F', 'F', 'F', 'F', 'F', 'F', 'F', 'F', 'F', 'D', 'D', 'D', 'D', 'D', 'D', 'D', 'D', 'D', 'L', 'L', 'L', 'L', 'L', 'L', 'L', 'L', 'L', 'B', 'B', 'B', 'B', 'B', 'B', 'B', 'B', 'B']
post state: ['U', 'U', 'U', 'U', 'U', 'U', 'U', 'U', 'U', 'R', 'R', 'R', 'R', 'R', 'R', 'R', 'R', 'R', 'F', 'F', 'F', 'F', 'F', 'F', 'F', 'F', 'F', 'D', 'D', 'D', 'D', 'D', 'D', 'D', 'D', 'D', 'L', 'L', 'L', 'L', 'L', 'L', 'L', 'L', 'L', 'B', 'B', 'B', 'B', 'B', 'B', 'B', 'B', 'B']
Cube solved
iter: 8
scramble:L' F2 U2 F B D U2 D2 U' L D B2 F U' R' U2 R' F U' D2 F2 D L2 U' L' R' B D' F' L R2 D B L U F2 B U' D2 R'
Serial timeout set to 10
threaded imaging: 0.105299949646
population: 0.105963945389
Contour extraction: 0.188201904297
('R', 'O', 'Y', 'G', 'B', 'W')
colour extraction: 0.174386978149
['D', 'B', 'R', 'L', 'U', 'F', 'R', 'R', 'F', 'U', 'R', 'B', 'U', 'R', 'D', 'U', 'F', 'B', 'D', 'U', 'R', 'L', 'F', 'L', 'B', 'B', 'L', 'D', 'R', 'F', 'D', 'D', 'U', 'B', 'R', 'D', 'L', 'F', 'F', 'L', 'L', 'B', 'L', 'F', 'R', 'U', 'U', 'F', 'B', 'B', 'D', 'L', 'D', 'U']
threaded imaging: 0.0777759552002
population: 0.0781128406525
Contour extraction: 0.185247182846
('R', 'O', 'Y', 'G', 'B', 'W')
colour extraction: 0.171469926834
['D', 'B', 'R', 'L', 'U', 'F', 'R', 'R', 'F', 'U', 'R', 'B', 'U', 'R', 'D', 'U', 'F', 'B', 'D', 'U', 'R', 'L', 'F', 'L', 'B', 'B', 'L', 'D', 'R', 'F', 'D', 'D', 'U', 'B', 'R', 'D', 'L', 'F', 'F', 'L', 'L', 'B', 'L', 'F', 'R', 'U', 'U', 'F', 'B', 'B', 'D', 'L', 'D', 'U']
Cubie counts
Counter({'B': 9, 'D': 9, 'F': 9, 'L': 9, 'R': 9, 'U': 9})
Serial timeout set to 10
########################################
Elapsed time: 2.34623289108
CV Read time: 0.435338973999
Solve time:   0.241750955582
Motor time:   1.6691429615
Solution:     R' B' R2 U' B' R' F' L' B D' L' D2 R2 B2 D2 L2 D F2 D R2 F2
Face-turns:   21
Quarter-turns:30
########################################
threaded imaging: 0.0944449901581
population: 0.0949831008911
Contour extraction: 0.186493873596
('R', 'O', 'Y', 'G', 'B', 'W')
colour extraction: 0.183320045471
['U', 'U', 'U', 'U', 'U', 'U', 'U', 'U', 'U', 'R', 'R', 'R', 'R', 'R', 'R', 'R', 'R', 'R', 'F', 'F', 'F', 'F', 'F', 'F', 'F', 'F', 'F', 'D', 'D', 'D', 'D', 'D', 'D', 'D', 'D', 'D', 'L', 'L', 'L', 'L', 'L', 'L', 'L', 'L', 'L', 'B', 'B', 'B', 'B', 'B', 'B', 'B', 'B', 'B']
post state: ['U', 'U', 'U', 'U', 'U', 'U', 'U', 'U', 'U', 'R', 'R', 'R', 'R', 'R', 'R', 'R', 'R', 'R', 'F', 'F', 'F', 'F', 'F', 'F', 'F', 'F', 'F', 'D', 'D', 'D', 'D', 'D', 'D', 'D', 'D', 'D', 'L', 'L', 'L', 'L', 'L', 'L', 'L', 'L', 'L', 'B', 'B', 'B', 'B', 'B', 'B', 'B', 'B', 'B']
Cube solved
iter: 9
scramble:R2 B' D2 U' B L2 D R U D L B2 R L' U R D' B2 R' F2 B2 U2 L D2 F U' D F' L' U L2
Serial timeout set to 10
threaded imaging: 0.114305973053
population: 0.114809989929
Contour extraction: 0.166054010391
('R', 'O', 'Y', 'G', 'B', 'W')
colour extraction: 0.176240921021
['L', 'R', 'F', 'D', 'U', 'B', 'L', 'L', 'R', 'U', 'R', 'R', 'D', 'R', 'D', 'D', 'R', 'U', 'F', 'F', 'B', 'U', 'F', 'L', 'D', 'F', 'L', 'R', 'U', 'B', 'U', 'D', 'D', 'F', 'L', 'B', 'U', 'B', 'D', 'F', 'L', 'B', 'D', 'L', 'B', 'U', 'U', 'F', 'F', 'B', 'R', 'L', 'B', 'R']
threaded imaging: 0.0867338180542
population: 0.087189912796
Contour extraction: 0.193800926208
('R', 'O', 'Y', 'G', 'B', 'W')
colour extraction: 0.206872940063
['L', 'R', 'F', 'D', 'U', 'B', 'L', 'L', 'R', 'U', 'R', 'R', 'D', 'R', 'D', 'D', 'R', 'U', 'F', 'F', 'B', 'U', 'F', 'L', 'D', 'F', 'L', 'R', 'U', 'B', 'U', 'D', 'D', 'F', 'L', 'B', 'U', 'B', 'D', 'F', 'L', 'B', 'D', 'L', 'B', 'U', 'U', 'F', 'F', 'B', 'R', 'L', 'B', 'R']
Cubie counts
Counter({'B': 9, 'D': 9, 'F': 9, 'L': 9, 'R': 9, 'U': 9})
Serial timeout set to 10
########################################
Elapsed time: 2.24517202377
CV Read time: 0.488445997238
Solve time:   0.172737121582
Motor time:   1.58398890495
Solution:     U F R U' R D' L' D' L' F B D' L2 F2 U2 F2 U F2 U R2 U
Face-turns:   21
Quarter-turns:27
########################################
threaded imaging: 0.0843391418457
population: 0.0851140022278
Contour extraction: 0.29000210762
('R', 'O', 'Y', 'G', 'B', 'W')
colour extraction: 0.215306997299
['U', 'U', 'U', 'U', 'U', 'U', 'U', 'U', 'U', 'R', 'R', 'R', 'R', 'R', 'R', 'R', 'R', 'R', 'F', 'F', 'F', 'F', 'F', 'F', 'F', 'F', 'F', 'D', 'D', 'D', 'D', 'D', 'D', 'D', 'D', 'D', 'L', 'L', 'L', 'L', 'L', 'L', 'L', 'L', 'L', 'B', 'B', 'B', 'B', 'B', 'B', 'B', 'B', 'B']
post state: ['U', 'U', 'U', 'U', 'U', 'U', 'U', 'U', 'U', 'R', 'R', 'R', 'R', 'R', 'R', 'R', 'R', 'R', 'F', 'F', 'F', 'F', 'F', 'F', 'F', 'F', 'F', 'D', 'D', 'D', 'D', 'D', 'D', 'D', 'D', 'D', 'L', 'L', 'L', 'L', 'L', 'L', 'L', 'L', 'L', 'B', 'B', 'B', 'B', 'B', 'B', 'B', 'B', 'B']
Cube solved
iter: 10
scramble:L' U F D' U2 F' L R2 U2 L B' L B F' R B' R2 B2 D F2 R L R' D' L2 U L2 R
Serial timeout set to 10
threaded imaging: 0.0829029083252
population: 0.0832290649414
Contour extraction: 0.205832004547
('R', 'O', 'Y', 'G', 'B', 'W')
colour extraction: 0.173204183578
['B', 'R', 'F', 'U', 'U', 'D', 'U', 'R', 'L', 'U', 'L', 'R', 'D', 'R', 'U', 'L', 'B', 'D', 'L', 'D', 'F', 'L', 'F', 'F', 'D', 'R', 'B', 'L', 'F', 'D', 'D', 'D', 'U', 'U', 'R', 'R', 'D', 'F', 'B', 'L', 'L', 'B', 'R', 'B', 'F', 'U', 'B', 'R', 'L', 'B', 'F', 'F', 'U', 'B']
threaded imaging: 0.102671861649
population: 0.103030920029
Contour extraction: 0.26248216629
('R', 'O', 'Y', 'G', 'B', 'W')
colour extraction: 0.177309989929
['B', 'R', 'F', 'U', 'U', 'D', 'U', 'R', 'L', 'U', 'L', 'R', 'D', 'R', 'U', 'L', 'B', 'D', 'L', 'D', 'F', 'L', 'F', 'F', 'D', 'R', 'B', 'L', 'F', 'D', 'D', 'D', 'U', 'U', 'R', 'R', 'D', 'F', 'B', 'L', 'L', 'B', 'R', 'B', 'F', 'U', 'B', 'R', 'L', 'B', 'F', 'F', 'U', 'B']
Cubie counts
Counter({'B': 9, 'D': 9, 'F': 9, 'L': 9, 'R': 9, 'U': 9})
Serial timeout set to 10
########################################
Elapsed time: 2.51721096039
CV Read time: 0.543379068375
Solve time:   0.300467967987
Motor time:   1.67336392403
Solution:     F L2 B' D L U' L U' R U R F2 D B2 L2 F2 U2 B2 U' F2 L2
Face-turns:   21
Quarter-turns:30
########################################
threaded imaging: 0.124885797501
population: 0.125294923782
Contour extraction: 0.327966928482
('R', 'O', 'Y', 'G', 'B', 'W')
colour extraction: 0.203871965408
['U', 'U', 'U', 'U', 'U', 'U', 'U', 'U', 'U', 'R', 'R', 'R', 'R', 'R', 'R', 'R', 'R', 'R', 'F', 'F', 'F', 'F', 'F', 'F', 'F', 'F', 'F', 'D', 'D', 'D', 'D', 'D', 'D', 'D', 'D', 'D', 'L', 'L', 'L', 'L', 'L', 'L', 'L', 'L', 'L', 'B', 'B', 'B', 'B', 'B', 'B', 'B', 'B', 'B']
post state: ['U', 'U', 'U', 'U', 'U', 'U', 'U', 'U', 'U', 'R', 'R', 'R', 'R', 'R', 'R', 'R', 'R', 'R', 'F', 'F', 'F', 'F', 'F', 'F', 'F', 'F', 'F', 'D', 'D', 'D', 'D', 'D', 'D', 'D', 'D', 'D', 'L', 'L', 'L', 'L', 'L', 'L', 'L', 'L', 'L', 'B', 'B', 'B', 'B', 'B', 'B', 'B', 'B', 'B']
Cube solved
iter: 11
scramble:L2 B' L B2 U F U2 R' F2 D U2 R D2 B2 D R F2 B' D' B' U2 F
Serial timeout set to 10
threaded imaging: 0.115168094635
population: 0.11558008194
Contour extraction: 0.196787118912
('R', 'O', 'Y', 'G', 'B', 'W')
colour extraction: 0.194001913071
['R', 'D', 'U', 'B', 'U', 'U', 'B', 'U', 'F', 'R', 'L', 'B', 'L', 'R', 'B', 'F', 'F', 'F', 'D', 'R', 'D', 'U', 'F', 'F', 'D', 'U', 'U', 'B', 'F', 'L', 'L', 'D', 'D', 'B', 'B', 'L', 'F', 'D', 'R', 'R', 'L', 'B', 'U', 'D', 'L', 'L', 'R', 'U', 'R', 'B', 'F', 'D', 'L', 'R']
threaded imaging: 0.110458135605
population: 0.110861063004
Contour extraction: 0.250378131866
('R', 'O', 'Y', 'G', 'B', 'W')
colour extraction: 0.194885969162
['R', 'D', 'U', 'B', 'U', 'U', 'B', 'U', 'F', 'R', 'L', 'B', 'L', 'R', 'B', 'F', 'F', 'F', 'D', 'R', 'D', 'U', 'F', 'F', 'D', 'U', 'U', 'B', 'F', 'L', 'L', 'D', 'D', 'B', 'B', 'L', 'F', 'D', 'R', 'R', 'L', 'B', 'U', 'D', 'L', 'L', 'R', 'U', 'R', 'B', 'F', 'D', 'L', 'R']
Cubie counts
Counter({'B': 9, 'D': 9, 'F': 9, 'L': 9, 'R': 9, 'U': 9})
Serial timeout set to 10
########################################
Elapsed time: 2.40671896935
CV Read time: 0.556775808334
Solve time:   0.237015008926
Motor time:   1.61292815208
Solution:     R' U D R D' B2 L' D2 F U' L U' B2 R2 F2 D' B2 D2 R2 B2
Face-turns:   20
Quarter-turns:29
########################################
threaded imaging: 0.0941269397736
population: 0.0944581031799
Contour extraction: 0.203673124313
('R', 'O', 'Y', 'G', 'B', 'W')
colour extraction: 0.20033788681
['U', 'U', 'U', 'U', 'U', 'U', 'U', 'U', 'U', 'R', 'R', 'R', 'R', 'R', 'R', 'R', 'R', 'R', 'F', 'F', 'F', 'F', 'F', 'F', 'F', 'F', 'F', 'D', 'D', 'D', 'D', 'D', 'D', 'D', 'D', 'D', 'L', 'L', 'L', 'L', 'L', 'L', 'L', 'L', 'L', 'B', 'B', 'B', 'B', 'B', 'B', 'B', 'B', 'B']
post state: ['U', 'U', 'U', 'U', 'U', 'U', 'U', 'U', 'U', 'R', 'R', 'R', 'R', 'R', 'R', 'R', 'R', 'R', 'F', 'F', 'F', 'F', 'F', 'F', 'F', 'F', 'F', 'D', 'D', 'D', 'D', 'D', 'D', 'D', 'D', 'D', 'L', 'L', 'L', 'L', 'L', 'L', 'L', 'L', 'L', 'B', 'B', 'B', 'B', 'B', 'B', 'B', 'B', 'B']
Cube solved
iter: 12
scramble:L R2 U B' D2 R B' F2 U2 R U L' B R' F2 U D F2 R2 L2 R2 B' D R D U' F B F' D' L D' B' R' D' B2 L B2 R'
Serial timeout set to 10
threaded imaging: 0.0751791000366
population: 0.075483083725
Contour extraction: 0.223165988922
('R', 'O', 'Y', 'G', 'B', 'W')
colour extraction: 0.185986042023
['L', 'D', 'L', 'U', 'U', 'L', 'R', 'B', 'D', 'F', 'B', 'U', 'U', 'R', 'F', 'L', 'D', 'D', 'F', 'D', 'R', 'F', 'F', 'F', 'R', 'B', 'B', 'U', 'U', 'D', 'R', 'D', 'F', 'D', 'D', 'B', 'U', 'L', 'U', 'R', 'L', 'R', 'F', 'U', 'B', 'B', 'L', 'F', 'L', 'B', 'B', 'R', 'R', 'L']
threaded imaging: 0.0824279785156
population: 0.0827450752258
Contour extraction: 0.22572517395
('R', 'O', 'Y', 'G', 'B', 'W')
colour extraction: 0.21669793129
['L', 'D', 'L', 'U', 'U', 'L', 'R', 'B', 'D', 'F', 'B', 'U', 'U', 'R', 'F', 'L', 'D', 'D', 'F', 'D', 'R', 'F', 'F', 'F', 'R', 'B', 'B', 'U', 'U', 'D', 'R', 'D', 'F', 'D', 'D', 'B', 'U', 'L', 'U', 'R', 'L', 'R', 'F', 'U', 'B', 'B', 'L', 'F', 'L', 'B', 'B', 'R', 'R', 'L']
Cubie counts
Counter({'B': 9, 'D': 9, 'F': 9, 'L': 9, 'R': 9, 'U': 9})
Serial timeout set to 10
########################################
Elapsed time: 2.78860712051
CV Read time: 0.525741100311
Solve time:   0.530886888504
Motor time:   1.7319791317
Solution:     L2 U' F R L2 D2 B' D' L2 D2 F' D' L2 U' B2 U D2 F2 B2 U' B2
Face-turns:   21
Quarter-turns:32
########################################
threaded imaging: 0.112497091293
population: 0.113085031509
Contour extraction: 0.359162092209
('R', 'O', 'Y', 'G', 'B', 'W')
colour extraction: 0.206738233566
['U', 'U', 'U', 'U', 'U', 'U', 'U', 'U', 'U', 'R', 'R', 'R', 'R', 'R', 'R', 'R', 'R', 'R', 'F', 'F', 'F', 'F', 'F', 'F', 'F', 'F', 'F', 'D', 'D', 'D', 'D', 'D', 'D', 'D', 'D', 'D', 'L', 'L', 'L', 'L', 'L', 'L', 'L', 'L', 'L', 'B', 'B', 'B', 'B', 'B', 'B', 'B', 'B', 'B']
post state: ['U', 'U', 'U', 'U', 'U', 'U', 'U', 'U', 'U', 'R', 'R', 'R', 'R', 'R', 'R', 'R', 'R', 'R', 'F', 'F', 'F', 'F', 'F', 'F', 'F', 'F', 'F', 'D', 'D', 'D', 'D', 'D', 'D', 'D', 'D', 'D', 'L', 'L', 'L', 'L', 'L', 'L', 'L', 'L', 'L', 'B', 'B', 'B', 'B', 'B', 'B', 'B', 'B', 'B']
Cube solved
iter: 13
scramble:U F R U' R' B' R' F2 B2 L D B D F2 D2 B F U F L' D B' R' U2 L' R' D2 B D2 U B' U D' R B2
Serial timeout set to 10
threaded imaging: 0.0949969291687
population: 0.0953371524811
Contour extraction: 0.217366933823
('R', 'O', 'Y', 'G', 'B', 'W')
colour extraction: 0.201334953308
['D', 'D', 'F', 'L', 'U', 'U', 'F', 'U', 'R', 'B', 'L', 'L', 'D', 'R', 'R', 'F', 'U', 'L', 'R', 'R', 'D', 'R', 'F', 'B', 'L', 'F', 'R', 'U', 'L', 'U', 'D', 'D', 'B', 'R', 'F', 'U', 'B', 'B', 'D', 'F', 'L', 'B', 'B', 'R', 'F', 'D', 'L', 'L', 'F', 'B', 'U', 'B', 'D', 'U']
threaded imaging: 0.0868320465088
population: 0.087121963501
Contour extraction: 0.25373005867
('R', 'O', 'Y', 'G', 'B', 'W')
colour extraction: 0.212574958801
['D', 'D', 'F', 'L', 'U', 'U', 'F', 'U', 'R', 'B', 'L', 'L', 'D', 'R', 'R', 'F', 'U', 'L', 'R', 'R', 'D', 'R', 'F', 'B', 'L', 'F', 'R', 'U', 'L', 'U', 'D', 'D', 'B', 'R', 'F', 'U', 'B', 'B', 'D', 'F', 'L', 'B', 'B', 'R', 'F', 'D', 'L', 'L', 'F', 'B', 'U', 'B', 'D', 'U']
Cubie counts
Counter({'B': 9, 'D': 9, 'F': 9, 'L': 9, 'R': 9, 'U': 9})
Serial timeout set to 10
########################################
Elapsed time: 2.228536129
CV Read time: 0.554017066956
Solve time:   0.00909399986267
Motor time:   1.66542506218
Solution:     U F2 R L2 F2 L2 B U R' F U2 R2 D L2 U' R2 U2 R2 D L2
Face-turns:   20
Quarter-turns:31
########################################
threaded imaging: 0.0917429924011
population: 0.09206199646
Contour extraction: 0.211220979691
('R', 'O', 'Y', 'G', 'B', 'W')
colour extraction: 0.199687957764
['U', 'U', 'U', 'U', 'U', 'U', 'U', 'U', 'U', 'R', 'R', 'R', 'R', 'R', 'R', 'R', 'R', 'R', 'F', 'F', 'F', 'F', 'F', 'F', 'F', 'F', 'F', 'D', 'D', 'D', 'D', 'D', 'D', 'D', 'D', 'D', 'L', 'L', 'L', 'L', 'L', 'L', 'L', 'L', 'L', 'B', 'B', 'B', 'B', 'B', 'B', 'B', 'B', 'B']
post state: ['U', 'U', 'U', 'U', 'U', 'U', 'U', 'U', 'U', 'R', 'R', 'R', 'R', 'R', 'R', 'R', 'R', 'R', 'F', 'F', 'F', 'F', 'F', 'F', 'F', 'F', 'F', 'D', 'D', 'D', 'D', 'D', 'D', 'D', 'D', 'D', 'L', 'L', 'L', 'L', 'L', 'L', 'L', 'L', 'L', 'B', 'B', 'B', 'B', 'B', 'B', 'B', 'B', 'B']
Cube solved
iter: 14
scramble:B2 F2 L' U F2 U' B D2 U2 F2 U2 L2 B' D2 U L' B L' U D2 B' R2 F U F R L2
Serial timeout set to 10
threaded imaging: 0.0807509422302
population: 0.0810251235962
Contour extraction: 0.219821929932
('R', 'O', 'Y', 'G', 'B', 'W')
colour extraction: 0.193706035614
['D', 'U', 'B', 'F', 'U', 'D', 'F', 'F', 'U', 'F', 'R', 'U', 'U', 'R', 'B', 'D', 'L', 'L', 'L', 'D', 'B', 'B', 'F', 'L', 'L', 'D', 'D', 'F', 'L', 'R', 'U', 'D', 'F', 'B', 'L', 'B', 'F', 'R', 'U', 'B', 'L', 'U', 'R', 'R', 'D', 'R', 'F', 'R', 'L', 'B', 'R', 'D', 'B', 'U']
threaded imaging: 0.0891859531403
population: 0.0895130634308
Contour extraction: 0.210111856461
('R', 'O', 'Y', 'G', 'B', 'W')
colour extraction: 0.184906959534
['D', 'U', 'B', 'F', 'U', 'D', 'F', 'F', 'R', 'F', 'R', 'U', 'U', 'R', 'B', 'D', 'L', 'L', 'L', 'B', 'D', 'B', 'F', 'L', 'L', 'D', 'U', 'F', 'L', 'R', 'U', 'D', 'F', 'B', 'L', 'B', 'F', 'R', 'U', 'B', 'L', 'U', 'L', 'R', 'D', 'R', 'F', 'R', 'D', 'B', 'R', 'D', 'B', 'U']
Cubie counts
Counter({'B': 9, 'D': 9, 'F': 9, 'L': 9, 'R': 9, 'U': 9})
FAIL
iter: 15
scramble:R F D2 F2 D2 U L U' R' L' U' B F D U' R2 B R2 F' D' L2 B' D B D2 L' U' D' R2 D U2 L' D'
Serial timeout set to 10
threaded imaging: 0.0820209980011
population: 0.0822858810425
Contour extraction: 0.228212118149
('R', 'O', 'Y', 'G', 'B', 'W')
colour extraction: 0.171670913696
['B', 'B', 'U', 'U', 'U', 'L', 'L', 'F', 'B', 'R', 'B', 'F', 'D', 'R', 'U', 'L', 'L', 'U', 'B', 'D', 'U', 'F', 'F', 'R', 'D', 'B', 'B', 'F', 'U', 'D', 'R', 'D', 'D', 'F', 'L', 'L', 'D', 'L', 'U', 'D', 'L', 'U', 'L', 'F', 'R', 'R', 'R', 'R', 'R', 'B', 'B', 'F', 'F', 'D']
threaded imaging: 0.0921161174774
population: 0.0925369262695
Contour extraction: 0.219482898712
('R', 'O', 'Y', 'G', 'B', 'W')
colour extraction: 0.198495864868
['B', 'B', 'U', 'U', 'U', 'L', 'L', 'F', 'B', 'R', 'B', 'F', 'D', 'R', 'U', 'L', 'L', 'U', 'B', 'D', 'U', 'F', 'F', 'R', 'D', 'B', 'B', 'F', 'U', 'D', 'R', 'D', 'D', 'F', 'L', 'L', 'D', 'L', 'U', 'D', 'L', 'U', 'L', 'F', 'R', 'R', 'R', 'R', 'R', 'B', 'B', 'F', 'F', 'D']
Cubie counts
Counter({'B': 9, 'D': 9, 'F': 9, 'L': 9, 'R': 9, 'U': 9})
Serial timeout set to 10
########################################
Elapsed time: 2.24752998352
CV Read time: 0.511124849319
Solve time:   0.0865521430969
Motor time:   1.6498529911
Solution:     U D F' U L D L' D' B U L F2 D B2 D2 L2 D R2 B2 R2 B2
Face-turns:   21
Quarter-turns:29
########################################
threaded imaging: 0.0834920406342
population: 0.0837619304657
Contour extraction: 0.237546920776
('R', 'O', 'Y', 'G', 'B', 'W')
colour extraction: 0.179201126099
['U', 'U', 'U', 'U', 'U', 'U', 'U', 'U', 'U', 'R', 'R', 'R', 'R', 'R', 'R', 'R', 'R', 'R', 'F', 'F', 'F', 'F', 'F', 'F', 'F', 'F', 'F', 'D', 'D', 'D', 'D', 'D', 'D', 'D', 'D', 'D', 'L', 'L', 'L', 'L', 'L', 'L', 'L', 'L', 'L', 'B', 'B', 'B', 'B', 'B', 'B', 'B', 'B', 'B']
post state: ['U', 'U', 'U', 'U', 'U', 'U', 'U', 'U', 'U', 'R', 'R', 'R', 'R', 'R', 'R', 'R', 'R', 'R', 'F', 'F', 'F', 'F', 'F', 'F', 'F', 'F', 'F', 'D', 'D', 'D', 'D', 'D', 'D', 'D', 'D', 'D', 'L', 'L', 'L', 'L', 'L', 'L', 'L', 'L', 'L', 'B', 'B', 'B', 'B', 'B', 'B', 'B', 'B', 'B']
Cube solved
iter: 16
scramble:U2 D2 L2 R2 F2 R U' D L2 U2 B' L' B' L' B' U' L2 F' L2 U D2 F' D' B R2 F2 B2 F2 D' U2 F R'
Serial timeout set to 10
threaded imaging: 0.110827922821
population: 0.111389160156
Contour extraction: 0.166760206223
('R', 'O', 'Y', 'G', 'B', 'W')
colour extraction: 0.17188000679
['D', 'U', 'B', 'D', 'U', 'F', 'U', 'B', 'R', 'U', 'L', 'D', 'U', 'R', 'D', 'B', 'U', 'U', 'R', 'L', 'B', 'F', 'F', 'L', 'U', 'B', 'R', 'F', 'U', 'D', 'D', 'D', 'F', 'D', 'F', 'B', 'L', 'R', 'F', 'R', 'L', 'D', 'R', 'L', 'L', 'L', 'R', 'F', 'B', 'B', 'B', 'L', 'R', 'F']
threaded imaging: 0.0771391391754
population: 0.0774371623993
Contour extraction: 0.163805961609
('R', 'O', 'Y', 'G', 'B', 'W')
colour extraction: 0.170956850052
['D', 'U', 'B', 'D', 'U', 'F', 'U', 'B', 'R', 'U', 'L', 'D', 'U', 'R', 'D', 'B', 'U', 'U', 'R', 'L', 'B', 'F', 'F', 'L', 'U', 'B', 'R', 'F', 'U', 'D', 'D', 'D', 'F', 'D', 'F', 'B', 'L', 'R', 'F', 'R', 'L', 'D', 'R', 'L', 'L', 'L', 'R', 'F', 'B', 'B', 'B', 'L', 'R', 'F']
Cubie counts
Counter({'B': 9, 'D': 9, 'F': 9, 'L': 9, 'R': 9, 'U': 9})
Serial timeout set to 10
########################################
Elapsed time: 2.03113508224
CV Read time: 0.412698030472
Solve time:   0.0102601051331
Motor time:   1.60817694664
Solution:     R U D' F' R B2 D' R2 D' L F2 R2 U R2 U2 F2 L2 D R2 D
Face-turns:   20
Quarter-turns:29
########################################
threaded imaging: 0.0975561141968
population: 0.0980980396271
Contour extraction: 0.177460193634
('R', 'O', 'Y', 'G', 'B', 'W')
colour extraction: 0.17090010643
['U', 'U', 'U', 'U', 'U', 'U', 'U', 'U', 'U', 'R', 'R', 'R', 'R', 'R', 'R', 'R', 'R', 'R', 'F', 'F', 'F', 'F', 'F', 'F', 'F', 'F', 'F', 'D', 'D', 'D', 'D', 'D', 'D', 'D', 'D', 'D', 'L', 'L', 'L', 'L', 'L', 'L', 'L', 'L', 'L', 'B', 'B', 'B', 'B', 'B', 'B', 'B', 'B', 'B']
post state: ['U', 'U', 'U', 'U', 'U', 'U', 'U', 'U', 'U', 'R', 'R', 'R', 'R', 'R', 'R', 'R', 'R', 'R', 'F', 'F', 'F', 'F', 'F', 'F', 'F', 'F', 'F', 'D', 'D', 'D', 'D', 'D', 'D', 'D', 'D', 'D', 'L', 'L', 'L', 'L', 'L', 'L', 'L', 'L', 'L', 'B', 'B', 'B', 'B', 'B', 'B', 'B', 'B', 'B']
Cube solved
iter: 17
scramble:D2 R B' L' R' D' F' B U D F2 R L' U B R' U' D2 L' R' F L F B2 U2 D F U' B' L' D'
Serial timeout set to 10
threaded imaging: 0.0993001461029
population: 0.0998709201813
Contour extraction: 0.198678016663
('R', 'O', 'Y', 'G', 'B', 'W')
colour extraction: 0.170292139053
['R', 'L', 'L', 'F', 'U', 'U', 'R', 'D', 'U', 'B', 'F', 'F', 'B', 'R', 'B', 'D', 'D', 'B', 'F', 'F', 'R', 'U', 'F', 'U', 'D', 'B', 'F', 'F', 'D', 'L', 'D', 'D', 'L', 'L', 'L', 'L', 'B', 'R', 'U', 'L', 'L', 'R', 'B', 'R', 'R', 'U', 'B', 'D', 'R', 'B', 'U', 'U', 'F', 'D']
threaded imaging: 0.0761489868164
population: 0.0765089988708
Contour extraction: 0.175324201584
('R', 'O', 'Y', 'G', 'B', 'W')
colour extraction: 0.17711520195
['R', 'L', 'L', 'F', 'U', 'U', 'R', 'D', 'U', 'B', 'F', 'F', 'B', 'R', 'B', 'D', 'D', 'B', 'F', 'F', 'R', 'U', 'F', 'U', 'D', 'B', 'F', 'F', 'D', 'L', 'D', 'D', 'L', 'L', 'L', 'L', 'B', 'R', 'U', 'L', 'L', 'R', 'B', 'R', 'R', 'U', 'B', 'D', 'R', 'B', 'U', 'U', 'F', 'D']
Cubie counts
Counter({'B': 9, 'D': 9, 'F': 9, 'L': 9, 'R': 9, 'U': 9})
Serial timeout set to 10
########################################
Elapsed time: 2.68649601936
CV Read time: 0.429439067841
Solve time:   0.525434017181
Motor time:   1.73162293434
Solution:     L2 B U' L' U' L2 B U2 R' U2 B' U B2 D R2 B2 R2 F2 D2 R2 D'
Face-turns:   21
Quarter-turns:32
########################################
threaded imaging: 0.0993158817291
population: 0.0998570919037
Contour extraction: 0.164811849594
('R', 'O', 'Y', 'G', 'B', 'W')
colour extraction: 0.178858041763
['U', 'U', 'U', 'U', 'U', 'U', 'U', 'U', 'U', 'R', 'R', 'R', 'R', 'R', 'R', 'R', 'R', 'R', 'F', 'F', 'F', 'F', 'F', 'F', 'F', 'F', 'F', 'D', 'D', 'D', 'D', 'D', 'D', 'D', 'D', 'D', 'L', 'L', 'L', 'L', 'L', 'L', 'L', 'L', 'L', 'B', 'B', 'B', 'B', 'B', 'B', 'B', 'B', 'B']
post state: ['U', 'U', 'U', 'U', 'U', 'U', 'U', 'U', 'U', 'R', 'R', 'R', 'R', 'R', 'R', 'R', 'R', 'R', 'F', 'F', 'F', 'F', 'F', 'F', 'F', 'F', 'F', 'D', 'D', 'D', 'D', 'D', 'D', 'D', 'D', 'D', 'L', 'L', 'L', 'L', 'L', 'L', 'L', 'L', 'L', 'B', 'B', 'B', 'B', 'B', 'B', 'B', 'B', 'B']
Cube solved
iter: 18
scramble:D' B' U' L U' R' U L2 F L' F2 B' F' R2 F2 U R D' R L' D F R' L F2 U F R'
Serial timeout set to 10
threaded imaging: 0.14798116684
population: 0.14833688736
Contour extraction: 0.20018696785
('R', 'O', 'Y', 'G', 'B', 'W')
colour extraction: 0.205010890961
['L', 'B', 'L', 'D', 'U', 'D', 'L', 'F', 'F', 'R', 'F', 'D', 'D', 'R', 'F', 'D', 'U', 'D', 'U', 'U', 'D', 'D', 'F', 'R', 'R', 'R', 'L', 'U', 'U', 'B', 'R', 'D', 'L', 'R', 'L', 'B', 'B', 'B', 'F', 'B', 'L', 'L', 'U', 'B', 'B', 'F', 'U', 'U', 'R', 'B', 'L', 'R', 'F', 'F']
threaded imaging: 0.111001968384
population: 0.111418962479
Contour extraction: 0.372565031052
('R', 'O', 'Y', 'G', 'B', 'W')
colour extraction: 0.198421001434
['L', 'B', 'L', 'D', 'U', 'D', 'L', 'F', 'F', 'R', 'F', 'D', 'D', 'R', 'F', 'D', 'U', 'D', 'U', 'U', 'D', 'D', 'F', 'R', 'R', 'R', 'L', 'U', 'U', 'B', 'R', 'D', 'L', 'R', 'L', 'B', 'B', 'B', 'F', 'B', 'L', 'L', 'U', 'B', 'B', 'F', 'U', 'U', 'R', 'B', 'L', 'R', 'F', 'F']
Cubie counts
Counter({'B': 9, 'D': 9, 'F': 9, 'L': 9, 'R': 9, 'U': 9})
Serial timeout set to 10
########################################
Elapsed time: 2.97891712189
CV Read time: 0.683084011078
Solve time:   0.554605960846
Motor time:   1.74122714996
Solution:     U F' R' D' R2 F L F' U' B D' F' U' B2 U2 B2 L2 U' D2 L2 D2 L2
Face-turns:   22
Quarter-turns:31
########################################
threaded imaging: 0.0923039913177
population: 0.092649936676
Contour extraction: 0.236798048019
('R', 'O', 'Y', 'G', 'B', 'W')
colour extraction: 0.191888093948
['U', 'U', 'U', 'U', 'U', 'U', 'U', 'U', 'U', 'R', 'R', 'R', 'R', 'R', 'R', 'R', 'R', 'R', 'F', 'F', 'F', 'F', 'F', 'F', 'F', 'F', 'F', 'D', 'D', 'D', 'D', 'D', 'D', 'D', 'D', 'D', 'L', 'L', 'L', 'L', 'L', 'L', 'L', 'L', 'L', 'B', 'B', 'B', 'B', 'B', 'B', 'B', 'B', 'B']
post state: ['U', 'U', 'U', 'U', 'U', 'U', 'U', 'U', 'U', 'R', 'R', 'R', 'R', 'R', 'R', 'R', 'R', 'R', 'F', 'F', 'F', 'F', 'F', 'F', 'F', 'F', 'F', 'D', 'D', 'D', 'D', 'D', 'D', 'D', 'D', 'D', 'L', 'L', 'L', 'L', 'L', 'L', 'L', 'L', 'L', 'B', 'B', 'B', 'B', 'B', 'B', 'B', 'B', 'B']
Cube solved
iter: 19
scramble:B2 F' B' F D R' F' R2 L B2 D B' L2 B' R L' U2 F2 L' B'
Serial timeout set to 10
threaded imaging: 0.0956709384918
population: 0.0960440635681
Contour extraction: 0.222244977951
('R', 'O', 'Y', 'G', 'B', 'W')
colour extraction: 0.194266080856
['D', 'F', 'F', 'L', 'U', 'D', 'D', 'F', 'L', 'U', 'B', 'R', 'U', 'R', 'R', 'F', 'D', 'B', 'F', 'U', 'F', 'L', 'F', 'B', 'R', 'U', 'L', 'U', 'L', 'D', 'R', 'D', 'L', 'B', 'R', 'D', 'R', 'F', 'R', 'D', 'L', 'B', 'L', 'B', 'B', 'U', 'D', 'B', 'U', 'B', 'R', 'L', 'F', 'U']
threaded imaging: 0.10011100769
population: 0.100448846817
Contour extraction: 0.268172025681
('R', 'O', 'Y', 'G', 'B', 'W')
colour extraction: 0.218971014023
['D', 'F', 'F', 'L', 'U', 'D', 'D', 'F', 'L', 'U', 'B', 'R', 'U', 'R', 'R', 'F', 'D', 'B', 'F', 'U', 'F', 'L', 'F', 'B', 'R', 'U', 'L', 'U', 'L', 'D', 'R', 'D', 'L', 'B', 'R', 'D', 'R', 'F', 'R', 'D', 'L', 'B', 'L', 'B', 'B', 'U', 'D', 'B', 'U', 'B', 'R', 'L', 'F', 'U']
Cubie counts
Counter({'B': 9, 'D': 9, 'F': 9, 'L': 9, 'R': 9, 'U': 9})
Serial timeout set to 10
########################################
Elapsed time: 2.18812394142
CV Read time: 0.588150024414
Solve time:   0.0231928825378
Motor time:   1.57678103447
Solution:     L' F D B' U D R L' U2 F' D R2 B2 U2 L2 B2 D' F2 B2 U
Face-turns:   20
Quarter-turns:28
########################################
threaded imaging: 0.0911331176758
population: 0.0914018154144
Contour extraction: 0.240658044815
('R', 'O', 'Y', 'G', 'B', 'W')
colour extraction: 0.226994991302
['U', 'U', 'U', 'U', 'U', 'U', 'U', 'U', 'U', 'R', 'R', 'R', 'R', 'R', 'R', 'R', 'R', 'R', 'F', 'F', 'F', 'F', 'F', 'F', 'F', 'F', 'F', 'D', 'D', 'D', 'D', 'D', 'D', 'D', 'D', 'D', 'L', 'L', 'L', 'L', 'L', 'L', 'L', 'L', 'L', 'B', 'B', 'B', 'B', 'B', 'B', 'B', 'B', 'B']
post state: ['U', 'U', 'U', 'U', 'U', 'U', 'U', 'U', 'U', 'R', 'R', 'R', 'R', 'R', 'R', 'R', 'R', 'R', 'F', 'F', 'F', 'F', 'F', 'F', 'F', 'F', 'F', 'D', 'D', 'D', 'D', 'D', 'D', 'D', 'D', 'D', 'L', 'L', 'L', 'L', 'L', 'L', 'L', 'L', 'L', 'B', 'B', 'B', 'B', 'B', 'B', 'B', 'B', 'B']
Cube solved
iter: 20
scramble:R L R2 F2 D F' B F D2 U2 D R2 D U F2 U2 D2 L' F' L' F U' R' U L2 F D' R2 L' B2 D' B2 L2 F' L
Serial timeout set to 10
threaded imaging: 0.109287977219
population: 0.10967206955
Contour extraction: 0.256186962128
('R', 'O', 'Y', 'G', 'B', 'W')
colour extraction: 0.209681987762
['D', 'U', 'F', 'B', 'U', 'L', 'U', 'B', 'U', 'L', 'D', 'L', 'R', 'R', 'U', 'B', 'L', 'F', 'B', 'D', 'B', 'U', 'F', 'D', 'U', 'D', 'R', 'R', 'F', 'D', 'R', 'D', 'F', 'D', 'R', 'U', 'F', 'U', 'R', 'B', 'L', 'R', 'L', 'F', 'F', 'D', 'F', 'R', 'L', 'B', 'L', 'L', 'B', 'B']
threaded imaging: 0.0747439861298
population: 0.0750589370728
Contour extraction: 0.168646097183
('R', 'O', 'Y', 'G', 'B', 'W')
colour extraction: 0.185563087463
['D', 'U', 'F', 'B', 'U', 'L', 'U', 'B', 'U', 'L', 'D', 'L', 'R', 'R', 'U', 'B', 'L', 'F', 'B', 'D', 'B', 'U', 'F', 'D', 'U', 'D', 'R', 'R', 'F', 'D', 'R', 'D', 'F', 'D', 'R', 'U', 'F', 'U', 'R', 'B', 'L', 'R', 'L', 'F', 'F', 'D', 'F', 'R', 'L', 'B', 'L', 'L', 'B', 'B']
Cubie counts
Counter({'B': 9, 'D': 9, 'F': 9, 'L': 9, 'R': 9, 'U': 9})
Serial timeout set to 10
########################################
Elapsed time: 2.3863670826
CV Read time: 0.42977809906
Solve time:   0.283515930176
Motor time:   1.67307305336
Solution:     L2 U D2 F D2 F L' F' B U' R' U' F2 R2 U B2 D' R2 B2 U L2
Face-turns:   21
Quarter-turns:30
########################################
threaded imaging: 0.110505104065
population: 0.110905885696
Contour extraction: 0.288282155991
('R', 'O', 'Y', 'G', 'B', 'W')
colour extraction: 0.236647129059
['U', 'U', 'U', 'U', 'U', 'U', 'U', 'U', 'U', 'R', 'R', 'R', 'R', 'R', 'R', 'R', 'R', 'R', 'F', 'F', 'F', 'F', 'F', 'F', 'F', 'F', 'F', 'D', 'D', 'D', 'D', 'D', 'D', 'D', 'D', 'D', 'L', 'L', 'L', 'L', 'L', 'L', 'L', 'L', 'L', 'B', 'B', 'B', 'B', 'B', 'B', 'B', 'B', 'B']
post state: ['U', 'U', 'U', 'U', 'U', 'U', 'U', 'U', 'U', 'R', 'R', 'R', 'R', 'R', 'R', 'R', 'R', 'R', 'F', 'F', 'F', 'F', 'F', 'F', 'F', 'F', 'F', 'D', 'D', 'D', 'D', 'D', 'D', 'D', 'D', 'D', 'L', 'L', 'L', 'L', 'L', 'L', 'L', 'L', 'L', 'B', 'B', 'B', 'B', 'B', 'B', 'B', 'B', 'B']
Cube solved
iter: 21
scramble:R L2 R D2 F2 B R' L' U' R2 U' R2 B L F' D' R2 D F2 R' F' U2 F D F L' R
Serial timeout set to 10
threaded imaging: 0.0889461040497
population: 0.0892739295959
Contour extraction: 0.285184860229
('R', 'O', 'Y', 'G', 'B', 'W')
colour extraction: 0.220129013062
['L', 'D', 'B', 'R', 'U', 'F', 'F', 'L', 'L', 'U', 'D', 'U', 'D', 'R', 'B', 'U', 'R', 'F', 'D', 'F', 'F', 'D', 'F', 'R', 'R', 'U', 'F', 'B', 'L', 'R', 'B', 'D', 'B', 'B', 'F', 'D', 'D', 'U', 'L', 'U', 'L', 'B', 'L', 'U', 'D', 'R', 'L', 'B', 'L', 'B', 'F', 'R', 'R', 'U']
threaded imaging: 0.0885508060455
population: 0.0888631343842
Contour extraction: 0.191856145859
('R', 'O', 'Y', 'G', 'B', 'W')
colour extraction: 0.20731306076
['L', 'D', 'B', 'R', 'U', 'F', 'F', 'L', 'L', 'U', 'D', 'U', 'D', 'R', 'B', 'U', 'R', 'F', 'D', 'F', 'F', 'D', 'F', 'R', 'R', 'U', 'F', 'B', 'L', 'R', 'B', 'D', 'B', 'B', 'F', 'D', 'D', 'U', 'L', 'U', 'L', 'B', 'L', 'U', 'D', 'R', 'L', 'B', 'L', 'B', 'F', 'R', 'R', 'U']
Cubie counts
Counter({'B': 9, 'D': 9, 'F': 9, 'L': 9, 'R': 9, 'U': 9})
Serial timeout set to 10
########################################
Elapsed time: 2.58501982689
CV Read time: 0.489099979401
Solve time:   0.384880065918
Motor time:   1.71103978157
Solution:     F D L U' F' R' D' F2 U R' F R2 U2 F2 R2 F2 B2 R2 U L2 U2
Face-turns:   21
Quarter-turns:31
########################################
threaded imaging: 0.0994389057159
population: 0.0998449325562
Contour extraction: 0.2143471241
('R', 'O', 'Y', 'G', 'B', 'W')
colour extraction: 0.203849077225
['U', 'U', 'U', 'U', 'U', 'U', 'U', 'U', 'U', 'R', 'R', 'R', 'R', 'R', 'R', 'R', 'R', 'R', 'F', 'F', 'F', 'F', 'F', 'F', 'F', 'F', 'F', 'D', 'D', 'D', 'D', 'D', 'D', 'D', 'D', 'D', 'L', 'L', 'L', 'L', 'L', 'L', 'L', 'L', 'L', 'B', 'B', 'B', 'B', 'B', 'B', 'B', 'B', 'B']
post state: ['U', 'U', 'U', 'U', 'U', 'U', 'U', 'U', 'U', 'R', 'R', 'R', 'R', 'R', 'R', 'R', 'R', 'R', 'F', 'F', 'F', 'F', 'F', 'F', 'F', 'F', 'F', 'D', 'D', 'D', 'D', 'D', 'D', 'D', 'D', 'D', 'L', 'L', 'L', 'L', 'L', 'L', 'L', 'L', 'L', 'B', 'B', 'B', 'B', 'B', 'B', 'B', 'B', 'B']
Cube solved
iter: 22
scramble:L2 B L B2 D U' F2 L2 F D' B2 R' L R' U' F' R L2 R' B2 R L' R D L2 B
Serial timeout set to 10
threaded imaging: 0.0935008525848
population: 0.0939981937408
Contour extraction: 0.192172050476
('R', 'O', 'Y', 'G', 'B', 'W')
colour extraction: 0.185092926025
['L', 'D', 'L', 'D', 'U', 'U', 'U', 'R', 'U', 'R', 'F', 'B', 'U', 'R', 'D', 'B', 'R', 'R', 'F', 'F', 'F', 'U', 'F', 'L', 'R', 'B', 'U', 'B', 'L', 'R', 'L', 'D', 'B', 'L', 'F', 'F', 'B', 'R', 'L', 'U', 'L', 'B', 'D', 'D', 'D', 'D', 'F', 'U', 'B', 'B', 'R', 'D', 'L', 'F']
threaded imaging: 0.0784039497375
population: 0.0787591934204
Contour extraction: 0.146684885025
('R', 'O', 'Y', 'G', 'B', 'W')
colour extraction: 0.188256025314
['L', 'D', 'L', 'D', 'U', 'U', 'U', 'R', 'U', 'R', 'F', 'B', 'U', 'R', 'D', 'B', 'R', 'R', 'F', 'F', 'F', 'U', 'F', 'L', 'R', 'B', 'U', 'B', 'L', 'R', 'L', 'D', 'B', 'L', 'F', 'F', 'B', 'R', 'L', 'U', 'L', 'B', 'D', 'D', 'D', 'D', 'F', 'U', 'B', 'B', 'R', 'D', 'L', 'F']
Cubie counts
Counter({'B': 9, 'D': 9, 'F': 9, 'L': 9, 'R': 9, 'U': 9})
Serial timeout set to 10
########################################
Elapsed time: 2.35741901398
CV Read time: 0.41422700882
Solve time:   0.205807924271
Motor time:   1.73738408089
Solution:     R2 U' D2 F L2 F B' U R D' F R2 F2 B2 R2 B2 R2 U2 D B2 D
Face-turns:   21
Quarter-turns:32
########################################
threaded imaging: 0.102333068848
population: 0.102735996246
Contour extraction: 0.208099842072
('R', 'O', 'Y', 'G', 'B', 'W')
colour extraction: 0.193681955338
['U', 'U', 'U', 'U', 'U', 'U', 'U', 'U', 'U', 'R', 'R', 'R', 'R', 'R', 'R', 'R', 'R', 'R', 'F', 'F', 'F', 'F', 'F', 'F', 'F', 'F', 'F', 'D', 'D', 'D', 'D', 'D', 'D', 'D', 'D', 'D', 'L', 'L', 'L', 'L', 'L', 'L', 'L', 'L', 'L', 'B', 'B', 'B', 'B', 'B', 'B', 'B', 'B', 'B']
post state: ['U', 'U', 'U', 'U', 'U', 'U', 'U', 'U', 'U', 'R', 'R', 'R', 'R', 'R', 'R', 'R', 'R', 'R', 'F', 'F', 'F', 'F', 'F', 'F', 'F', 'F', 'F', 'D', 'D', 'D', 'D', 'D', 'D', 'D', 'D', 'D', 'L', 'L', 'L', 'L', 'L', 'L', 'L', 'L', 'L', 'B', 'B', 'B', 'B', 'B', 'B', 'B', 'B', 'B']
Cube solved
iter: 23
scramble:D2 U2 B D2 B2 F2 B F2 L' B' D' B' D' F B2 D' B U2 R2 B F' L2 D2
Serial timeout set to 10
threaded imaging: 0.0966148376465
population: 0.0971009731293
Contour extraction: 0.188424110413
('R', 'O', 'Y', 'G', 'B', 'W')
colour extraction: 0.1782310009
['B', 'U', 'R', 'R', 'U', 'D', 'F', 'D', 'L', 'U', 'F', 'U', 'U', 'R', 'R', 'R', 'L', 'R', 'R', 'R', 'F', 'D', 'F', 'F', 'L', 'B', 'B', 'F', 'L', 'U', 'F', 'D', 'U', 'B', 'R', 'D', 'L', 'F', 'D', 'B', 'L', 'L', 'L', 'L', 'D', 'F', 'B', 'D', 'U', 'B', 'D', 'B', 'B', 'U']
threaded imaging: 0.0864880084991
population: 0.0867660045624
Contour extraction: 0.175416946411
('R', 'O', 'Y', 'G', 'B', 'W')
colour extraction: 0.180192947388
['B', 'U', 'R', 'R', 'U', 'D', 'F', 'D', 'L', 'U', 'F', 'U', 'U', 'R', 'R', 'R', 'L', 'R', 'R', 'R', 'F', 'D', 'F', 'F', 'L', 'B', 'B', 'F', 'L', 'U', 'F', 'D', 'U', 'B', 'R', 'D', 'L', 'F', 'D', 'B', 'L', 'L', 'L', 'L', 'D', 'F', 'B', 'D', 'U', 'B', 'D', 'B', 'B', 'U']
Cubie counts
Counter({'B': 9, 'D': 9, 'F': 9, 'L': 9, 'R': 9, 'U': 9})
Serial timeout set to 10
########################################
Elapsed time: 2.1487660408
CV Read time: 0.442937850952
Solve time:   0.0911102294922
Motor time:   1.61471796036
Solution:     U F2 U' R L' U B' R U D' R U R2 F2 B2 U F2 R2 D R2 U'
Face-turns:   21
Quarter-turns:28
########################################
threaded imaging: 0.103012084961
population: 0.103608131409
Contour extraction: 0.166659116745
('R', 'O', 'Y', 'G', 'B', 'W')
colour extraction: 0.177448987961
['U', 'U', 'U', 'U', 'U', 'U', 'U', 'U', 'U', 'R', 'R', 'R', 'R', 'R', 'R', 'R', 'R', 'R', 'F', 'F', 'F', 'F', 'F', 'F', 'F', 'F', 'F', 'D', 'D', 'D', 'D', 'D', 'D', 'D', 'D', 'D', 'L', 'L', 'L', 'L', 'L', 'L', 'L', 'L', 'L', 'B', 'B', 'B', 'B', 'B', 'B', 'B', 'B', 'B']
post state: ['U', 'U', 'U', 'U', 'U', 'U', 'U', 'U', 'U', 'R', 'R', 'R', 'R', 'R', 'R', 'R', 'R', 'R', 'F', 'F', 'F', 'F', 'F', 'F', 'F', 'F', 'F', 'D', 'D', 'D', 'D', 'D', 'D', 'D', 'D', 'D', 'L', 'L', 'L', 'L', 'L', 'L', 'L', 'L', 'L', 'B', 'B', 'B', 'B', 'B', 'B', 'B', 'B', 'B']
Cube solved
iter: 24
scramble:L' R L' B F2 U' B2 R2 D2 B D2 R' U' L' D F D' R2 B2 L2 U2 F L' U2 D B' F' D2 F' D2 R' U2 L' U2 B' U' L F' R'
Serial timeout set to 10
threaded imaging: 0.126718044281
population: 0.127345085144
Contour extraction: 0.223992109299
('R', 'O', 'Y', 'G', 'B', 'W')
colour extraction: 0.238192081451
['F', 'R', 'U', 'U', 'U', 'B', 'D', 'D', 'L', 'F', 'U', 'R', 'F', 'R', 'B', 'F', 'R', 'U', 'R', 'B', 'D', 'B', 'F', 'L', 'D', 'R', 'R', 'B', 'U', 'U', 'F', 'D', 'D', 'F', 'D', 'B', 'L', 'L', 'B', 'D', 'L', 'R', 'D', 'U', 'L', 'B', 'F', 'U', 'L', 'B', 'L', 'L', 'F', 'R']
threaded imaging: 0.100424051285
population: 0.100780010223
Contour extraction: 0.166878223419
('R', 'O', 'Y', 'G', 'B', 'W')
colour extraction: 0.178927183151
['F', 'R', 'U', 'U', 'U', 'B', 'D', 'D', 'L', 'F', 'U', 'R', 'F', 'R', 'B', 'F', 'R', 'U', 'R', 'B', 'D', 'B', 'F', 'L', 'D', 'R', 'R', 'B', 'U', 'U', 'F', 'D', 'D', 'F', 'D', 'B', 'L', 'L', 'B', 'D', 'L', 'R', 'D', 'U', 'L', 'B', 'F', 'U', 'L', 'B', 'L', 'L', 'F', 'R']
Cubie counts
Counter({'B': 9, 'D': 9, 'F': 9, 'L': 9, 'R': 9, 'U': 9})
Serial timeout set to 10
########################################
Elapsed time: 2.28190398216
CV Read time: 0.447106122971
Solve time:   0.184844970703
Motor time:   1.64995288849
Solution:     R D F' R' U' R2 U R' B' U F U2 R2 L2 D' R2 L2 U F2 R2 D
Face-turns:   21
Quarter-turns:29
########################################
threaded imaging: 0.0828170776367
population: 0.0831320285797
Contour extraction: 0.185230970383
('R', 'O', 'Y', 'G', 'B', 'W')
colour extraction: 0.190952777863
['U', 'U', 'U', 'U', 'U', 'U', 'U', 'U', 'U', 'R', 'R', 'R', 'R', 'R', 'R', 'R', 'R', 'R', 'F', 'F', 'F', 'F', 'F', 'F', 'F', 'F', 'F', 'D', 'D', 'D', 'D', 'D', 'D', 'D', 'D', 'D', 'L', 'L', 'L', 'L', 'L', 'L', 'L', 'L', 'L', 'B', 'B', 'B', 'B', 'B', 'B', 'B', 'B', 'B']
post state: ['U', 'U', 'U', 'U', 'U', 'U', 'U', 'U', 'U', 'R', 'R', 'R', 'R', 'R', 'R', 'R', 'R', 'R', 'F', 'F', 'F', 'F', 'F', 'F', 'F', 'F', 'F', 'D', 'D', 'D', 'D', 'D', 'D', 'D', 'D', 'D', 'L', 'L', 'L', 'L', 'L', 'L', 'L', 'L', 'L', 'B', 'B', 'B', 'B', 'B', 'B', 'B', 'B', 'B']
Cube solved
iter: 25
scramble:R' L2 D' R' U R2 L2 U' L' R D' U' D F' D' R2 L' F' B2 L2 F U' R2 F2 B2 L D2 B' F2 R' U R' D' F'
Serial timeout set to 10
threaded imaging: 0.113329172134
population: 0.113923788071
Contour extraction: 0.199681043625
('R', 'O', 'Y', 'G', 'B', 'W')
colour extraction: 0.207672119141
['D', 'D', 'U', 'U', 'U', 'U', 'R', 'L', 'U', 'L', 'R', 'L', 'D', 'R', 'L', 'U', 'U', 'R', 'B', 'F', 'B', 'D', 'F', 'F', 'F', 'F', 'R', 'D', 'U', 'B', 'B', 'D', 'B', 'U', 'F', 'F', 'B', 'L', 'D', 'D', 'L', 'B', 'F', 'R', 'L', 'F', 'R', 'L', 'B', 'B', 'L', 'D', 'R', 'R']
threaded imaging: 0.0847320556641
population: 0.0851199626923
Contour extraction: 0.225682020187
('R', 'O', 'Y', 'G', 'B', 'W')
colour extraction: 0.21959900856
['D', 'D', 'U', 'U', 'U', 'U', 'R', 'L', 'U', 'L', 'R', 'L', 'D', 'R', 'L', 'U', 'U', 'R', 'B', 'F', 'B', 'D', 'F', 'F', 'F', 'F', 'R', 'D', 'U', 'B', 'B', 'D', 'B', 'U', 'F', 'F', 'B', 'L', 'D', 'D', 'L', 'B', 'F', 'R', 'L', 'F', 'R', 'L', 'B', 'B', 'L', 'D', 'R', 'R']
Cubie counts
Counter({'B': 9, 'D': 9, 'F': 9, 'L': 9, 'R': 9, 'U': 9})
Serial timeout set to 10
########################################
Elapsed time: 2.36951494217
CV Read time: 0.530975103378
Solve time:   0.188428878784
Motor time:   1.65011096001
Solution:     U' F2 D' B U L2 F' U' R D B' D F2 U2 D' L2 F2 D' B2 D R2
Face-turns:   21
Quarter-turns:29
########################################
threaded imaging: 0.0787560939789
population: 0.079087972641
Contour extraction: 0.24561715126
('R', 'O', 'Y', 'G', 'B', 'W')
colour extraction: 0.199542999268
['U', 'U', 'U', 'U', 'U', 'U', 'U', 'U', 'U', 'R', 'R', 'R', 'R', 'R', 'R', 'R', 'R', 'R', 'F', 'F', 'F', 'F', 'F', 'F', 'F', 'F', 'F', 'D', 'D', 'D', 'D', 'D', 'D', 'D', 'D', 'D', 'L', 'L', 'L', 'L', 'L', 'L', 'L', 'L', 'L', 'B', 'B', 'B', 'B', 'B', 'B', 'B', 'B', 'B']
post state: ['U', 'U', 'U', 'U', 'U', 'U', 'U', 'U', 'U', 'R', 'R', 'R', 'R', 'R', 'R', 'R', 'R', 'R', 'F', 'F', 'F', 'F', 'F', 'F', 'F', 'F', 'F', 'D', 'D', 'D', 'D', 'D', 'D', 'D', 'D', 'D', 'L', 'L', 'L', 'L', 'L', 'L', 'L', 'L', 'L', 'B', 'B', 'B', 'B', 'B', 'B', 'B', 'B', 'B']
Cube solved
iter: 26
scramble:R L2 D B' D2 R' L2 U2 R' U2 B2 D' U D B2 R' F L2 D F' D' F B'
Serial timeout set to 10
threaded imaging: 0.0733051300049
population: 0.0736620426178
Contour extraction: 0.193539142609
('R', 'O', 'Y', 'G', 'B', 'W')
colour extraction: 0.191017866135
['R', 'R', 'L', 'D', 'U', 'D', 'U', 'B', 'L', 'F', 'R', 'B', 'B', 'R', 'L', 'U', 'F', 'B', 'B', 'R', 'D', 'U', 'F', 'U', 'L', 'F', 'B', 'U', 'U', 'L', 'L', 'D', 'D', 'F', 'R', 'R', 'D', 'L', 'R', 'D', 'L', 'L', 'R', 'B', 'F', 'D', 'U', 'F', 'F', 'B', 'B', 'D', 'F', 'U']
threaded imaging: 0.0791230201721
population: 0.0795459747314
Contour extraction: 0.15251994133
('R', 'O', 'Y', 'G', 'B', 'W')
colour extraction: 0.206905841827
['R', 'R', 'L', 'D', 'U', 'D', 'U', 'B', 'L', 'F', 'R', 'B', 'B', 'R', 'L', 'U', 'F', 'B', 'B', 'R', 'D', 'U', 'F', 'U', 'L', 'F', 'B', 'U', 'U', 'L', 'L', 'D', 'D', 'F', 'R', 'R', 'D', 'L', 'R', 'D', 'L', 'L', 'R', 'B', 'F', 'D', 'U', 'F', 'F', 'B', 'B', 'D', 'F', 'U']
Cubie counts
Counter({'B': 9, 'D': 9, 'F': 9, 'L': 9, 'R': 9, 'U': 9})
Serial timeout set to 10
########################################
Elapsed time: 2.48547697067
CV Read time: 0.439510822296
Solve time:   0.276031017303
Motor time:   1.76993513107
Solution:     F R2 L2 B U F' L B2 D2 R F B2 R2 U2 F2 D2 F2 D' B2 D L2
Face-turns:   21
Quarter-turns:33
########################################
threaded imaging: 0.0922381877899
population: 0.0925831794739
Contour extraction: 0.18806886673
('R', 'O', 'Y', 'G', 'B', 'W')
colour extraction: 0.259728908539
['U', 'U', 'U', 'U', 'U', 'U', 'U', 'U', 'U', 'R', 'R', 'R', 'R', 'R', 'R', 'R', 'R', 'R', 'F', 'F', 'F', 'F', 'F', 'F', 'F', 'F', 'F', 'D', 'D', 'D', 'D', 'D', 'D', 'D', 'D', 'D', 'L', 'L', 'L', 'L', 'L', 'L', 'L', 'L', 'L', 'B', 'B', 'B', 'B', 'B', 'B', 'B', 'B', 'B']
post state: ['U', 'U', 'U', 'U', 'U', 'U', 'U', 'U', 'U', 'R', 'R', 'R', 'R', 'R', 'R', 'R', 'R', 'R', 'F', 'F', 'F', 'F', 'F', 'F', 'F', 'F', 'F', 'D', 'D', 'D', 'D', 'D', 'D', 'D', 'D', 'D', 'L', 'L', 'L', 'L', 'L', 'L', 'L', 'L', 'L', 'B', 'B', 'B', 'B', 'B', 'B', 'B', 'B', 'B']
Cube solved
iter: 27
scramble:U' L2 B' F' R' U L2 R2 U' B' F' D B' F L U2 D2 U' F R2 B2 D R
Serial timeout set to 10
threaded imaging: 0.123113870621
population: 0.123460054398
Contour extraction: 0.308884859085
('R', 'O', 'Y', 'G', 'B', 'W')
colour extraction: 0.207748889923
['D', 'L', 'U', 'U', 'U', 'L', 'R', 'L', 'L', 'D', 'U', 'F', 'D', 'R', 'R', 'L', 'U', 'L', 'D', 'D', 'B', 'D', 'F', 'R', 'F', 'B', 'F', 'D', 'D', 'U', 'F', 'D', 'F', 'R', 'R', 'U', 'R', 'B', 'F', 'R', 'L', 'F', 'B', 'L', 'L', 'R', 'B', 'B', 'F', 'B', 'U', 'B', 'B', 'U']
threaded imaging: 0.0904860496521
population: 0.0907909870148
Contour extraction: 0.22975897789
('R', 'O', 'Y', 'G', 'B', 'W')
colour extraction: 0.213913202286
['D', 'L', 'U', 'U', 'U', 'L', 'R', 'L', 'L', 'D', 'U', 'F', 'D', 'R', 'R', 'L', 'U', 'L', 'D', 'D', 'B', 'D', 'F', 'R', 'F', 'B', 'F', 'D', 'D', 'U', 'F', 'D', 'F', 'R', 'R', 'U', 'R', 'B', 'F', 'R', 'L', 'F', 'B', 'L', 'L', 'R', 'B', 'B', 'F', 'B', 'U', 'B', 'B', 'U']
Cubie counts
Counter({'B': 9, 'D': 9, 'F': 9, 'L': 9, 'R': 9, 'U': 9})
Serial timeout set to 10
########################################
Elapsed time: 2.76381707191
CV Read time: 0.535044908524
Solve time:   0.488301038742
Motor time:   1.74047112465
Solution:     R2 F' D2 L' D' R2 U2 D' F L' B U2 R2 U B2 U2 R2 L2 U L2 D
Face-turns:   21
Quarter-turns:32
########################################
threaded imaging: 0.111533880234
population: 0.112023830414
Contour extraction: 0.244765996933
('R', 'O', 'Y', 'G', 'B', 'W')
colour extraction: 0.238713979721
['U', 'U', 'U', 'U', 'U', 'U', 'U', 'U', 'U', 'R', 'R', 'R', 'R', 'R', 'R', 'R', 'R', 'R', 'F', 'F', 'F', 'F', 'F', 'F', 'F', 'F', 'F', 'D', 'D', 'D', 'D', 'D', 'D', 'D', 'D', 'D', 'L', 'L', 'L', 'L', 'L', 'L', 'L', 'L', 'L', 'B', 'B', 'B', 'B', 'B', 'B', 'B', 'B', 'B']
post state: ['U', 'U', 'U', 'U', 'U', 'U', 'U', 'U', 'U', 'R', 'R', 'R', 'R', 'R', 'R', 'R', 'R', 'R', 'F', 'F', 'F', 'F', 'F', 'F', 'F', 'F', 'F', 'D', 'D', 'D', 'D', 'D', 'D', 'D', 'D', 'D', 'L', 'L', 'L', 'L', 'L', 'L', 'L', 'L', 'L', 'B', 'B', 'B', 'B', 'B', 'B', 'B', 'B', 'B']
Cube solved
iter: 28
scramble:B2 U2 B D' F R' L2 R' L2 B' U2 F2 L2 D' L U2 D' L2 R D2 L2 U2 R'
Serial timeout set to 10
threaded imaging: 0.0983910560608
population: 0.0987319946289
Contour extraction: 0.234885931015
('R', 'O', 'Y', 'G', 'B', 'W')
colour extraction: 0.200404167175
['B', 'L', 'U', 'R', 'U', 'B', 'R', 'R', 'B', 'U', 'U', 'R', 'L', 'R', 'R', 'D', 'B', 'D', 'F', 'F', 'F', 'D', 'F', 'B', 'B', 'D', 'F', 'D', 'L', 'L', 'U', 'D', 'R', 'B', 'D', 'R', 'U', 'D', 'U', 'F', 'L', 'F', 'L', 'L', 'R', 'B', 'F', 'L', 'U', 'B', 'U', 'F', 'D', 'L']
threaded imaging: 0.0951509475708
population: 0.0954251289368
Contour extraction: 0.216977119446
('R', 'O', 'Y', 'G', 'B', 'W')
colour extraction: 0.196798086166
['B', 'L', 'U', 'R', 'U', 'B', 'R', 'R', 'D', 'U', 'U', 'R', 'L', 'R', 'R', 'D', 'B', 'D', 'F', 'F', 'F', 'D', 'F', 'B', 'B', 'D', 'F', 'D', 'L', 'L', 'U', 'D', 'R', 'B', 'D', 'R', 'U', 'D', 'U', 'F', 'L', 'F', 'L', 'L', 'R', 'B', 'F', 'L', 'U', 'B', 'U', 'F', 'B', 'L']
Cubie counts
Counter({'B': 9, 'D': 9, 'F': 9, 'L': 9, 'R': 9, 'U': 9})
FAIL
iter: 29
scramble:F2 D' R' D B R2 L R2 L' B2 L' B' D2 L' B F B2 L R U D' L D2 B2 D' U' F2 B2 U2 R2 U F2 U D2 F2 U B2 D2 F
Serial timeout set to 10
threaded imaging: 0.104985952377
population: 0.105323076248
Contour extraction: 0.236187934875
('R', 'O', 'Y', 'G', 'B', 'W')
colour extraction: 0.236737966537
['B', 'F', 'F', 'L', 'U', 'F', 'U', 'D', 'B', 'D', 'U', 'U', 'D', 'R', 'B', 'B', 'D', 'L', 'L', 'F', 'R', 'B', 'F', 'L', 'U', 'U', 'D', 'R', 'R', 'L', 'F', 'D', 'R', 'R', 'U', 'D', 'R', 'B', 'B', 'R', 'L', 'D', 'F', 'L', 'F', 'L', 'R', 'U', 'U', 'B', 'B', 'F', 'L', 'D']
threaded imaging: 0.0946559906006
population: 0.095046043396
Contour extraction: 0.2538189888
('R', 'O', 'Y', 'G', 'B', 'W')
colour extraction: 0.226114988327
['B', 'F', 'F', 'L', 'U', 'F', 'U', 'D', 'B', 'D', 'U', 'U', 'D', 'R', 'B', 'B', 'D', 'L', 'L', 'F', 'R', 'B', 'F', 'L', 'U', 'U', 'D', 'R', 'R', 'L', 'F', 'D', 'R', 'R', 'U', 'D', 'R', 'B', 'B', 'R', 'L', 'D', 'F', 'L', 'F', 'L', 'R', 'U', 'U', 'B', 'B', 'F', 'L', 'D']
Cubie counts
Counter({'B': 9, 'D': 9, 'F': 9, 'L': 9, 'R': 9, 'U': 9})
Serial timeout set to 10
########################################
Elapsed time: 2.2175090313
CV Read time: 0.5755879879
Solve time:   0.0368390083313
Motor time:   1.60508203506
Solution:     U' R' F D2 L B' R' D2 F2 L D B2 U B2 D B2 D' L2 D2 B2
Face-turns:   20
Quarter-turns:29
########################################
threaded imaging: 0.0831470489502
population: 0.0834341049194
Contour extraction: 0.186841011047
('R', 'O', 'Y', 'G', 'B', 'W')
colour extraction: 0.26224899292
['U', 'U', 'U', 'U', 'U', 'U', 'U', 'U', 'U', 'R', 'R', 'R', 'R', 'R', 'R', 'R', 'R', 'R', 'F', 'F', 'F', 'F', 'F', 'F', 'F', 'F', 'F', 'D', 'D', 'D', 'D', 'D', 'D', 'D', 'D', 'D', 'L', 'L', 'L', 'L', 'L', 'L', 'L', 'L', 'L', 'B', 'B', 'B', 'B', 'B', 'B', 'B', 'B', 'B']
post state: ['U', 'U', 'U', 'U', 'U', 'U', 'U', 'U', 'U', 'R', 'R', 'R', 'R', 'R', 'R', 'R', 'R', 'R', 'F', 'F', 'F', 'F', 'F', 'F', 'F', 'F', 'F', 'D', 'D', 'D', 'D', 'D', 'D', 'D', 'D', 'D', 'L', 'L', 'L', 'L', 'L', 'L', 'L', 'L', 'L', 'B', 'B', 'B', 'B', 'B', 'B', 'B', 'B', 'B']
Cube solved
iter: 30
scramble:F' R2 B2 D' B U' R2 L2 D L' U2 D' F' D2 F2 U F2 L' U L' F2 U2 D' U' R2 L R
Serial timeout set to 10
threaded imaging: 0.100147008896
population: 0.100706100464
Contour extraction: 0.175894975662
('R', 'O', 'Y', 'G', 'B', 'W')
colour extraction: 0.178271055222
['L', 'R', 'B', 'D', 'U', 'B', 'B', 'U', 'U', 'B', 'R', 'D', 'D', 'R', 'D', 'F', 'F', 'L', 'R', 'B', 'D', 'B', 'F', 'R', 'F', 'B', 'D', 'U', 'L', 'R', 'R', 'D', 'L', 'F', 'F', 'D', 'U', 'L', 'U', 'L', 'L', 'D', 'R', 'U', 'R', 'L', 'F', 'F', 'F', 'B', 'U', 'B', 'U', 'L']
threaded imaging: 0.0828459262848
population: 0.0835139751434
Contour extraction: 0.226402997971
('R', 'O', 'Y', 'G', 'B', 'W')
colour extraction: 0.22209405899
['L', 'R', 'B', 'D', 'U', 'B', 'B', 'U', 'U', 'B', 'R', 'D', 'D', 'R', 'D', 'F', 'F', 'L', 'R', 'B', 'D', 'B', 'F', 'R', 'F', 'B', 'D', 'U', 'L', 'R', 'R', 'D', 'L', 'F', 'F', 'D', 'U', 'L', 'U', 'L', 'L', 'D', 'R', 'U', 'R', 'L', 'F', 'F', 'F', 'B', 'U', 'B', 'U', 'L']
Cubie counts
Counter({'B': 9, 'D': 9, 'F': 9, 'L': 9, 'R': 9, 'U': 9})
FAIL
iter: 31
scramble:B D2 B2 L F U' B L' B' U' B2 D' B D' U F B R2 B2 U2 R2 L U' F' R2 D L B2 F B L R' D' F2 D U2 R D F B
Serial timeout set to 10
threaded imaging: 0.0920660495758
population: 0.0923728942871
Contour extraction: 0.220188856125
('R', 'O', 'Y', 'G', 'B', 'W')
colour extraction: 0.231619119644
['L', 'D', 'F', 'L', 'U', 'R', 'B', 'L', 'R', 'F', 'U', 'D', 'B', 'R', 'F', 'B', 'R', 'U', 'R', 'U', 'U', 'D', 'F', 'R', 'B', 'B', 'L', 'D', 'D', 'U', 'U', 'D', 'D', 'D', 'F', 'L', 'F', 'F', 'U', 'L', 'L', 'L', 'L', 'B', 'R', 'R', 'F', 'D', 'R', 'B', 'B', 'F', 'U', 'B']
threaded imaging: 0.0847699642181
population: 0.0854880809784
Contour extraction: 0.251550912857
('R', 'O', 'Y', 'G', 'B', 'W')
colour extraction: 0.250262022018
['L', 'D', 'F', 'L', 'U', 'R', 'B', 'L', 'R', 'F', 'U', 'D', 'B', 'R', 'F', 'B', 'R', 'U', 'R', 'U', 'U', 'D', 'F', 'R', 'B', 'B', 'L', 'D', 'D', 'U', 'U', 'D', 'D', 'D', 'F', 'L', 'F', 'F', 'U', 'L', 'L', 'L', 'L', 'B', 'R', 'R', 'F', 'D', 'R', 'B', 'B', 'F', 'U', 'B']
Cubie counts
Counter({'B': 9, 'D': 9, 'F': 9, 'L': 9, 'R': 9, 'U': 9})
Serial timeout set to 10
########################################
Elapsed time: 2.57328486443
CV Read time: 0.588356018066
Solve time:   0.212353944778
Motor time:   1.77257490158
Solution:     R D' F2 L2 B2 R2 D R F U2 B' L2 U F2 U2 B2 D' R2 D' F2 U2
Face-turns:   21
Quarter-turns:33
########################################
threaded imaging: 0.0907599925995
population: 0.09108710289
Contour extraction: 0.29462480545
('R', 'O', 'Y', 'G', 'B', 'W')
colour extraction: 0.182422876358
['U', 'U', 'U', 'U', 'U', 'U', 'U', 'U', 'U', 'R', 'R', 'R', 'R', 'R', 'R', 'R', 'R', 'R', 'F', 'F', 'F', 'F', 'F', 'F', 'F', 'F', 'F', 'D', 'D', 'D', 'D', 'D', 'D', 'D', 'D', 'D', 'L', 'L', 'L', 'L', 'L', 'L', 'L', 'L', 'L', 'B', 'B', 'B', 'B', 'B', 'B', 'B', 'B', 'B']
post state: ['U', 'U', 'U', 'U', 'U', 'U', 'U', 'U', 'U', 'R', 'R', 'R', 'R', 'R', 'R', 'R', 'R', 'R', 'F', 'F', 'F', 'F', 'F', 'F', 'F', 'F', 'F', 'D', 'D', 'D', 'D', 'D', 'D', 'D', 'D', 'D', 'L', 'L', 'L', 'L', 'L', 'L', 'L', 'L', 'L', 'B', 'B', 'B', 'B', 'B', 'B', 'B', 'B', 'B']
Cube solved
iter: 32
scramble:F U F' L U' D U L2 D R2 B' D U R F' B R F R' D' F L' B'
Serial timeout set to 10
threaded imaging: 0.0911490917206
population: 0.0914928913116
Contour extraction: 0.262091159821
('R', 'O', 'Y', 'G', 'B', 'W')
colour extraction: 0.190174818039
['U', 'F', 'D', 'L', 'U', 'B', 'U', 'L', 'B', 'R', 'R', 'F', 'R', 'R', 'L', 'L', 'F', 'F', 'R', 'D', 'U', 'U', 'F', 'U', 'D', 'R', 'U', 'B', 'D', 'B', 'B', 'D', 'D', 'B', 'U', 'D', 'F', 'B', 'F', 'R', 'L', 'L', 'R', 'D', 'L', 'L', 'U', 'L', 'F', 'B', 'F', 'R', 'B', 'D']
threaded imaging: 0.0857601165771
population: 0.0860347747803
Contour extraction: 0.18011713028
('R', 'O', 'Y', 'G', 'B', 'W')
colour extraction: 0.178922176361
['U', 'F', 'D', 'L', 'U', 'B', 'U', 'L', 'B', 'R', 'R', 'F', 'R', 'R', 'L', 'L', 'F', 'F', 'R', 'D', 'U', 'U', 'F', 'U', 'D', 'R', 'U', 'B', 'D', 'B', 'B', 'D', 'D', 'B', 'U', 'D', 'F', 'B', 'F', 'R', 'L', 'L', 'R', 'D', 'L', 'L', 'U', 'L', 'F', 'B', 'F', 'R', 'B', 'D']
Cubie counts
Counter({'B': 9, 'D': 9, 'F': 9, 'L': 9, 'R': 9, 'U': 9})
Serial timeout set to 10
########################################
Elapsed time: 2.24882292747
CV Read time: 0.445594072342
Solve time:   0.0956659317017
Motor time:   1.70756292343
Solution:     U D R D2 L' B U2 F2 U' B2 L U' B2 D R2 D B2 L2 U2 B2 U'
Face-turns:   21
Quarter-turns:31
########################################
threaded imaging: 0.0922648906708
population: 0.092541217804
Contour extraction: 0.183542013168
('R', 'O', 'Y', 'G', 'B', 'W')
colour extraction: 0.179889917374
['U', 'U', 'U', 'U', 'U', 'U', 'U', 'U', 'U', 'R', 'R', 'R', 'R', 'R', 'R', 'R', 'R', 'R', 'F', 'F', 'F', 'F', 'F', 'F', 'F', 'F', 'F', 'D', 'D', 'D', 'D', 'D', 'D', 'D', 'D', 'D', 'L', 'L', 'L', 'L', 'L', 'L', 'L', 'L', 'L', 'B', 'B', 'B', 'B', 'B', 'B', 'B', 'B', 'B']
post state: ['U', 'U', 'U', 'U', 'U', 'U', 'U', 'U', 'U', 'R', 'R', 'R', 'R', 'R', 'R', 'R', 'R', 'R', 'F', 'F', 'F', 'F', 'F', 'F', 'F', 'F', 'F', 'D', 'D', 'D', 'D', 'D', 'D', 'D', 'D', 'D', 'L', 'L', 'L', 'L', 'L', 'L', 'L', 'L', 'L', 'B', 'B', 'B', 'B', 'B', 'B', 'B', 'B', 'B']
Cube solved
iter: 33
scramble:F2 U D2 B' U2 F' D B' F L2 U2 B D2 L2 U' L' B' R2 B2 U2 F2 U2 D' R2 D' U F2 L2 D2 R' U2 R2 L2
Serial timeout set to 10
threaded imaging: 0.0916981697083
population: 0.0919790267944
Contour extraction: 0.179986000061
('R', 'O', 'Y', 'G', 'B', 'W')
colour extraction: 0.229332208633
['D', 'U', 'F', 'L', 'U', 'B', 'U', 'B', 'R', 'D', 'R', 'R', 'F', 'R', 'R', 'L', 'F', 'F', 'F', 'L', 'F', 'B', 'F', 'R', 'R', 'L', 'U', 'U', 'U', 'B', 'D', 'D', 'U', 'B', 'R', 'L', 'B', 'D', 'L', 'L', 'L', 'D', 'R', 'F', 'B', 'U', 'B', 'L', 'D', 'B', 'F', 'D', 'U', 'D']
threaded imaging: 0.0895349979401
population: 0.0898509025574
Contour extraction: 0.182159900665
('R', 'O', 'Y', 'G', 'B', 'W')
colour extraction: 0.170465946198
['D', 'U', 'F', 'L', 'U', 'B', 'U', 'B', 'R', 'D', 'R', 'R', 'F', 'R', 'R', 'L', 'F', 'F', 'F', 'L', 'F', 'B', 'F', 'R', 'R', 'L', 'U', 'U', 'U', 'B', 'D', 'D', 'U', 'B', 'R', 'L', 'B', 'D', 'L', 'L', 'L', 'D', 'R', 'F', 'B', 'U', 'B', 'L', 'D', 'B', 'F', 'D', 'U', 'D']
Cubie counts
Counter({'B': 9, 'D': 9, 'F': 9, 'L': 9, 'R': 9, 'U': 9})
Serial timeout set to 10
########################################
Elapsed time: 2.61422109604
CV Read time: 0.442994117737
Solve time:   0.495559930801
Motor time:   1.6756670475
Solution:     D2 F' L' F' L2 F L' F' D F R' L2 U D2 F2 D L2 F2 U B2 U2
Face-turns:   21
Quarter-turns:30
########################################
threaded imaging: 0.0967209339142
population: 0.0970938205719
Contour extraction: 0.169226884842
('R', 'O', 'Y', 'G', 'B', 'W')
colour extraction: 0.170627832413
['U', 'U', 'U', 'U', 'U', 'U', 'U', 'U', 'U', 'R', 'R', 'R', 'R', 'R', 'R', 'R', 'R', 'R', 'F', 'F', 'F', 'F', 'F', 'F', 'F', 'F', 'F', 'D', 'D', 'D', 'D', 'D', 'D', 'D', 'D', 'D', 'L', 'L', 'L', 'L', 'L', 'L', 'L', 'L', 'L', 'B', 'B', 'B', 'B', 'B', 'B', 'B', 'B', 'B']
post state: ['U', 'U', 'U', 'U', 'U', 'U', 'U', 'U', 'U', 'R', 'R', 'R', 'R', 'R', 'R', 'R', 'R', 'R', 'F', 'F', 'F', 'F', 'F', 'F', 'F', 'F', 'F', 'D', 'D', 'D', 'D', 'D', 'D', 'D', 'D', 'D', 'L', 'L', 'L', 'L', 'L', 'L', 'L', 'L', 'L', 'B', 'B', 'B', 'B', 'B', 'B', 'B', 'B', 'B']
Cube solved
iter: 34
scramble:F' U2 F' D2 F B L2 F' B' L' R' L D2 U' L2 F2 R' U B2 F' R2 D F2
Serial timeout set to 10
threaded imaging: 0.0995988845825
population: 0.0999369621277
Contour extraction: 0.183506011963
('R', 'O', 'Y', 'G', 'B', 'W')
colour extraction: 0.169996976852
['D', 'R', 'B', 'U', 'U', 'B', 'B', 'D', 'F', 'U', 'L', 'L', 'D', 'R', 'D', 'F', 'U', 'R', 'L', 'B', 'R', 'B', 'F', 'L', 'L', 'D', 'D', 'U', 'F', 'R', 'F', 'D', 'L', 'R', 'B', 'D', 'L', 'F', 'D', 'R', 'L', 'U', 'B', 'L', 'F', 'U', 'F', 'F', 'R', 'B', 'U', 'B', 'R', 'U']
threaded imaging: 0.0792999267578
population: 0.0796058177948
Contour extraction: 0.172286987305
('R', 'O', 'Y', 'G', 'B', 'W')
colour extraction: 0.172688007355
['D', 'R', 'B', 'U', 'U', 'B', 'B', 'D', 'F', 'U', 'L', 'L', 'D', 'R', 'D', 'F', 'U', 'R', 'L', 'B', 'R', 'B', 'F', 'L', 'L', 'D', 'D', 'U', 'F', 'R', 'F', 'D', 'L', 'R', 'B', 'D', 'L', 'F', 'D', 'R', 'L', 'U', 'B', 'L', 'F', 'U', 'F', 'F', 'R', 'B', 'U', 'B', 'R', 'U']
Cubie counts
Counter({'B': 9, 'D': 9, 'F': 9, 'L': 9, 'R': 9, 'U': 9})
Serial timeout set to 10
########################################
Elapsed time: 2.20691585541
CV Read time: 0.425188064575
Solve time:   0.15146279335
Motor time:   1.63026499748
Solution:     R2 F' R' U F' D' F' B2 U F' R' D2 F2 L2 U2 F2 D F2 U2 L2
Face-turns:   20
Quarter-turns:30
########################################
threaded imaging: 0.0976619720459
population: 0.0980820655823
Contour extraction: 0.186506032944
('R', 'O', 'Y', 'G', 'B', 'W')
colour extraction: 0.173520088196
['U', 'U', 'U', 'U', 'U', 'U', 'U', 'U', 'U', 'R', 'R', 'R', 'R', 'R', 'R', 'R', 'R', 'R', 'F', 'F', 'F', 'F', 'F', 'F', 'F', 'F', 'F', 'D', 'D', 'D', 'D', 'D', 'D', 'D', 'D', 'D', 'L', 'L', 'L', 'L', 'L', 'L', 'L', 'L', 'L', 'B', 'B', 'B', 'B', 'B', 'B', 'B', 'B', 'B']
post state: ['U', 'U', 'U', 'U', 'U', 'U', 'U', 'U', 'U', 'R', 'R', 'R', 'R', 'R', 'R', 'R', 'R', 'R', 'F', 'F', 'F', 'F', 'F', 'F', 'F', 'F', 'F', 'D', 'D', 'D', 'D', 'D', 'D', 'D', 'D', 'D', 'L', 'L', 'L', 'L', 'L', 'L', 'L', 'L', 'L', 'B', 'B', 'B', 'B', 'B', 'B', 'B', 'B', 'B']
Cube solved
iter: 35
scramble:R' F2 U2 B2 L2 B U F2 R' L' F' D U2 B' F' L2 D L2 D' B2 F' D R2 B R' F R2 F' D L' U' F L2 D2
Serial timeout set to 10
threaded imaging: 0.0851449966431
population: 0.0854070186615
Contour extraction: 0.197167873383
('R', 'O', 'Y', 'G', 'B', 'W')
colour extraction: 0.177813053131
['R', 'R', 'L', 'U', 'U', 'L', 'D', 'L', 'R', 'B', 'F', 'F', 'L', 'R', 'B', 'F', 'F', 'F', 'B', 'B', 'D', 'R', 'F', 'U', 'B', 'R', 'L', 'U', 'B', 'D', 'F', 'D', 'U', 'U', 'L', 'R', 'D', 'R', 'L', 'B', 'L', 'F', 'R', 'D', 'L', 'U', 'D', 'F', 'D', 'B', 'U', 'U', 'D', 'B']
threaded imaging: 0.0887939929962
population: 0.0890328884125
Contour extraction: 0.182749032974
('R', 'O', 'Y', 'G', 'B', 'W')
colour extraction: 0.177398920059
['R', 'R', 'L', 'U', 'U', 'L', 'D', 'L', 'R', 'B', 'F', 'F', 'L', 'R', 'B', 'F', 'F', 'F', 'B', 'B', 'D', 'R', 'F', 'U', 'B', 'R', 'L', 'U', 'B', 'D', 'F', 'D', 'U', 'U', 'L', 'R', 'D', 'R', 'L', 'B', 'L', 'F', 'R', 'D', 'L', 'U', 'D', 'F', 'D', 'B', 'U', 'U', 'D', 'B']
Cubie counts
Counter({'B': 9, 'D': 9, 'F': 9, 'L': 9, 'R': 9, 'U': 9})
Serial timeout set to 10
########################################
Elapsed time: 2.50355410576
CV Read time: 0.449676036835
Solve time:   0.290889978409
Motor time:   1.76298809052
Solution:     L D' R2 B L2 B2 D L' D2 R' F R2 U' L2 D2 L2 F2 D B2 U2 F2
Face-turns:   21
Quarter-turns:33
########################################
threaded imaging: 0.109382867813
population: 0.109852075577
Contour extraction: 0.204307794571
('R', 'O', 'Y', 'G', 'B', 'W')
colour extraction: 0.179287910461
['U', 'U', 'U', 'U', 'U', 'U', 'U', 'U', 'U', 'R', 'R', 'R', 'R', 'R', 'R', 'R', 'R', 'R', 'F', 'F', 'F', 'F', 'F', 'F', 'F', 'F', 'F', 'D', 'D', 'D', 'D', 'D', 'D', 'D', 'D', 'D', 'L', 'L', 'L', 'L', 'L', 'L', 'L', 'L', 'L', 'B', 'B', 'B', 'B', 'B', 'B', 'B', 'B', 'B']
post state: ['U', 'U', 'U', 'U', 'U', 'U', 'U', 'U', 'U', 'R', 'R', 'R', 'R', 'R', 'R', 'R', 'R', 'R', 'F', 'F', 'F', 'F', 'F', 'F', 'F', 'F', 'F', 'D', 'D', 'D', 'D', 'D', 'D', 'D', 'D', 'D', 'L', 'L', 'L', 'L', 'L', 'L', 'L', 'L', 'L', 'B', 'B', 'B', 'B', 'B', 'B', 'B', 'B', 'B']
Cube solved
iter: 36
scramble:U R2 D' L2 B' R2 D' L U2 R' D' L U D F R2 L2 R' L' B2 F U
Serial timeout set to 10
threaded imaging: 0.104853153229
population: 0.105308771133
Contour extraction: 0.191456079483
('R', 'O', 'Y', 'G', 'B', 'W')
colour extraction: 0.17365694046
['L', 'D', 'D', 'F', 'U', 'U', 'R', 'R', 'R', 'U', 'F', 'F', 'B', 'R', 'L', 'L', 'F', 'B', 'D', 'B', 'B', 'L', 'F', 'D', 'R', 'L', 'B', 'B', 'U', 'D', 'F', 'D', 'R', 'U', 'U', 'L', 'U', 'L', 'F', 'R', 'L', 'D', 'F', 'D', 'D', 'L', 'R', 'F', 'B', 'B', 'U', 'U', 'B', 'R']
threaded imaging: 0.0856449604034
population: 0.0859241485596
Contour extraction: 0.190510034561
('R', 'O', 'Y', 'G', 'B', 'W')
colour extraction: 0.177852869034
['L', 'D', 'D', 'F', 'U', 'U', 'R', 'R', 'R', 'U', 'F', 'F', 'B', 'R', 'L', 'L', 'F', 'B', 'D', 'B', 'B', 'L', 'F', 'D', 'R', 'L', 'B', 'B', 'U', 'D', 'F', 'D', 'R', 'U', 'U', 'L', 'U', 'L', 'F', 'R', 'L', 'D', 'F', 'D', 'D', 'L', 'R', 'F', 'B', 'B', 'U', 'U', 'B', 'R']
Cubie counts
Counter({'B': 9, 'D': 9, 'F': 9, 'L': 9, 'R': 9, 'U': 9})
Serial timeout set to 10
########################################
Elapsed time: 2.36242890358
CV Read time: 0.45493388176
Solve time:   0.204081058502
Motor time:   1.70341396332
Solution:     U B2 U D R D R2 D R' U2 F' B2 R2 D' R2 B2 U R2 U' F2 R2
Face-turns:   21
Quarter-turns:31
########################################
threaded imaging: 0.127086162567
population: 0.127466917038
Contour extraction: 0.180135011673
('R', 'O', 'Y', 'G', 'B', 'W')
colour extraction: 0.189910173416
['U', 'U', 'U', 'U', 'U', 'U', 'U', 'U', 'U', 'R', 'R', 'R', 'R', 'R', 'R', 'R', 'R', 'R', 'F', 'F', 'F', 'F', 'F', 'F', 'F', 'F', 'F', 'D', 'D', 'D', 'D', 'D', 'D', 'D', 'D', 'D', 'L', 'L', 'L', 'L', 'L', 'L', 'L', 'L', 'L', 'B', 'B', 'B', 'B', 'B', 'B', 'B', 'B', 'B']
post state: ['U', 'U', 'U', 'U', 'U', 'U', 'U', 'U', 'U', 'R', 'R', 'R', 'R', 'R', 'R', 'R', 'R', 'R', 'F', 'F', 'F', 'F', 'F', 'F', 'F', 'F', 'F', 'D', 'D', 'D', 'D', 'D', 'D', 'D', 'D', 'D', 'L', 'L', 'L', 'L', 'L', 'L', 'L', 'L', 'L', 'B', 'B', 'B', 'B', 'B', 'B', 'B', 'B', 'B']
Cube solved
iter: 37
scramble:F' B' F B' R2 D2 R2 D2 U2 F' L' B L' R D' L R2 U2 D' R' L2 D2 U'
Serial timeout set to 10
threaded imaging: 0.0971398353577
population: 0.0973980426788
Contour extraction: 0.223044872284
('R', 'O', 'Y', 'G', 'B', 'W')
colour extraction: 0.255825996399
['L', 'U', 'R', 'R', 'U', 'L', 'B', 'B', 'F', 'R', 'B', 'B', 'D', 'R', 'U', 'R', 'D', 'L', 'L', 'L', 'D', 'L', 'F', 'B', 'B', 'U', 'U', 'U', 'B', 'F', 'U', 'D', 'L', 'R', 'F', 'F', 'F', 'F', 'D', 'R', 'L', 'F', 'D', 'R', 'L', 'U', 'R', 'D', 'F', 'B', 'D', 'U', 'D', 'B']
threaded imaging: 0.0720860958099
population: 0.0723659992218
Contour extraction: 0.165870189667
('R', 'O', 'Y', 'G', 'B', 'W')
colour extraction: 0.19220995903
['L', 'U', 'R', 'R', 'U', 'L', 'B', 'B', 'F', 'R', 'B', 'B', 'D', 'R', 'U', 'R', 'D', 'L', 'L', 'L', 'D', 'L', 'F', 'B', 'B', 'U', 'U', 'U', 'B', 'F', 'U', 'D', 'L', 'R', 'F', 'F', 'F', 'F', 'D', 'R', 'L', 'F', 'D', 'R', 'L', 'U', 'R', 'D', 'F', 'B', 'D', 'U', 'D', 'B']
Cubie counts
Counter({'B': 9, 'D': 9, 'F': 9, 'L': 9, 'R': 9, 'U': 9})
FAIL
iter: 38
scramble:L' R U R2 L2 B' U2 R' B F U2 R' U' B R U' L2 D2 F' B2 U' B L D2 U
Serial timeout set to 10
threaded imaging: 0.0825710296631
population: 0.0828919410706
Contour extraction: 0.200216054916
('R', 'O', 'Y', 'G', 'B', 'W')
colour extraction: 0.189913988113
['U', 'L', 'B', 'B', 'U', 'B', 'D', 'L', 'R', 'F', 'R', 'U', 'B', 'R', 'F', 'D', 'F', 'L', 'R', 'L', 'L', 'R', 'F', 'D', 'F', 'U', 'U', 'R', 'U', 'F', 'B', 'D', 'R', 'D', 'L', 'B', 'L', 'U', 'B', 'F', 'L', 'D', 'F', 'R', 'U', 'R', 'F', 'B', 'U', 'B', 'D', 'D', 'D', 'L']
threaded imaging: 0.0815920829773
population: 0.0818469524384
Contour extraction: 0.221522092819
('R', 'O', 'Y', 'G', 'B', 'W')
colour extraction: 0.192584037781
['U', 'L', 'B', 'B', 'U', 'B', 'D', 'L', 'R', 'F', 'R', 'U', 'B', 'R', 'F', 'D', 'F', 'L', 'R', 'L', 'L', 'R', 'F', 'D', 'F', 'U', 'U', 'R', 'U', 'F', 'B', 'D', 'R', 'D', 'L', 'B', 'L', 'U', 'B', 'F', 'L', 'D', 'F', 'L', 'U', 'R', 'F', 'B', 'U', 'B', 'D', 'D', 'D', 'R']
Cubie counts
Counter({'B': 9, 'D': 9, 'F': 9, 'L': 9, 'R': 9, 'U': 9})
FAIL
iter: 39
scramble:F2 R' D2 F L2 U' F B L U2 L' B D' U' R L' F' B L' R2 B2 F' R L' B2 R2 B' U' B2 U2 D2 L2 F R
Serial timeout set to 10
threaded imaging: 0.110007047653
population: 0.110519170761
Contour extraction: 0.179836988449
('R', 'O', 'Y', 'G', 'B', 'W')
colour extraction: 0.189270973206
['U', 'D', 'F', 'U', 'U', 'D', 'F', 'R', 'F', 'D', 'R', 'R', 'B', 'R', 'D', 'U', 'U', 'D', 'L', 'F', 'L', 'R', 'F', 'L', 'D', 'F', 'R', 'R', 'L', 'B', 'B', 'D', 'L', 'D', 'F', 'L', 'L', 'R', 'U', 'F', 'L', 'B', 'R', 'U', 'B', 'U', 'B', 'B', 'L', 'B', 'U', 'B', 'D', 'F']
threaded imaging: 0.0766220092773
population: 0.0771119594574
Contour extraction: 0.159745931625
('R', 'O', 'Y', 'G', 'B', 'W')
colour extraction: 0.19287610054
['U', 'D', 'F', 'U', 'U', 'D', 'F', 'R', 'F', 'D', 'R', 'R', 'B', 'R', 'D', 'U', 'U', 'D', 'L', 'F', 'L', 'R', 'F', 'L', 'D', 'F', 'R', 'R', 'L', 'B', 'B', 'D', 'L', 'D', 'F', 'L', 'L', 'R', 'U', 'F', 'L', 'B', 'R', 'U', 'B', 'U', 'B', 'B', 'L', 'B', 'U', 'B', 'D', 'F']
Cubie counts
Counter({'B': 9, 'D': 9, 'F': 9, 'L': 9, 'R': 9, 'U': 9})
Serial timeout set to 10
########################################
Elapsed time: 2.38971090317
CV Read time: 0.43045592308
Solve time:   0.311694145203
Motor time:   1.64756083488
Solution:     D' F B2 R' D' B L' B2 U' D R D' B2 R2 U' B2 U L2 U2 F2 U'
Face-turns:   21
Quarter-turns:29
########################################
threaded imaging: 0.106771945953
population: 0.107345104218
Contour extraction: 0.157163858414
('R', 'O', 'Y', 'G', 'B', 'W')
colour extraction: 0.18573307991
['U', 'U', 'U', 'U', 'U', 'U', 'U', 'U', 'U', 'R', 'R', 'R', 'R', 'R', 'R', 'R', 'R', 'R', 'F', 'F', 'F', 'F', 'F', 'F', 'F', 'F', 'F', 'D', 'D', 'D', 'D', 'D', 'D', 'D', 'D', 'D', 'L', 'L', 'L', 'L', 'L', 'L', 'L', 'L', 'L', 'B', 'B', 'B', 'B', 'B', 'B', 'B', 'B', 'B']
post state: ['U', 'U', 'U', 'U', 'U', 'U', 'U', 'U', 'U', 'R', 'R', 'R', 'R', 'R', 'R', 'R', 'R', 'R', 'F', 'F', 'F', 'F', 'F', 'F', 'F', 'F', 'F', 'D', 'D', 'D', 'D', 'D', 'D', 'D', 'D', 'D', 'L', 'L', 'L', 'L', 'L', 'L', 'L', 'L', 'L', 'B', 'B', 'B', 'B', 'B', 'B', 'B', 'B', 'B']
Cube solved
iter: 40
scramble:D' R L2 D' F' D2 U D2 U' F R2 D' U F' U F U2 B' L B2 R' F U' L R2 U B2 L2
Serial timeout set to 10
threaded imaging: 0.0977370738983
population: 0.098356962204
Contour extraction: 0.169317007065
('R', 'O', 'Y', 'G', 'B', 'W')
colour extraction: 0.182072162628
['U', 'L', 'R', 'R', 'U', 'B', 'R', 'B', 'U', 'R', 'R', 'B', 'L', 'R', 'L', 'B', 'D', 'L', 'B', 'U', 'F', 'F', 'F', 'U', 'L', 'R', 'D', 'F', 'U', 'L', 'R', 'D', 'F', 'R', 'L', 'U', 'F', 'F', 'D', 'D', 'L', 'U', 'F', 'D', 'D', 'U', 'F', 'L', 'B', 'B', 'B', 'B', 'D', 'D']
threaded imaging: 0.0785691738129
population: 0.0788159370422
Contour extraction: 0.180817127228
('R', 'O', 'Y', 'G', 'B', 'W')
colour extraction: 0.170919179916
['U', 'L', 'R', 'R', 'U', 'B', 'R', 'B', 'U', 'R', 'R', 'B', 'L', 'R', 'L', 'B', 'D', 'L', 'B', 'U', 'F', 'F', 'F', 'U', 'L', 'R', 'D', 'F', 'U', 'L', 'R', 'D', 'F', 'R', 'L', 'U', 'F', 'F', 'D', 'D', 'L', 'U', 'F', 'D', 'D', 'U', 'F', 'L', 'B', 'B', 'B', 'B', 'D', 'D']
Cubie counts
Counter({'B': 9, 'D': 9, 'F': 9, 'L': 9, 'R': 9, 'U': 9})
Serial timeout set to 10
########################################
Elapsed time: 2.98046398163
CV Read time: 0.431039094925
Solve time:   0.808876037598
Motor time:   1.74054884911
Solution:     U2 F' D R2 D' L F' R' B' R' L F' U R2 B2 U F2 U2 B2 U' F2 L2
Face-turns:   22
Quarter-turns:31
########################################
threaded imaging: 0.0949900150299
population: 0.0954802036285
Contour extraction: 0.207020998001
('R', 'O', 'Y', 'G', 'B', 'W')
colour extraction: 0.171021938324
['U', 'U', 'U', 'U', 'U', 'U', 'U', 'U', 'U', 'R', 'R', 'R', 'R', 'R', 'R', 'R', 'R', 'R', 'F', 'F', 'F', 'F', 'F', 'F', 'F', 'F', 'F', 'D', 'D', 'D', 'D', 'D', 'D', 'D', 'D', 'D', 'L', 'L', 'L', 'L', 'L', 'L', 'L', 'L', 'L', 'B', 'B', 'B', 'B', 'B', 'B', 'B', 'B', 'B']
post state: ['U', 'U', 'U', 'U', 'U', 'U', 'U', 'U', 'U', 'R', 'R', 'R', 'R', 'R', 'R', 'R', 'R', 'R', 'F', 'F', 'F', 'F', 'F', 'F', 'F', 'F', 'F', 'D', 'D', 'D', 'D', 'D', 'D', 'D', 'D', 'D', 'L', 'L', 'L', 'L', 'L', 'L', 'L', 'L', 'L', 'B', 'B', 'B', 'B', 'B', 'B', 'B', 'B', 'B']
Cube solved
iter: 41
scramble:L2 B2 U B2 U2 B' U2 R2 L2 U' F2 D2 U' L D B2 R L D2 L'
Serial timeout set to 10
threaded imaging: 0.116097211838
population: 0.116561889648
Contour extraction: 0.186162948608
('R', 'O', 'Y', 'G', 'B', 'W')
colour extraction: 0.170711994171
['F', 'U', 'R', 'B', 'U', 'L', 'B', 'U', 'R', 'D', 'D', 'B', 'B', 'R', 'F', 'B', 'R', 'U', 'L', 'B', 'F', 'D', 'F', 'R', 'U', 'F', 'R', 'L', 'L', 'D', 'U', 'D', 'D', 'D', 'R', 'F', 'L', 'L', 'D', 'R', 'L', 'B', 'F', 'L', 'B', 'U', 'F', 'U', 'D', 'B', 'F', 'R', 'U', 'L']
threaded imaging: 0.0724990367889
population: 0.0727298259735
Contour extraction: 0.174718856812
('R', 'O', 'Y', 'G', 'B', 'W')
colour extraction: 0.170181035995
['F', 'U', 'R', 'B', 'U', 'L', 'B', 'U', 'R', 'D', 'D', 'B', 'B', 'R', 'F', 'B', 'R', 'U', 'L', 'B', 'F', 'D', 'F', 'R', 'U', 'F', 'R', 'L', 'L', 'D', 'U', 'D', 'D', 'D', 'R', 'F', 'L', 'L', 'D', 'R', 'L', 'B', 'F', 'L', 'B', 'U', 'F', 'U', 'D', 'B', 'F', 'R', 'U', 'L']
Cubie counts
Counter({'B': 9, 'D': 9, 'F': 9, 'L': 9, 'R': 9, 'U': 9})
Serial timeout set to 10
########################################
Elapsed time: 2.5481710434
CV Read time: 0.418273925781
Solve time:   0.409074068069
Motor time:   1.72082304955
Solution:     R' L2 B2 R2 F2 U' L' D' B2 U' B D2 B2 D' R2 U2 F2 R2 B2 U2
Face-turns:   20
Quarter-turns:33
########################################
threaded imaging: 0.099730014801
population: 0.100171089172
Contour extraction: 0.197623968124
('R', 'O', 'Y', 'G', 'B', 'W')
colour extraction: 0.170706987381
['U', 'U', 'U', 'U', 'U', 'U', 'U', 'U', 'U', 'R', 'R', 'R', 'R', 'R', 'R', 'R', 'R', 'R', 'F', 'F', 'F', 'F', 'F', 'F', 'F', 'F', 'F', 'D', 'D', 'D', 'D', 'D', 'D', 'D', 'D', 'D', 'L', 'L', 'L', 'L', 'L', 'L', 'L', 'L', 'L', 'B', 'B', 'B', 'B', 'B', 'B', 'B', 'B', 'B']
post state: ['U', 'U', 'U', 'U', 'U', 'U', 'U', 'U', 'U', 'R', 'R', 'R', 'R', 'R', 'R', 'R', 'R', 'R', 'F', 'F', 'F', 'F', 'F', 'F', 'F', 'F', 'F', 'D', 'D', 'D', 'D', 'D', 'D', 'D', 'D', 'D', 'L', 'L', 'L', 'L', 'L', 'L', 'L', 'L', 'L', 'B', 'B', 'B', 'B', 'B', 'B', 'B', 'B', 'B']
Cube solved
iter: 42
scramble:U' D' U2 R2 B2 L' R D' B' F' L U' F R D' U2 F2 D2 L R' F' B' R U D2 R2 B2
Serial timeout set to 10
threaded imaging: 0.110825777054
population: 0.111207962036
Contour extraction: 0.180174827576
('R', 'O', 'Y', 'G', 'B', 'W')
colour extraction: 0.170105934143
['D', 'R', 'F', 'U', 'U', 'U', 'L', 'U', 'B', 'D', 'L', 'R', 'U', 'R', 'B', 'D', 'B', 'L', 'F', 'R', 'R', 'D', 'F', 'B', 'B', 'B', 'R', 'R', 'L', 'F', 'F', 'D', 'D', 'F', 'D', 'U', 'B', 'F', 'D', 'F', 'L', 'L', 'U', 'L', 'U', 'U', 'F', 'L', 'R', 'B', 'D', 'B', 'R', 'L']
threaded imaging: 0.0862610340118
population: 0.0865309238434
Contour extraction: 0.171962022781
('R', 'O', 'Y', 'G', 'B', 'W')
colour extraction: 0.170856952667
['D', 'R', 'F', 'U', 'U', 'U', 'L', 'U', 'B', 'D', 'L', 'R', 'U', 'R', 'B', 'D', 'B', 'L', 'F', 'R', 'R', 'D', 'F', 'B', 'B', 'B', 'R', 'R', 'L', 'F', 'F', 'D', 'D', 'F', 'D', 'U', 'B', 'F', 'D', 'F', 'L', 'L', 'U', 'L', 'U', 'U', 'F', 'L', 'R', 'B', 'D', 'B', 'R', 'L']
Cubie counts
Counter({'B': 9, 'D': 9, 'F': 9, 'L': 9, 'R': 9, 'U': 9})
Serial timeout set to 10
########################################
Elapsed time: 2.25170207024
CV Read time: 0.429863929749
Solve time:   0.0827829837799
Motor time:   1.73905515671
Solution:     U F L F2 U R2 F D F2 U' R B2 U' F2 U L2 U2 L2 F2 R2 F2
Face-turns:   21
Quarter-turns:32
########################################
threaded imaging: 0.108463048935
population: 0.108952999115
Contour extraction: 0.180346012115
('R', 'O', 'Y', 'G', 'B', 'W')
colour extraction: 0.172275066376
['U', 'U', 'U', 'U', 'U', 'U', 'U', 'U', 'U', 'R', 'R', 'R', 'R', 'R', 'R', 'R', 'R', 'R', 'F', 'F', 'F', 'F', 'F', 'F', 'F', 'F', 'F', 'D', 'D', 'D', 'D', 'D', 'D', 'D', 'D', 'D', 'L', 'L', 'L', 'L', 'L', 'L', 'L', 'L', 'L', 'B', 'B', 'B', 'B', 'B', 'B', 'B', 'B', 'B']
post state: ['U', 'U', 'U', 'U', 'U', 'U', 'U', 'U', 'U', 'R', 'R', 'R', 'R', 'R', 'R', 'R', 'R', 'R', 'F', 'F', 'F', 'F', 'F', 'F', 'F', 'F', 'F', 'D', 'D', 'D', 'D', 'D', 'D', 'D', 'D', 'D', 'L', 'L', 'L', 'L', 'L', 'L', 'L', 'L', 'L', 'B', 'B', 'B', 'B', 'B', 'B', 'B', 'B', 'B']
Cube solved
iter: 43
scramble:B' F2 R2 F U2 D' L' R2 L' D2 F' B' L' D F' L2 F U F' U' D2 F2 U D2 R B' L R D2 B2 D2 U F2
Serial timeout set to 10
threaded imaging: 0.0980160236359
population: 0.0985209941864
Contour extraction: 0.179371118546
('R', 'O', 'Y', 'G', 'B', 'W')
colour extraction: 0.169939041138
['B', 'U', 'B', 'D', 'U', 'L', 'U', 'L', 'U', 'L', 'U', 'D', 'R', 'R', 'L', 'B', 'D', 'U', 'R', 'F', 'B', 'F', 'F', 'D', 'R', 'B', 'U', 'D', 'D', 'R', 'U', 'D', 'F', 'F', 'F', 'L', 'D', 'L', 'F', 'R', 'L', 'R', 'L', 'R', 'F', 'L', 'B', 'R', 'B', 'B', 'B', 'F', 'U', 'D']
threaded imaging: 0.0869631767273
population: 0.0872740745544
Contour extraction: 0.163293123245
('R', 'O', 'Y', 'G', 'B', 'W')
colour extraction: 0.215025901794
['B', 'U', 'B', 'D', 'U', 'L', 'U', 'L', 'U', 'L', 'U', 'D', 'R', 'R', 'L', 'B', 'D', 'U', 'R', 'F', 'B', 'F', 'F', 'D', 'R', 'B', 'U', 'D', 'D', 'R', 'U', 'D', 'F', 'F', 'F', 'L', 'D', 'L', 'F', 'R', 'L', 'R', 'L', 'R', 'F', 'L', 'B', 'R', 'B', 'B', 'B', 'F', 'U', 'D']
Cubie counts
Counter({'B': 9, 'D': 9, 'F': 9, 'L': 9, 'R': 9, 'U': 9})
Serial timeout set to 10
########################################
Elapsed time: 2.07766389847
CV Read time: 0.466331958771
Solve time:   0.00814914703369
Motor time:   1.60318279266
Solution:     U2 R' D2 L' D2 B' R D2 L U D2 L2 D' L2 F2 L2 U2 B2 D'
Face-turns:   19
Quarter-turns:30
########################################
threaded imaging: 0.110776185989
population: 0.111267089844
Contour extraction: 0.172293901443
('R', 'O', 'Y', 'G', 'B', 'W')
colour extraction: 0.170050144196
['U', 'U', 'U', 'U', 'U', 'U', 'U', 'U', 'U', 'R', 'R', 'R', 'R', 'R', 'R', 'R', 'R', 'R', 'F', 'F', 'F', 'F', 'F', 'F', 'F', 'F', 'F', 'D', 'D', 'D', 'D', 'D', 'D', 'D', 'D', 'D', 'L', 'L', 'L', 'L', 'L', 'L', 'L', 'L', 'L', 'B', 'B', 'B', 'B', 'B', 'B', 'B', 'B', 'B']
post state: ['U', 'U', 'U', 'U', 'U', 'U', 'U', 'U', 'U', 'R', 'R', 'R', 'R', 'R', 'R', 'R', 'R', 'R', 'F', 'F', 'F', 'F', 'F', 'F', 'F', 'F', 'F', 'D', 'D', 'D', 'D', 'D', 'D', 'D', 'D', 'D', 'L', 'L', 'L', 'L', 'L', 'L', 'L', 'L', 'L', 'B', 'B', 'B', 'B', 'B', 'B', 'B', 'B', 'B']
Cube solved
iter: 44
scramble:R2 F L2 U' D' U' L' R2 B' F' D2 F2 D B2 F2 R D' L2 B F L F2 B2 L F R D2 L F' L2 R B'
Serial timeout set to 10
threaded imaging: 0.090115070343
population: 0.0905799865723
Contour extraction: 0.176927089691
('R', 'O', 'Y', 'G', 'B', 'W')
colour extraction: 0.170810937881
['D', 'F', 'D', 'F', 'U', 'D', 'R', 'D', 'B', 'R', 'B', 'R', 'D', 'R', 'U', 'B', 'U', 'R', 'B', 'R', 'U', 'B', 'F', 'L', 'U', 'R', 'L', 'F', 'B', 'U', 'U', 'D', 'R', 'D', 'F', 'U', 'L', 'L', 'D', 'F', 'L', 'L', 'L', 'L', 'L', 'F', 'D', 'F', 'B', 'B', 'U', 'F', 'R', 'B']
threaded imaging: 0.0814008712769
population: 0.0817461013794
Contour extraction: 0.164782047272
('R', 'O', 'Y', 'G', 'B', 'W')
colour extraction: 0.221647024155
['D', 'F', 'D', 'F', 'U', 'D', 'R', 'D', 'B', 'R', 'B', 'R', 'D', 'R', 'U', 'B', 'U', 'R', 'B', 'R', 'U', 'B', 'F', 'L', 'U', 'R', 'L', 'F', 'B', 'U', 'U', 'D', 'R', 'D', 'F', 'U', 'L', 'L', 'D', 'F', 'L', 'L', 'L', 'L', 'L', 'F', 'D', 'F', 'B', 'B', 'U', 'F', 'R', 'B']
Cubie counts
Counter({'B': 9, 'D': 9, 'F': 9, 'L': 9, 'R': 9, 'U': 9})
Serial timeout set to 10
########################################
Elapsed time: 2.5049328804
CV Read time: 0.468668937683
Solve time:   0.268574953079
Motor time:   1.76768898964
Solution:     U F R2 F2 R F' U R D' F' B2 R F2 D' F2 D2 B2 D B2 L2 D B2
Face-turns:   22
Quarter-turns:32
########################################
threaded imaging: 0.100791931152
population: 0.101239919662
Contour extraction: 0.188143968582
('R', 'O', 'Y', 'G', 'B', 'W')
colour extraction: 0.170444965363
['U', 'U', 'U', 'U', 'U', 'U', 'U', 'U', 'U', 'R', 'R', 'R', 'R', 'R', 'R', 'R', 'R', 'R', 'F', 'F', 'F', 'F', 'F', 'F', 'F', 'F', 'F', 'D', 'D', 'D', 'D', 'D', 'D', 'D', 'D', 'D', 'L', 'L', 'L', 'L', 'L', 'L', 'L', 'L', 'L', 'B', 'B', 'B', 'B', 'B', 'B', 'B', 'B', 'B']
post state: ['U', 'U', 'U', 'U', 'U', 'U', 'U', 'U', 'U', 'R', 'R', 'R', 'R', 'R', 'R', 'R', 'R', 'R', 'F', 'F', 'F', 'F', 'F', 'F', 'F', 'F', 'F', 'D', 'D', 'D', 'D', 'D', 'D', 'D', 'D', 'D', 'L', 'L', 'L', 'L', 'L', 'L', 'L', 'L', 'L', 'B', 'B', 'B', 'B', 'B', 'B', 'B', 'B', 'B']
Cube solved
iter: 45
scramble:R' L' F D2 F' R U2 F D2 L' R U2 F U B F' B' D2 R2 U R2 U2 R' B2 D' L F' R L' B2 F2
Serial timeout set to 10
threaded imaging: 0.126499891281
population: 0.126965999603
Contour extraction: 0.158621072769
('R', 'O', 'Y', 'G', 'B', 'W')
colour extraction: 0.169920921326
['F', 'B', 'D', 'D', 'U', 'R', 'D', 'D', 'B', 'D', 'F', 'F', 'F', 'R', 'U', 'F', 'D', 'U', 'F', 'L', 'R', 'U', 'F', 'D', 'R', 'U', 'U', 'U', 'F', 'L', 'L', 'D', 'B', 'B', 'R', 'B', 'U', 'R', 'R', 'L', 'L', 'L', 'D', 'B', 'B', 'L', 'R', 'R', 'B', 'B', 'F', 'L', 'U', 'L']
threaded imaging: 0.085391998291
population: 0.085786819458
Contour extraction: 0.161301136017
('R', 'O', 'Y', 'G', 'B', 'W')
colour extraction: 0.171046972275
['F', 'B', 'D', 'D', 'U', 'R', 'D', 'D', 'B', 'D', 'F', 'F', 'F', 'R', 'U', 'F', 'D', 'U', 'F', 'L', 'R', 'U', 'F', 'D', 'R', 'U', 'U', 'U', 'F', 'L', 'L', 'D', 'B', 'B', 'R', 'B', 'U', 'R', 'R', 'L', 'L', 'L', 'D', 'B', 'B', 'L', 'R', 'R', 'B', 'B', 'F', 'L', 'U', 'L']
Cubie counts
Counter({'B': 9, 'D': 9, 'F': 9, 'L': 9, 'R': 9, 'U': 9})
Serial timeout set to 10
########################################
Elapsed time: 2.81165909767
CV Read time: 0.418642997742
Solve time:   0.68235206604
Motor time:   1.71066403389
Solution:     U B2 U' B L F' B2 U' R B' D' F' B2 U' L2 U' R2 D' B2 U F2 U2
Face-turns:   22
Quarter-turns:30
########################################
threaded imaging: 0.0958518981934
population: 0.0963690280914
Contour extraction: 0.164486885071
('R', 'O', 'Y', 'G', 'B', 'W')
colour extraction: 0.171046972275
['U', 'U', 'U', 'U', 'U', 'U', 'U', 'U', 'U', 'R', 'R', 'R', 'R', 'R', 'R', 'R', 'R', 'R', 'F', 'F', 'F', 'F', 'F', 'F', 'F', 'F', 'F', 'D', 'D', 'D', 'D', 'D', 'D', 'D', 'D', 'D', 'L', 'L', 'L', 'L', 'L', 'L', 'L', 'L', 'L', 'B', 'B', 'B', 'B', 'B', 'B', 'B', 'B', 'B']
post state: ['U', 'U', 'U', 'U', 'U', 'U', 'U', 'U', 'U', 'R', 'R', 'R', 'R', 'R', 'R', 'R', 'R', 'R', 'F', 'F', 'F', 'F', 'F', 'F', 'F', 'F', 'F', 'D', 'D', 'D', 'D', 'D', 'D', 'D', 'D', 'D', 'L', 'L', 'L', 'L', 'L', 'L', 'L', 'L', 'L', 'B', 'B', 'B', 'B', 'B', 'B', 'B', 'B', 'B']
Cube solved
iter: 46
scramble:U L U2 D F2 R B' R U2 B F' U2 B' F' U2 B2 U' L2 F R' B2 U2 R' B' F' B2 U R L R B L F2 L2 D
Serial timeout set to 10
threaded imaging: 0.109048843384
population: 0.109472036362
Contour extraction: 0.175847053528
('R', 'O', 'Y', 'G', 'B', 'W')
colour extraction: 0.170111179352
['L', 'R', 'F', 'B', 'U', 'F', 'F', 'L', 'F', 'L', 'L', 'R', 'R', 'R', 'U', 'F', 'F', 'B', 'D', 'D', 'U', 'L', 'F', 'B', 'R', 'R', 'D', 'U', 'D', 'R', 'B', 'D', 'U', 'B', 'D', 'L', 'D', 'D', 'L', 'U', 'L', 'U', 'R', 'L', 'B', 'U', 'F', 'B', 'R', 'B', 'B', 'U', 'F', 'D']
threaded imaging: 0.0811789035797
population: 0.0814399719238
Contour extraction: 0.161041975021
('R', 'O', 'Y', 'G', 'B', 'W')
colour extraction: 0.170179128647
['L', 'R', 'F', 'B', 'U', 'F', 'F', 'L', 'F', 'L', 'L', 'R', 'R', 'R', 'U', 'F', 'F', 'B', 'D', 'D', 'U', 'L', 'F', 'B', 'R', 'R', 'D', 'U', 'D', 'R', 'B', 'D', 'U', 'B', 'D', 'L', 'D', 'D', 'L', 'U', 'L', 'U', 'R', 'L', 'B', 'U', 'F', 'B', 'R', 'B', 'B', 'U', 'F', 'D']
Cubie counts
Counter({'B': 9, 'D': 9, 'F': 9, 'L': 9, 'R': 9, 'U': 9})
Serial timeout set to 10
########################################
Elapsed time: 2.19402694702
CV Read time: 0.413172960281
Solve time:   0.108160018921
Motor time:   1.67269396782
Solution:     U L2 F' B L F2 L2 U' F D2 B' U B2 D F2 R2 F2 L2 U2 F2
Face-turns:   20
Quarter-turns:31
########################################
threaded imaging: 0.109248161316
population: 0.109747171402
Contour extraction: 0.176338911057
('R', 'O', 'Y', 'G', 'B', 'W')
colour extraction: 0.170169830322
['U', 'U', 'U', 'U', 'U', 'U', 'U', 'U', 'U', 'R', 'R', 'R', 'R', 'R', 'R', 'R', 'R', 'R', 'F', 'F', 'F', 'F', 'F', 'F', 'F', 'F', 'F', 'D', 'D', 'D', 'D', 'D', 'D', 'D', 'D', 'D', 'L', 'L', 'L', 'L', 'L', 'L', 'L', 'L', 'L', 'B', 'B', 'B', 'B', 'B', 'B', 'B', 'B', 'B']
post state: ['U', 'U', 'U', 'U', 'U', 'U', 'U', 'U', 'U', 'R', 'R', 'R', 'R', 'R', 'R', 'R', 'R', 'R', 'F', 'F', 'F', 'F', 'F', 'F', 'F', 'F', 'F', 'D', 'D', 'D', 'D', 'D', 'D', 'D', 'D', 'D', 'L', 'L', 'L', 'L', 'L', 'L', 'L', 'L', 'L', 'B', 'B', 'B', 'B', 'B', 'B', 'B', 'B', 'B']
Cube solved
iter: 47
scramble:F2 B F D' B D B2 U2 B F2 B D L2 B U L2 B2 U2 L2 D L'
Serial timeout set to 10
threaded imaging: 0.104917049408
population: 0.1053647995
Contour extraction: 0.180510044098
('R', 'O', 'Y', 'G', 'B', 'W')
colour extraction: 0.169602155685
['B', 'U', 'F', 'R', 'U', 'U', 'R', 'D', 'D', 'L', 'R', 'R', 'U', 'R', 'R', 'F', 'B', 'D', 'U', 'F', 'F', 'R', 'F', 'F', 'D', 'L', 'U', 'R', 'D', 'L', 'B', 'D', 'U', 'F', 'L', 'L', 'U', 'D', 'B', 'F', 'L', 'F', 'D', 'D', 'B', 'U', 'L', 'L', 'B', 'B', 'L', 'B', 'B', 'R']
threaded imaging: 0.0726051330566
population: 0.0728640556335
Contour extraction: 0.181744098663
('R', 'O', 'Y', 'G', 'B', 'W')
colour extraction: 0.170954942703
['B', 'U', 'F', 'R', 'U', 'U', 'R', 'D', 'D', 'L', 'R', 'R', 'U', 'R', 'R', 'F', 'B', 'D', 'U', 'F', 'F', 'R', 'F', 'F', 'D', 'L', 'U', 'R', 'D', 'L', 'B', 'D', 'U', 'F', 'L', 'L', 'U', 'D', 'B', 'F', 'L', 'F', 'D', 'D', 'B', 'U', 'L', 'L', 'B', 'B', 'L', 'B', 'B', 'R']
Cubie counts
Counter({'B': 9, 'D': 9, 'F': 9, 'L': 9, 'R': 9, 'U': 9})
Serial timeout set to 10
########################################
Elapsed time: 2.10058999062
CV Read time: 0.426079034805
Solve time:   0.0352838039398
Motor time:   1.63922715187
Solution:     L' U2 D' L2 B D' F R2 D B' U B2 U R2 D2 R2 B2 L2 D' F2
Face-turns:   20
Quarter-turns:30
########################################
threaded imaging: 0.128059148788
population: 0.128532886505
Contour extraction: 0.177540779114
('R', 'O', 'Y', 'G', 'B', 'W')
colour extraction: 0.178473949432
['U', 'U', 'U', 'U', 'U', 'U', 'U', 'U', 'U', 'R', 'R', 'R', 'R', 'R', 'R', 'R', 'R', 'R', 'F', 'F', 'F', 'F', 'F', 'F', 'F', 'F', 'F', 'D', 'D', 'D', 'D', 'D', 'D', 'D', 'D', 'D', 'L', 'L', 'L', 'L', 'L', 'L', 'L', 'L', 'L', 'B', 'B', 'B', 'B', 'B', 'B', 'B', 'B', 'B']
post state: ['U', 'U', 'U', 'U', 'U', 'U', 'U', 'U', 'U', 'R', 'R', 'R', 'R', 'R', 'R', 'R', 'R', 'R', 'F', 'F', 'F', 'F', 'F', 'F', 'F', 'F', 'F', 'D', 'D', 'D', 'D', 'D', 'D', 'D', 'D', 'D', 'L', 'L', 'L', 'L', 'L', 'L', 'L', 'L', 'L', 'B', 'B', 'B', 'B', 'B', 'B', 'B', 'B', 'B']
Cube solved
iter: 48
scramble:L U' L R B2 L U2 R' U' R' F2 B L2 D' R' B2 U D' R F U2 D' F' B F R U' F2 U D' U2 L R2 F2 U' L2
Serial timeout set to 10
threaded imaging: 0.105237960815
population: 0.105742931366
Contour extraction: 0.172875881195
('R', 'O', 'Y', 'G', 'B', 'W')
colour extraction: 0.177882909775
['L', 'U', 'D', 'F', 'U', 'F', 'B', 'L', 'R', 'F', 'U', 'F', 'R', 'R', 'D', 'B', 'B', 'F', 'R', 'F', 'U', 'B', 'F', 'U', 'R', 'B', 'D', 'D', 'L', 'L', 'U', 'D', 'D', 'R', 'D', 'U', 'B', 'R', 'U', 'F', 'L', 'R', 'D', 'B', 'F', 'L', 'L', 'U', 'L', 'B', 'D', 'L', 'R', 'B']
threaded imaging: 0.0810098648071
population: 0.0813510417938
Contour extraction: 0.189497947693
('R', 'O', 'Y', 'G', 'B', 'W')
colour extraction: 0.230566978455
['L', 'U', 'D', 'F', 'U', 'F', 'B', 'L', 'R', 'F', 'U', 'F', 'R', 'R', 'D', 'B', 'B', 'F', 'R', 'F', 'U', 'B', 'F', 'U', 'R', 'B', 'D', 'D', 'L', 'L', 'U', 'D', 'D', 'R', 'D', 'U', 'B', 'R', 'U', 'F', 'L', 'R', 'D', 'B', 'F', 'L', 'L', 'U', 'L', 'B', 'D', 'L', 'R', 'B']
Cubie counts
Counter({'B': 9, 'D': 9, 'F': 9, 'L': 9, 'R': 9, 'U': 9})
Serial timeout set to 10
########################################
Elapsed time: 2.03172588348
CV Read time: 0.501919031143
Solve time:   0.00422787666321
Motor time:   1.52557897568
Solution:     U2 R2 F' L' D2 B2 L' B' R2 D' L2 U' F2 D' F2 B2 R2 D2
Face-turns:   18
Quarter-turns:29
########################################
threaded imaging: 0.0922009944916
population: 0.0926368236542
Contour extraction: 0.210774183273
('R', 'O', 'Y', 'G', 'B', 'W')
colour extraction: 0.178581953049
['U', 'U', 'U', 'U', 'U', 'U', 'U', 'U', 'U', 'R', 'R', 'R', 'R', 'R', 'R', 'R', 'R', 'R', 'F', 'F', 'F', 'F', 'F', 'F', 'F', 'F', 'F', 'D', 'D', 'D', 'D', 'D', 'D', 'D', 'D', 'D', 'L', 'L', 'L', 'L', 'L', 'L', 'L', 'L', 'L', 'B', 'B', 'B', 'B', 'B', 'B', 'B', 'B', 'B']
post state: ['U', 'U', 'U', 'U', 'U', 'U', 'U', 'U', 'U', 'R', 'R', 'R', 'R', 'R', 'R', 'R', 'R', 'R', 'F', 'F', 'F', 'F', 'F', 'F', 'F', 'F', 'F', 'D', 'D', 'D', 'D', 'D', 'D', 'D', 'D', 'D', 'L', 'L', 'L', 'L', 'L', 'L', 'L', 'L', 'L', 'B', 'B', 'B', 'B', 'B', 'B', 'B', 'B', 'B']
Cube solved
iter: 49
