Coordinate correlation loaded from: /home/pi/Desktop/rubiks/src/cuber/../cfg/correlation.npy
Colour correlation loaded from: /home/pi/Desktop/rubiks/src/cuber/../cfg/colours.npy
scramble:B2 U D2 L' B' U' D2 B2 R U2 B2 F2 U L B2 F2 B2 L2 R' U2 D2 B2 F' D L2 F2 D2 L B2 R' L' R' F' U2
Serial timeout set to 10
Contour extraction: 0.212884902954
('R', 'O', 'Y', 'G', 'B', 'W')
colour extraction: 0.168792009354
['U', 'U', 'D', 'U', 'U', 'U', 'R', 'F', 'R', 'F', 'F', 'L', 'U', 'R', 'D', 'B', 'B', 'R', 'D', 'R', 'U', 'D', 'F', 'B', 'U', 'B', 'U', 'L', 'L', 'R', 'L', 'D', 'R', 'D', 'F', 'D', 'F', 'R', 'F', 'L', 'L', 'R', 'F', 'D', 'B', 'B', 'L', 'L', 'B', 'B', 'F', 'B', 'D', 'L']
Contour extraction: 0.162732124329
('R', 'O', 'Y', 'G', 'B', 'W')
colour extraction: 0.168407917023
['U', 'U', 'D', 'U', 'U', 'U', 'R', 'F', 'R', 'F', 'F', 'L', 'U', 'R', 'D', 'B', 'B', 'R', 'D', 'R', 'U', 'D', 'F', 'B', 'U', 'B', 'U', 'L', 'L', 'R', 'L', 'D', 'R', 'D', 'F', 'D', 'F', 'R', 'F', 'L', 'L', 'R', 'F', 'D', 'B', 'B', 'L', 'L', 'B', 'B', 'F', 'B', 'D', 'L']
Cubie counts
Counter({'B': 9, 'D': 9, 'F': 9, 'L': 9, 'R': 9, 'U': 9})
Serial timeout set to 10
########################################
Elapsed time: 2.45892095566
CV Read time: 0.517379045486
Solve time:   0.0778758525848
Motor time:   1.86366605759
Solution:     U L' F2 U2 L B' L D R2 F2 B' L2 D2 R2 D' B2 U F2 B2 R2
Face-turns:   20
Quarter-turns:31
########################################
Contour extraction: 0.199064016342
('R', 'O', 'Y', 'G', 'B', 'W')
colour extraction: 0.16861987114
['U', 'U', 'U', 'U', 'U', 'U', 'U', 'U', 'U', 'R', 'R', 'R', 'R', 'R', 'R', 'R', 'R', 'R', 'F', 'F', 'F', 'F', 'F', 'F', 'F', 'F', 'F', 'D', 'D', 'D', 'D', 'D', 'D', 'D', 'D', 'D', 'L', 'L', 'L', 'L', 'L', 'L', 'L', 'L', 'L', 'B', 'B', 'B', 'B', 'B', 'B', 'B', 'B', 'B']
post state: ['U', 'U', 'U', 'U', 'U', 'U', 'U', 'U', 'U', 'R', 'R', 'R', 'R', 'R', 'R', 'R', 'R', 'R', 'F', 'F', 'F', 'F', 'F', 'F', 'F', 'F', 'F', 'D', 'D', 'D', 'D', 'D', 'D', 'D', 'D', 'D', 'L', 'L', 'L', 'L', 'L', 'L', 'L', 'L', 'L', 'B', 'B', 'B', 'B', 'B', 'B', 'B', 'B', 'B']
Cube solved
iter: 0
scramble:L' D' R D' R L' R2 D B' U2 F R L2 R' D2 B2 L' F' L D' B2 L2 R' F L B D' F' B' F' D' U R2 L2 U B L2 D F2
Serial timeout set to 10
Contour extraction: 0.183266878128
('R', 'O', 'Y', 'G', 'B', 'W')
colour extraction: 0.168841838837
['L', 'B', 'U', 'B', 'U', 'B', 'U', 'B', 'R', 'B', 'D', 'F', 'U', 'R', 'L', 'B', 'D', 'B', 'L', 'U', 'D', 'U', 'F', 'L', 'D', 'F', 'U', 'F', 'R', 'R', 'L', 'D', 'F', 'D', 'D', 'D', 'U', 'L', 'B', 'R', 'L', 'F', 'F', 'F', 'R', 'R', 'R', 'F', 'D', 'B', 'U', 'L', 'R', 'L']
Contour extraction: 0.245131969452
('R', 'O', 'Y', 'G', 'B', 'W')
colour extraction: 0.168560028076
['L', 'B', 'U', 'B', 'U', 'B', 'U', 'B', 'R', 'B', 'D', 'F', 'U', 'R', 'L', 'B', 'D', 'B', 'L', 'U', 'D', 'U', 'F', 'L', 'D', 'F', 'U', 'F', 'R', 'R', 'L', 'D', 'F', 'D', 'D', 'D', 'U', 'L', 'B', 'R', 'L', 'F', 'F', 'F', 'R', 'R', 'R', 'F', 'D', 'B', 'U', 'L', 'R', 'L']
Cubie counts
Counter({'B': 9, 'D': 9, 'F': 9, 'L': 9, 'R': 9, 'U': 9})
Serial timeout set to 10
########################################
Elapsed time: 2.58393001556
CV Read time: 0.595764875412
Solve time:   0.120727062225
Motor time:   1.86743807793
Solution:     R' F B2 R' U F2 U D' F2 B' R' U' F2 R2 B2 R2 D L2 F2 U' D
Face-turns:   21
Quarter-turns:30
########################################
Contour extraction: 0.16846203804
('R', 'O', 'Y', 'G', 'B', 'W')
colour extraction: 0.16831612587
['U', 'U', 'U', 'U', 'U', 'U', 'U', 'U', 'U', 'R', 'R', 'R', 'R', 'R', 'R', 'R', 'R', 'R', 'F', 'F', 'F', 'F', 'F', 'F', 'F', 'F', 'F', 'D', 'D', 'D', 'D', 'D', 'D', 'D', 'D', 'D', 'L', 'L', 'L', 'L', 'L', 'L', 'L', 'L', 'L', 'B', 'B', 'B', 'B', 'B', 'B', 'B', 'B', 'B']
post state: ['U', 'U', 'U', 'U', 'U', 'U', 'U', 'U', 'U', 'R', 'R', 'R', 'R', 'R', 'R', 'R', 'R', 'R', 'F', 'F', 'F', 'F', 'F', 'F', 'F', 'F', 'F', 'D', 'D', 'D', 'D', 'D', 'D', 'D', 'D', 'D', 'L', 'L', 'L', 'L', 'L', 'L', 'L', 'L', 'L', 'B', 'B', 'B', 'B', 'B', 'B', 'B', 'B', 'B']
Cube solved
iter: 1
scramble:B F' B' D' U2 D2 R B2 R D' U2 R L' F2 L2 D' U B2 L' D L2 U D' U' F2 R2 L' F2 D F' L2 F L U' L2 U F D2 B2 L
Serial timeout set to 10
Contour extraction: 0.179619073868
('R', 'O', 'Y', 'G', 'B', 'W')
colour extraction: 0.168571949005
['R', 'R', 'D', 'B', 'U', 'D', 'D', 'L', 'U', 'F', 'B', 'B', 'L', 'R', 'F', 'B', 'U', 'B', 'F', 'D', 'L', 'R', 'F', 'U', 'L', 'B', 'D', 'F', 'U', 'L', 'R', 'D', 'F', 'F', 'R', 'L', 'U', 'L', 'R', 'D', 'L', 'B', 'R', 'D', 'D', 'R', 'U', 'B', 'L', 'B', 'F', 'U', 'F', 'U']
Contour extraction: 0.226099967957
('R', 'O', 'Y', 'G', 'B', 'W')
colour extraction: 0.168220043182
['R', 'R', 'D', 'B', 'U', 'D', 'D', 'L', 'U', 'F', 'B', 'B', 'L', 'R', 'F', 'B', 'U', 'B', 'F', 'D', 'L', 'R', 'F', 'U', 'L', 'B', 'D', 'F', 'U', 'L', 'R', 'D', 'F', 'F', 'R', 'L', 'U', 'L', 'R', 'D', 'L', 'B', 'R', 'D', 'D', 'R', 'U', 'B', 'L', 'B', 'F', 'U', 'F', 'U']
Cubie counts
Counter({'B': 9, 'D': 9, 'F': 9, 'L': 9, 'R': 9, 'U': 9})
Serial timeout set to 10
########################################
Elapsed time: 2.80194497108
CV Read time: 0.577522993088
Solve time:   0.322254180908
Motor time:   1.90216779709
Solution:     B U2 R' L D' B R2 L U D2 L U B2 U' B2 D2 R2 D' L2 F2 L2
Face-turns:   21
Quarter-turns:31
########################################
Contour extraction: 0.173702955246
('R', 'O', 'Y', 'G', 'B', 'W')
colour extraction: 0.168473958969
['U', 'U', 'U', 'U', 'U', 'U', 'U', 'U', 'U', 'R', 'R', 'R', 'R', 'R', 'R', 'R', 'R', 'R', 'F', 'F', 'F', 'F', 'F', 'F', 'F', 'F', 'F', 'D', 'D', 'D', 'D', 'D', 'D', 'D', 'D', 'D', 'L', 'L', 'L', 'L', 'L', 'L', 'L', 'L', 'L', 'B', 'B', 'B', 'B', 'B', 'B', 'B', 'B', 'B']
post state: ['U', 'U', 'U', 'U', 'U', 'U', 'U', 'U', 'U', 'R', 'R', 'R', 'R', 'R', 'R', 'R', 'R', 'R', 'F', 'F', 'F', 'F', 'F', 'F', 'F', 'F', 'F', 'D', 'D', 'D', 'D', 'D', 'D', 'D', 'D', 'D', 'L', 'L', 'L', 'L', 'L', 'L', 'L', 'L', 'L', 'B', 'B', 'B', 'B', 'B', 'B', 'B', 'B', 'B']
Cube solved
iter: 2
scramble:F' L2 F2 L' B F2 U2 L F' U' F R2 D F2 R' B' D2 U2 R F' B' L' D2 U' L' U B' L2 B' F B' F L2 B2 F2 D2 R' U' F'
Serial timeout set to 10
Contour extraction: 0.20515203476
('R', 'O', 'Y', 'G', 'B', 'W')
colour extraction: 0.168241024017
['U', 'L', 'U', 'U', 'U', 'D', 'R', 'R', 'R', 'F', 'L', 'B', 'B', 'R', 'B', 'F', 'U', 'B', 'B', 'D', 'U', 'U', 'F', 'L', 'F', 'B', 'U', 'R', 'D', 'L', 'B', 'D', 'R', 'D', 'F', 'D', 'B', 'L', 'D', 'F', 'L', 'F', 'F', 'R', 'D', 'L', 'F', 'R', 'U', 'B', 'D', 'L', 'R', 'L']
Contour extraction: 0.226910114288
('R', 'O', 'Y', 'G', 'B', 'W')
colour extraction: 0.168128013611
['U', 'L', 'U', 'U', 'U', 'D', 'R', 'R', 'R', 'F', 'L', 'B', 'B', 'R', 'B', 'F', 'U', 'B', 'B', 'D', 'U', 'U', 'F', 'L', 'F', 'B', 'U', 'R', 'D', 'L', 'B', 'D', 'R', 'D', 'F', 'D', 'B', 'L', 'D', 'F', 'L', 'F', 'F', 'R', 'D', 'L', 'F', 'R', 'U', 'B', 'D', 'L', 'R', 'L']
Cubie counts
Counter({'B': 9, 'D': 9, 'F': 9, 'L': 9, 'R': 9, 'U': 9})
Serial timeout set to 10
########################################
Elapsed time: 3.55804586411
CV Read time: 0.589821815491
Solve time:   0.824156999588
Motor time:   2.14406704903
Solution:     U' F2 D2 R2 U2 L' F2 U F2 U2 R F B2 U' R2 B2 R2 B2 U2 D B2 U2
Face-turns:   22
Quarter-turns:37
########################################
Contour extraction: 0.164535999298
('R', 'O', 'Y', 'G', 'B', 'W')
colour extraction: 0.168262004852
['U', 'U', 'U', 'U', 'U', 'U', 'U', 'U', 'U', 'R', 'R', 'R', 'R', 'R', 'R', 'R', 'R', 'R', 'F', 'F', 'F', 'F', 'F', 'F', 'F', 'F', 'F', 'D', 'D', 'D', 'D', 'D', 'D', 'D', 'D', 'D', 'L', 'L', 'L', 'L', 'L', 'L', 'L', 'L', 'L', 'B', 'B', 'B', 'B', 'B', 'B', 'B', 'B', 'B']
post state: ['U', 'U', 'U', 'U', 'U', 'U', 'U', 'U', 'U', 'R', 'R', 'R', 'R', 'R', 'R', 'R', 'R', 'R', 'F', 'F', 'F', 'F', 'F', 'F', 'F', 'F', 'F', 'D', 'D', 'D', 'D', 'D', 'D', 'D', 'D', 'D', 'L', 'L', 'L', 'L', 'L', 'L', 'L', 'L', 'L', 'B', 'B', 'B', 'B', 'B', 'B', 'B', 'B', 'B']
Cube solved
iter: 3
scramble:F2 R' F2 D' R F B R' D F L D' B F2 U F L2 D2 B' U2 R2 U2 R' D' L R' D R' D' F R' D2 U2
Serial timeout set to 10
Contour extraction: 0.180993795395
('R', 'O', 'Y', 'G', 'B', 'W')
colour extraction: 0.16864490509
['U', 'D', 'D', 'U', 'U', 'U', 'F', 'F', 'U', 'L', 'L', 'L', 'D', 'R', 'D', 'B', 'R', 'D', 'L', 'L', 'B', 'L', 'F', 'F', 'F', 'U', 'R', 'D', 'F', 'D', 'U', 'D', 'B', 'U', 'F', 'R', 'R', 'B', 'U', 'L', 'L', 'D', 'R', 'R', 'L', 'B', 'B', 'F', 'R', 'B', 'B', 'F', 'R', 'B']
Contour extraction: 0.203289985657
('R', 'O', 'Y', 'G', 'B', 'W')
colour extraction: 0.168132066727
['U', 'D', 'D', 'U', 'U', 'U', 'F', 'F', 'U', 'L', 'L', 'L', 'D', 'R', 'D', 'B', 'R', 'D', 'L', 'L', 'B', 'L', 'F', 'F', 'F', 'U', 'R', 'D', 'F', 'D', 'U', 'D', 'B', 'U', 'F', 'R', 'R', 'B', 'U', 'L', 'L', 'D', 'R', 'R', 'L', 'B', 'B', 'F', 'R', 'B', 'B', 'F', 'R', 'B']
Cubie counts
Counter({'B': 9, 'D': 9, 'F': 9, 'L': 9, 'R': 9, 'U': 9})
Serial timeout set to 10
########################################
Elapsed time: 2.32623004913
CV Read time: 0.556602954865
Solve time:   0.0780870914459
Motor time:   1.69154000282
Solution:     U2 F' U L2 B R' B R2 D R2 B' U R2 B2 U L2 D' R2 D
Face-turns:   19
Quarter-turns:27
########################################
Contour extraction: 0.183523893356
('R', 'O', 'Y', 'G', 'B', 'W')
colour extraction: 0.168664932251
['U', 'U', 'U', 'U', 'U', 'U', 'U', 'U', 'U', 'R', 'R', 'R', 'R', 'R', 'R', 'R', 'R', 'R', 'F', 'F', 'F', 'F', 'F', 'F', 'F', 'F', 'F', 'D', 'D', 'D', 'D', 'D', 'D', 'D', 'D', 'D', 'L', 'L', 'L', 'L', 'L', 'L', 'L', 'L', 'L', 'B', 'B', 'B', 'B', 'B', 'B', 'B', 'B', 'B']
post state: ['U', 'U', 'U', 'U', 'U', 'U', 'U', 'U', 'U', 'R', 'R', 'R', 'R', 'R', 'R', 'R', 'R', 'R', 'F', 'F', 'F', 'F', 'F', 'F', 'F', 'F', 'F', 'D', 'D', 'D', 'D', 'D', 'D', 'D', 'D', 'D', 'L', 'L', 'L', 'L', 'L', 'L', 'L', 'L', 'L', 'B', 'B', 'B', 'B', 'B', 'B', 'B', 'B', 'B']
Cube solved
iter: 4
scramble:L D U B2 L' F' R2 L2 B2 L' B' D' B L F D' R' D L R2 U2 D' B2 D2 R2 F2 D' F D' U2 F' L D' F' D' U2 F' D'
Serial timeout set to 10
Contour extraction: 0.190664052963
('R', 'O', 'Y', 'G', 'B', 'W')
colour extraction: 0.168182134628
['D', 'F', 'D', 'U', 'U', 'D', 'D', 'F', 'L', 'U', 'F', 'F', 'B', 'R', 'R', 'R', 'D', 'R', 'B', 'R', 'F', 'U', 'F', 'L', 'D', 'B', 'B', 'F', 'U', 'U', 'F', 'D', 'B', 'U', 'D', 'U', 'R', 'R', 'L', 'B', 'L', 'L', 'B', 'U', 'R', 'L', 'L', 'B', 'D', 'B', 'R', 'F', 'L', 'L']
Contour extraction: 0.25825881958
('R', 'O', 'Y', 'G', 'B', 'W')
colour extraction: 0.168982028961
['D', 'F', 'D', 'U', 'U', 'D', 'D', 'F', 'L', 'U', 'F', 'F', 'B', 'R', 'R', 'R', 'D', 'R', 'B', 'R', 'F', 'U', 'F', 'L', 'D', 'B', 'B', 'F', 'U', 'U', 'F', 'D', 'B', 'U', 'D', 'U', 'R', 'R', 'L', 'B', 'L', 'L', 'B', 'U', 'R', 'L', 'L', 'B', 'D', 'B', 'R', 'F', 'L', 'L']
Cubie counts
Counter({'B': 9, 'D': 9, 'F': 9, 'L': 9, 'R': 9, 'U': 9})
Serial timeout set to 10
########################################
Elapsed time: 2.49922418594
CV Read time: 0.625064134598
Solve time:   0.110904932022
Motor time:   1.76325511932
Solution:     U R L' D' F D2 F D2 F' U F' B2 U B2 D2 R2 L2 U' F2 D'
Face-turns:   20
Quarter-turns:28
########################################
Contour extraction: 0.18759894371
('R', 'O', 'Y', 'G', 'B', 'W')
colour extraction: 0.168788909912
['U', 'U', 'U', 'U', 'U', 'U', 'U', 'U', 'U', 'R', 'R', 'R', 'R', 'R', 'R', 'R', 'R', 'R', 'F', 'F', 'F', 'F', 'F', 'F', 'F', 'F', 'F', 'D', 'D', 'D', 'D', 'D', 'D', 'D', 'D', 'D', 'L', 'L', 'L', 'L', 'L', 'L', 'L', 'L', 'L', 'B', 'B', 'B', 'B', 'B', 'B', 'B', 'B', 'B']
post state: ['U', 'U', 'U', 'U', 'U', 'U', 'U', 'U', 'U', 'R', 'R', 'R', 'R', 'R', 'R', 'R', 'R', 'R', 'F', 'F', 'F', 'F', 'F', 'F', 'F', 'F', 'F', 'D', 'D', 'D', 'D', 'D', 'D', 'D', 'D', 'D', 'L', 'L', 'L', 'L', 'L', 'L', 'L', 'L', 'L', 'B', 'B', 'B', 'B', 'B', 'B', 'B', 'B', 'B']
Cube solved
iter: 5
scramble:L' D' R2 F D2 R B D' L B F' R2 U B' U D2 L F U' R B D2 F L2 U F' U R' F D2 L F B' D' F2 D2 B' R' F2 U'
Serial timeout set to 10
Contour extraction: 0.198621988297
('R', 'O', 'Y', 'G', 'B', 'W')
colour extraction: 0.168145895004
['L', 'R', 'U', 'B', 'U', 'D', 'F', 'F', 'L', 'D', 'B', 'F', 'B', 'R', 'U', 'L', 'U', 'D', 'L', 'U', 'B', 'F', 'F', 'R', 'F', 'D', 'U', 'R', 'F', 'B', 'L', 'D', 'R', 'R', 'F', 'B', 'F', 'U', 'U', 'L', 'L', 'L', 'B', 'D', 'D', 'R', 'D', 'D', 'L', 'B', 'B', 'R', 'R', 'U']
Contour extraction: 0.165478944778
('R', 'O', 'Y', 'G', 'B', 'W')
colour extraction: 0.184084177017
['L', 'R', 'U', 'B', 'U', 'D', 'F', 'F', 'L', 'D', 'B', 'F', 'B', 'R', 'U', 'L', 'U', 'D', 'L', 'U', 'B', 'F', 'F', 'R', 'F', 'D', 'U', 'R', 'F', 'B', 'L', 'D', 'R', 'R', 'F', 'B', 'F', 'U', 'U', 'L', 'L', 'L', 'B', 'D', 'D', 'R', 'D', 'D', 'L', 'B', 'B', 'R', 'R', 'U']
Cubie counts
Counter({'B': 9, 'D': 9, 'F': 9, 'L': 9, 'R': 9, 'U': 9})
Serial timeout set to 10
########################################
Elapsed time: 2.44333910942
CV Read time: 0.537328958511
Solve time:   0.0353181362152
Motor time:   1.87069201469
Solution:     U2 D' B D2 R L U' B' U2 L F' U F2 D' B2 R2 U' L2 D' F2 R2
Face-turns:   21
Quarter-turns:30
########################################
Contour extraction: 0.206957101822
('R', 'O', 'Y', 'G', 'B', 'W')
colour extraction: 0.183354139328
['U', 'U', 'U', 'U', 'U', 'U', 'U', 'U', 'U', 'R', 'R', 'R', 'R', 'R', 'R', 'R', 'R', 'R', 'F', 'F', 'F', 'F', 'F', 'F', 'F', 'F', 'F', 'D', 'D', 'D', 'D', 'D', 'D', 'D', 'D', 'D', 'L', 'L', 'L', 'L', 'L', 'L', 'L', 'L', 'L', 'B', 'B', 'B', 'B', 'B', 'B', 'B', 'B', 'B']
post state: ['U', 'U', 'U', 'U', 'U', 'U', 'U', 'U', 'U', 'R', 'R', 'R', 'R', 'R', 'R', 'R', 'R', 'R', 'F', 'F', 'F', 'F', 'F', 'F', 'F', 'F', 'F', 'D', 'D', 'D', 'D', 'D', 'D', 'D', 'D', 'D', 'L', 'L', 'L', 'L', 'L', 'L', 'L', 'L', 'L', 'B', 'B', 'B', 'B', 'B', 'B', 'B', 'B', 'B']
Cube solved
iter: 6
scramble:F' L' B' L' U L2 D R D U' R2 U' F' B2 R' U' L R2 F2 R B' L' R2 U D'
Serial timeout set to 10
Contour extraction: 0.193478822708
('R', 'O', 'Y', 'G', 'B', 'W')
colour extraction: 0.184978961945
['U', 'U', 'L', 'U', 'U', 'R', 'B', 'B', 'B', 'D', 'D', 'F', 'B', 'R', 'L', 'D', 'B', 'F', 'U', 'D', 'R', 'L', 'F', 'L', 'L', 'U', 'R', 'F', 'B', 'F', 'F', 'D', 'R', 'L', 'F', 'R', 'B', 'F', 'L', 'F', 'L', 'D', 'B', 'D', 'D', 'U', 'R', 'R', 'U', 'B', 'L', 'U', 'R', 'D']
Contour extraction: 0.201631069183
('R', 'O', 'Y', 'G', 'B', 'W')
colour extraction: 0.183232069016
['U', 'U', 'L', 'U', 'U', 'R', 'B', 'B', 'B', 'D', 'D', 'F', 'B', 'R', 'L', 'D', 'B', 'F', 'U', 'D', 'R', 'L', 'F', 'L', 'L', 'U', 'R', 'F', 'B', 'F', 'F', 'D', 'R', 'L', 'F', 'R', 'B', 'F', 'L', 'F', 'L', 'D', 'B', 'D', 'D', 'U', 'R', 'R', 'U', 'B', 'L', 'U', 'R', 'D']
Cubie counts
Counter({'B': 9, 'D': 9, 'F': 9, 'L': 9, 'R': 9, 'U': 9})
Serial timeout set to 10
########################################
Elapsed time: 2.61899209023
CV Read time: 0.572187900543
Solve time:   0.209367036819
Motor time:   1.83743715286
Solution:     D2 L B D2 R' D' B L F U' R' B2 R2 D' L2 D' R2 U' F2 U2 D
Face-turns:   21
Quarter-turns:29
########################################
Contour extraction: 0.211181879044
('R', 'O', 'Y', 'G', 'B', 'W')
colour extraction: 0.169363021851
['U', 'U', 'U', 'U', 'U', 'U', 'U', 'U', 'U', 'R', 'R', 'R', 'R', 'R', 'R', 'R', 'R', 'R', 'F', 'F', 'F', 'F', 'F', 'F', 'F', 'F', 'F', 'D', 'D', 'D', 'D', 'D', 'D', 'D', 'D', 'D', 'L', 'L', 'L', 'L', 'L', 'L', 'L', 'L', 'L', 'B', 'B', 'B', 'B', 'B', 'B', 'B', 'B', 'B']
post state: ['U', 'U', 'U', 'U', 'U', 'U', 'U', 'U', 'U', 'R', 'R', 'R', 'R', 'R', 'R', 'R', 'R', 'R', 'F', 'F', 'F', 'F', 'F', 'F', 'F', 'F', 'F', 'D', 'D', 'D', 'D', 'D', 'D', 'D', 'D', 'D', 'L', 'L', 'L', 'L', 'L', 'L', 'L', 'L', 'L', 'B', 'B', 'B', 'B', 'B', 'B', 'B', 'B', 'B']
Cube solved
iter: 7
scramble:U F' U R' B2 F2 R' L2 R2 U' B' D F U L' F U2 B2 L2 R2
Serial timeout set to 10
Contour extraction: 0.205236911774
('R', 'O', 'Y', 'G', 'B', 'W')
colour extraction: 0.183492898941
['B', 'B', 'U', 'F', 'U', 'U', 'F', 'D', 'F', 'D', 'B', 'F', 'D', 'R', 'L', 'B', 'R', 'L', 'R', 'B', 'L', 'U', 'F', 'R', 'R', 'L', 'D', 'U', 'D', 'L', 'L', 'D', 'F', 'L', 'B', 'F', 'D', 'U', 'D', 'D', 'L', 'R', 'U', 'U', 'B', 'R', 'L', 'R', 'F', 'B', 'F', 'U', 'R', 'B']
Contour extraction: 0.217000007629
('R', 'O', 'Y', 'G', 'B', 'W')
colour extraction: 0.184289932251
['B', 'B', 'U', 'F', 'U', 'U', 'F', 'D', 'F', 'D', 'B', 'F', 'D', 'R', 'L', 'B', 'R', 'L', 'R', 'B', 'L', 'U', 'F', 'R', 'R', 'L', 'D', 'U', 'D', 'L', 'L', 'D', 'F', 'L', 'B', 'F', 'D', 'U', 'D', 'D', 'L', 'R', 'U', 'U', 'B', 'R', 'L', 'R', 'F', 'B', 'F', 'U', 'R', 'B']
Cubie counts
Counter({'B': 9, 'D': 9, 'F': 9, 'L': 9, 'R': 9, 'U': 9})
Serial timeout set to 10
########################################
Elapsed time: 2.5419178009
CV Read time: 0.612366914749
Solve time:   0.138889074326
Motor time:   1.79066181183
Solution:     U' R2 L' D F L' D B' D B' R' D F2 B2 D F2 R2 U' F2 U' R2
Face-turns:   21
Quarter-turns:28
########################################
Contour extraction: 0.195327997208
('R', 'O', 'Y', 'G', 'B', 'W')
colour extraction: 0.183145046234
['U', 'U', 'U', 'U', 'U', 'U', 'U', 'U', 'U', 'R', 'R', 'R', 'R', 'R', 'R', 'R', 'R', 'R', 'F', 'F', 'F', 'F', 'F', 'F', 'F', 'F', 'F', 'D', 'D', 'D', 'D', 'D', 'D', 'D', 'D', 'D', 'L', 'L', 'L', 'L', 'L', 'L', 'L', 'L', 'L', 'B', 'B', 'B', 'B', 'B', 'B', 'B', 'B', 'B']
post state: ['U', 'U', 'U', 'U', 'U', 'U', 'U', 'U', 'U', 'R', 'R', 'R', 'R', 'R', 'R', 'R', 'R', 'R', 'F', 'F', 'F', 'F', 'F', 'F', 'F', 'F', 'F', 'D', 'D', 'D', 'D', 'D', 'D', 'D', 'D', 'D', 'L', 'L', 'L', 'L', 'L', 'L', 'L', 'L', 'L', 'B', 'B', 'B', 'B', 'B', 'B', 'B', 'B', 'B']
Cube solved
iter: 8
scramble:F L2 U2 F2 D2 F R B' F' B' F' R2 F2 B2 U2 L2 R L R L F2
Serial timeout set to 10
Contour extraction: 0.164430856705
('R', 'O', 'Y', 'G', 'B', 'W')
colour extraction: 0.183504104614
['B', 'U', 'F', 'B', 'U', 'F', 'U', 'L', 'L', 'U', 'R', 'D', 'D', 'R', 'L', 'R', 'R', 'L', 'B', 'B', 'F', 'D', 'F', 'F', 'D', 'F', 'U', 'B', 'L', 'F', 'D', 'D', 'U', 'R', 'U', 'D', 'U', 'R', 'R', 'D', 'L', 'L', 'D', 'R', 'L', 'R', 'F', 'L', 'U', 'B', 'B', 'F', 'B', 'B']
Contour extraction: 0.166701078415
('R', 'O', 'Y', 'G', 'B', 'W')
colour extraction: 0.183137893677
['B', 'U', 'F', 'B', 'U', 'F', 'U', 'L', 'L', 'U', 'R', 'D', 'D', 'R', 'L', 'R', 'R', 'L', 'B', 'B', 'F', 'D', 'F', 'F', 'D', 'F', 'U', 'B', 'L', 'F', 'D', 'D', 'U', 'R', 'U', 'D', 'U', 'R', 'R', 'D', 'L', 'L', 'D', 'R', 'L', 'R', 'F', 'L', 'U', 'B', 'B', 'F', 'B', 'B']
Cubie counts
Counter({'B': 9, 'D': 9, 'F': 9, 'L': 9, 'R': 9, 'U': 9})
Serial timeout set to 10
########################################
Elapsed time: 2.31934690475
CV Read time: 0.55918097496
Solve time:   0.00567483901978
Motor time:   1.75449109077
Solution:     L2 F R D' R' D' L2 F2 R' D2 R2 D' L2 D R2 U2 F2 U F2
Face-turns:   19
Quarter-turns:29
########################################
Contour extraction: 0.186581134796
('R', 'O', 'Y', 'G', 'B', 'W')
colour extraction: 0.18470287323
['U', 'U', 'U', 'U', 'U', 'U', 'U', 'U', 'U', 'R', 'R', 'R', 'R', 'R', 'R', 'R', 'R', 'R', 'F', 'F', 'F', 'F', 'F', 'F', 'F', 'F', 'F', 'D', 'D', 'D', 'D', 'D', 'D', 'D', 'D', 'D', 'L', 'L', 'L', 'L', 'L', 'L', 'L', 'L', 'L', 'B', 'B', 'B', 'B', 'B', 'B', 'B', 'B', 'B']
post state: ['U', 'U', 'U', 'U', 'U', 'U', 'U', 'U', 'U', 'R', 'R', 'R', 'R', 'R', 'R', 'R', 'R', 'R', 'F', 'F', 'F', 'F', 'F', 'F', 'F', 'F', 'F', 'D', 'D', 'D', 'D', 'D', 'D', 'D', 'D', 'D', 'L', 'L', 'L', 'L', 'L', 'L', 'L', 'L', 'L', 'B', 'B', 'B', 'B', 'B', 'B', 'B', 'B', 'B']
Cube solved
iter: 9
scramble:B' R' U' B' F U2 B2 L2 F L2 F' D2 L R' L2 F2 U F' R2 B D R' D' B2 R D L' R2
Serial timeout set to 10
Contour extraction: 0.167589902878
('R', 'O', 'Y', 'G', 'B', 'W')
colour extraction: 0.184305906296
['R', 'F', 'B', 'R', 'U', 'D', 'D', 'R', 'R', 'D', 'L', 'L', 'D', 'R', 'D', 'L', 'U', 'F', 'L', 'F', 'F', 'D', 'F', 'F', 'R', 'R', 'B', 'B', 'U', 'D', 'B', 'D', 'L', 'U', 'B', 'R', 'U', 'B', 'F', 'F', 'L', 'B', 'L', 'L', 'D', 'U', 'U', 'B', 'R', 'B', 'L', 'U', 'U', 'F']
Contour extraction: 0.177076101303
('R', 'O', 'Y', 'G', 'B', 'W')
colour extraction: 0.184729099274
['R', 'F', 'B', 'R', 'U', 'D', 'D', 'R', 'R', 'D', 'L', 'L', 'D', 'R', 'D', 'L', 'U', 'F', 'L', 'F', 'F', 'D', 'F', 'F', 'R', 'R', 'B', 'B', 'U', 'D', 'B', 'D', 'L', 'U', 'B', 'R', 'U', 'B', 'F', 'F', 'L', 'B', 'L', 'L', 'D', 'U', 'U', 'B', 'R', 'B', 'L', 'U', 'U', 'F']
Cubie counts
Counter({'B': 9, 'D': 9, 'F': 9, 'L': 9, 'R': 9, 'U': 9})
Serial timeout set to 10
########################################
Elapsed time: 2.87681984901
CV Read time: 0.56803393364
Solve time:   0.371959924698
Motor time:   1.93682599068
Solution:     L' B L2 D L2 D L' F R' U2 R' D2 B2 U2 R2 U L2 D L2 B2 R2
Face-turns:   21
Quarter-turns:32
########################################
Contour extraction: 0.167011022568
('R', 'O', 'Y', 'G', 'B', 'W')
colour extraction: 0.184289216995
['U', 'U', 'U', 'U', 'U', 'U', 'U', 'U', 'U', 'R', 'R', 'R', 'R', 'R', 'R', 'R', 'R', 'R', 'F', 'F', 'F', 'F', 'F', 'F', 'F', 'F', 'F', 'D', 'D', 'D', 'D', 'D', 'D', 'D', 'D', 'D', 'L', 'L', 'L', 'L', 'L', 'L', 'L', 'L', 'L', 'B', 'B', 'B', 'B', 'B', 'B', 'B', 'B', 'B']
post state: ['U', 'U', 'U', 'U', 'U', 'U', 'U', 'U', 'U', 'R', 'R', 'R', 'R', 'R', 'R', 'R', 'R', 'R', 'F', 'F', 'F', 'F', 'F', 'F', 'F', 'F', 'F', 'D', 'D', 'D', 'D', 'D', 'D', 'D', 'D', 'D', 'L', 'L', 'L', 'L', 'L', 'L', 'L', 'L', 'L', 'B', 'B', 'B', 'B', 'B', 'B', 'B', 'B', 'B']
Cube solved
iter: 10
scramble:U R B D' R2 L U2 L B2 U' L F B' L B2 F D B2 L2 R2 F2 U D' L2 R2 D2 B' U L2 U' B' L F2 D2 F' L' R B D2
Serial timeout set to 10
Contour extraction: 0.188817977905
('R', 'O', 'Y', 'G', 'B', 'W')
colour extraction: 0.16798210144
['F', 'F', 'B', 'U', 'U', 'U', 'U', 'D', 'B', 'U', 'F', 'U', 'B', 'R', 'F', 'U', 'F', 'R', 'R', 'R', 'L', 'R', 'F', 'U', 'D', 'L', 'L', 'B', 'B', 'F', 'U', 'D', 'D', 'R', 'L', 'F', 'D', 'R', 'F', 'D', 'L', 'B', 'D', 'L', 'L', 'R', 'L', 'L', 'R', 'B', 'B', 'D', 'D', 'B']
Contour extraction: 0.200752019882
('R', 'O', 'Y', 'G', 'B', 'W')
colour extraction: 0.168174028397
['F', 'F', 'B', 'U', 'U', 'U', 'U', 'D', 'B', 'U', 'F', 'U', 'B', 'R', 'F', 'U', 'F', 'R', 'R', 'R', 'L', 'R', 'F', 'U', 'D', 'L', 'L', 'B', 'B', 'F', 'U', 'D', 'D', 'R', 'L', 'F', 'D', 'R', 'F', 'D', 'L', 'B', 'D', 'L', 'L', 'R', 'L', 'L', 'R', 'B', 'B', 'D', 'D', 'B']
Cubie counts
Counter({'B': 9, 'D': 9, 'F': 9, 'L': 9, 'R': 9, 'U': 9})
Serial timeout set to 10
########################################
Elapsed time: 2.54024887085
CV Read time: 0.56886100769
Solve time:   0.0933699607849
Motor time:   1.87801790237
Solution:     U L B' D' F2 L B' R' F U2 F' L2 F2 B2 D F2 L2 U F2 D' B2
Face-turns:   21
Quarter-turns:30
########################################
Contour extraction: 0.211382865906
('R', 'O', 'Y', 'G', 'B', 'W')
colour extraction: 0.16868019104
['U', 'U', 'U', 'U', 'U', 'U', 'U', 'U', 'U', 'R', 'R', 'R', 'R', 'R', 'R', 'R', 'R', 'R', 'F', 'F', 'F', 'F', 'F', 'F', 'F', 'F', 'F', 'D', 'D', 'D', 'D', 'D', 'D', 'D', 'D', 'D', 'L', 'L', 'L', 'L', 'L', 'L', 'L', 'L', 'L', 'B', 'B', 'B', 'B', 'B', 'B', 'B', 'B', 'B']
post state: ['U', 'U', 'U', 'U', 'U', 'U', 'U', 'U', 'U', 'R', 'R', 'R', 'R', 'R', 'R', 'R', 'R', 'R', 'F', 'F', 'F', 'F', 'F', 'F', 'F', 'F', 'F', 'D', 'D', 'D', 'D', 'D', 'D', 'D', 'D', 'D', 'L', 'L', 'L', 'L', 'L', 'L', 'L', 'L', 'L', 'B', 'B', 'B', 'B', 'B', 'B', 'B', 'B', 'B']
Cube solved
iter: 11
scramble:D R2 U' B F' L2 D L' R U' F2 R2 D2 R2 F' D' B U2 L' B' F' R2 D' U R B L D' L2 D2 F B U' B' F' L D' F2 R2 B
Serial timeout set to 10
Contour extraction: 0.18484210968
('R', 'O', 'Y', 'G', 'B', 'W')
colour extraction: 0.16907119751
['L', 'L', 'R', 'U', 'U', 'D', 'L', 'U', 'L', 'F', 'R', 'B', 'L', 'R', 'F', 'L', 'L', 'R', 'U', 'B', 'D', 'R', 'F', 'B', 'R', 'D', 'U', 'F', 'F', 'B', 'U', 'D', 'F', 'D', 'D', 'F', 'D', 'R', 'F', 'L', 'L', 'B', 'B', 'F', 'U', 'U', 'D', 'B', 'R', 'B', 'U', 'D', 'B', 'R']
Contour extraction: 0.203578948975
('R', 'O', 'Y', 'G', 'B', 'W')
colour extraction: 0.168951034546
['L', 'L', 'R', 'U', 'U', 'D', 'L', 'U', 'L', 'F', 'R', 'B', 'L', 'R', 'F', 'L', 'L', 'R', 'U', 'B', 'D', 'R', 'F', 'B', 'R', 'D', 'U', 'F', 'F', 'B', 'U', 'D', 'F', 'D', 'D', 'F', 'D', 'R', 'F', 'L', 'L', 'B', 'B', 'F', 'U', 'U', 'D', 'B', 'R', 'B', 'U', 'D', 'B', 'R']
Cubie counts
Counter({'B': 9, 'D': 9, 'F': 9, 'L': 9, 'R': 9, 'U': 9})
Serial timeout set to 10
########################################
Elapsed time: 2.70778179169
CV Read time: 0.577956914902
Solve time:   0.190089941025
Motor time:   1.93973493576
Solution:     F D F2 L2 D B L' U' F2 D2 L U2 L2 B2 D L2 U' F2 D R2 B2
Face-turns:   21
Quarter-turns:32
########################################
Contour extraction: 0.208090782166
('R', 'O', 'Y', 'G', 'B', 'W')
colour extraction: 0.168594837189
['U', 'U', 'U', 'U', 'U', 'U', 'U', 'U', 'U', 'R', 'R', 'R', 'R', 'R', 'R', 'R', 'R', 'R', 'F', 'F', 'F', 'F', 'F', 'F', 'F', 'F', 'F', 'D', 'D', 'D', 'D', 'D', 'D', 'D', 'D', 'D', 'L', 'L', 'L', 'L', 'L', 'L', 'L', 'L', 'L', 'B', 'B', 'B', 'B', 'B', 'B', 'B', 'B', 'B']
post state: ['U', 'U', 'U', 'U', 'U', 'U', 'U', 'U', 'U', 'R', 'R', 'R', 'R', 'R', 'R', 'R', 'R', 'R', 'F', 'F', 'F', 'F', 'F', 'F', 'F', 'F', 'F', 'D', 'D', 'D', 'D', 'D', 'D', 'D', 'D', 'D', 'L', 'L', 'L', 'L', 'L', 'L', 'L', 'L', 'L', 'B', 'B', 'B', 'B', 'B', 'B', 'B', 'B', 'B']
Cube solved
iter: 12
scramble:R' B F' U2 F L F2 L R' F' D' F D2 L' U' R' U2 R2 B2 L2 D2 R U' R2 U2 L D' R' L' D2 F D2 F'
Serial timeout set to 10
Contour extraction: 0.191620826721
('R', 'O', 'Y', 'G', 'B', 'W')
colour extraction: 0.17630815506
['D', 'F', 'R', 'D', 'U', 'F', 'F', 'U', 'L', 'B', 'R', 'B', 'B', 'R', 'R', 'L', 'L', 'D', 'U', 'B', 'U', 'R', 'F', 'D', 'F', 'F', 'B', 'R', 'D', 'D', 'R', 'D', 'U', 'U', 'F', 'B', 'L', 'L', 'R', 'B', 'L', 'B', 'L', 'U', 'D', 'U', 'L', 'F', 'D', 'B', 'L', 'R', 'U', 'F']
Contour extraction: 0.182694911957
('R', 'O', 'Y', 'G', 'B', 'W')
colour extraction: 0.17697095871
['D', 'F', 'R', 'D', 'U', 'F', 'F', 'U', 'L', 'B', 'R', 'B', 'B', 'R', 'R', 'L', 'L', 'D', 'U', 'B', 'U', 'R', 'F', 'D', 'F', 'F', 'B', 'R', 'D', 'D', 'R', 'D', 'U', 'U', 'F', 'B', 'L', 'L', 'R', 'B', 'L', 'B', 'L', 'U', 'D', 'U', 'L', 'F', 'D', 'B', 'L', 'R', 'U', 'F']
Cubie counts
Counter({'B': 9, 'D': 9, 'F': 9, 'L': 9, 'R': 9, 'U': 9})
Serial timeout set to 10
########################################
Elapsed time: 2.59362006187
CV Read time: 0.562654972076
Solve time:   0.131777048111
Motor time:   1.89918804169
Solution:     U' F' L' D' F U' R D2 F U2 R F2 B2 R2 B2 U2 F2 D R2 U2 D
Face-turns:   21
Quarter-turns:31
########################################
Contour extraction: 0.196253061295
('R', 'O', 'Y', 'G', 'B', 'W')
colour extraction: 0.176625967026
['U', 'U', 'U', 'U', 'U', 'U', 'U', 'U', 'U', 'R', 'R', 'R', 'R', 'R', 'R', 'R', 'R', 'R', 'F', 'F', 'F', 'F', 'F', 'F', 'F', 'F', 'F', 'D', 'D', 'D', 'D', 'D', 'D', 'D', 'D', 'D', 'L', 'L', 'L', 'L', 'L', 'L', 'L', 'L', 'L', 'B', 'B', 'B', 'B', 'B', 'B', 'B', 'B', 'B']
post state: ['U', 'U', 'U', 'U', 'U', 'U', 'U', 'U', 'U', 'R', 'R', 'R', 'R', 'R', 'R', 'R', 'R', 'R', 'F', 'F', 'F', 'F', 'F', 'F', 'F', 'F', 'F', 'D', 'D', 'D', 'D', 'D', 'D', 'D', 'D', 'D', 'L', 'L', 'L', 'L', 'L', 'L', 'L', 'L', 'L', 'B', 'B', 'B', 'B', 'B', 'B', 'B', 'B', 'B']
Cube solved
iter: 13
scramble:D2 R D F R F' R2 F2 R2 L F' B F' U' F2 D2 B' U L' B' D' B2 F' U' D' L D F2 L
Serial timeout set to 10
Contour extraction: 0.192238092422
('R', 'O', 'Y', 'G', 'B', 'W')
colour extraction: 0.168069124222
['D', 'U', 'D', 'R', 'U', 'L', 'F', 'D', 'U', 'B', 'D', 'L', 'B', 'R', 'B', 'D', 'U', 'L', 'U', 'B', 'R', 'F', 'F', 'L', 'U', 'L', 'B', 'F', 'U', 'R', 'R', 'D', 'F', 'R', 'R', 'U', 'L', 'U', 'R', 'D', 'L', 'L', 'F', 'F', 'L', 'B', 'B', 'F', 'R', 'B', 'F', 'B', 'D', 'D']
Contour extraction: 0.164960861206
('R', 'O', 'Y', 'G', 'B', 'W')
colour extraction: 0.168344974518
['D', 'U', 'D', 'R', 'U', 'L', 'F', 'D', 'U', 'B', 'D', 'L', 'B', 'R', 'B', 'D', 'U', 'L', 'U', 'B', 'R', 'F', 'F', 'L', 'U', 'L', 'B', 'F', 'U', 'R', 'R', 'D', 'F', 'R', 'R', 'U', 'L', 'U', 'R', 'D', 'L', 'L', 'F', 'F', 'L', 'B', 'B', 'F', 'R', 'B', 'F', 'B', 'D', 'D']
Cubie counts
Counter({'B': 9, 'D': 9, 'F': 9, 'L': 9, 'R': 9, 'U': 9})
Serial timeout set to 10
########################################
Elapsed time: 2.38977098465
CV Read time: 0.532995939255
Solve time:   0.0574769973755
Motor time:   1.79929804802
Solution:     L D2 R F L U D B' D' F U B2 D2 L2 F2 L2 U F2 U2 F2
Face-turns:   20
Quarter-turns:29
########################################
Contour extraction: 0.188365936279
('R', 'O', 'Y', 'G', 'B', 'W')
colour extraction: 0.168518066406
['U', 'U', 'U', 'U', 'U', 'U', 'U', 'U', 'U', 'R', 'R', 'R', 'R', 'R', 'R', 'R', 'R', 'R', 'F', 'F', 'F', 'F', 'F', 'F', 'F', 'F', 'F', 'D', 'D', 'D', 'D', 'D', 'D', 'D', 'D', 'D', 'L', 'L', 'L', 'L', 'L', 'L', 'L', 'L', 'L', 'B', 'B', 'B', 'B', 'B', 'B', 'B', 'B', 'B']
post state: ['U', 'U', 'U', 'U', 'U', 'U', 'U', 'U', 'U', 'R', 'R', 'R', 'R', 'R', 'R', 'R', 'R', 'R', 'F', 'F', 'F', 'F', 'F', 'F', 'F', 'F', 'F', 'D', 'D', 'D', 'D', 'D', 'D', 'D', 'D', 'D', 'L', 'L', 'L', 'L', 'L', 'L', 'L', 'L', 'L', 'B', 'B', 'B', 'B', 'B', 'B', 'B', 'B', 'B']
Cube solved
iter: 14
scramble:B' R2 D' F R' U2 F2 B2 U2 B U' D U2 B2 F' D2 B2 R' B' D' F R B2 R' D2 R2 B'
Serial timeout set to 10
Contour extraction: 0.210000991821
('R', 'O', 'Y', 'G', 'B', 'W')
colour extraction: 0.168357133865
['F', 'L', 'U', 'D', 'U', 'U', 'B', 'F', 'D', 'R', 'L', 'R', 'R', 'R', 'L', 'L', 'F', 'F', 'L', 'R', 'B', 'D', 'F', 'D', 'F', 'B', 'U', 'L', 'U', 'B', 'R', 'D', 'U', 'F', 'U', 'D', 'U', 'L', 'D', 'B', 'L', 'F', 'L', 'B', 'U', 'B', 'F', 'R', 'B', 'B', 'D', 'R', 'R', 'D']
Contour extraction: 0.253531932831
('R', 'O', 'Y', 'G', 'B', 'W')
colour extraction: 0.168778181076
['F', 'L', 'U', 'D', 'U', 'U', 'B', 'F', 'D', 'R', 'L', 'R', 'R', 'R', 'L', 'L', 'F', 'F', 'L', 'R', 'B', 'D', 'F', 'D', 'F', 'B', 'U', 'L', 'U', 'B', 'R', 'D', 'U', 'F', 'U', 'D', 'U', 'L', 'D', 'B', 'L', 'F', 'L', 'B', 'U', 'B', 'F', 'R', 'B', 'B', 'D', 'R', 'R', 'D']
Cubie counts
Counter({'B': 9, 'D': 9, 'F': 9, 'L': 9, 'R': 9, 'U': 9})
Serial timeout set to 10
########################################
Elapsed time: 2.87827587128
CV Read time: 0.633736848831
Solve time:   0.270467996597
Motor time:   1.97407102585
Solution:     U2 L' F' B2 D F L2 B' U2 B R B2 L2 D2 F2 D2 F2 R2 U' F2 U'
Face-turns:   21
Quarter-turns:33
########################################
Contour extraction: 0.197733879089
('R', 'O', 'Y', 'G', 'B', 'W')
colour extraction: 0.168308973312
['U', 'U', 'U', 'U', 'U', 'U', 'U', 'U', 'U', 'R', 'R', 'R', 'R', 'R', 'R', 'R', 'R', 'R', 'F', 'F', 'F', 'F', 'F', 'F', 'F', 'F', 'F', 'D', 'D', 'D', 'D', 'D', 'D', 'D', 'D', 'D', 'L', 'L', 'L', 'L', 'L', 'L', 'L', 'L', 'L', 'B', 'B', 'B', 'B', 'B', 'B', 'B', 'B', 'B']
post state: ['U', 'U', 'U', 'U', 'U', 'U', 'U', 'U', 'U', 'R', 'R', 'R', 'R', 'R', 'R', 'R', 'R', 'R', 'F', 'F', 'F', 'F', 'F', 'F', 'F', 'F', 'F', 'D', 'D', 'D', 'D', 'D', 'D', 'D', 'D', 'D', 'L', 'L', 'L', 'L', 'L', 'L', 'L', 'L', 'L', 'B', 'B', 'B', 'B', 'B', 'B', 'B', 'B', 'B']
Cube solved
iter: 15
scramble:L2 F U L' R' F B' U R2 L' U2 L D2 U2 D L B L U2 F2 U' L F2 L2 U D2 L' F' R' B
Serial timeout set to 10
Contour extraction: 0.207589864731
('R', 'O', 'Y', 'G', 'B', 'W')
colour extraction: 0.168357133865
['R', 'U', 'R', 'F', 'U', 'L', 'R', 'R', 'L', 'D', 'F', 'D', 'F', 'R', 'L', 'R', 'U', 'L', 'D', 'B', 'B', 'L', 'F', 'D', 'U', 'R', 'U', 'L', 'D', 'F', 'B', 'D', 'B', 'L', 'R', 'D', 'U', 'R', 'F', 'L', 'L', 'B', 'F', 'D', 'B', 'B', 'F', 'B', 'U', 'B', 'D', 'F', 'U', 'U']
Contour extraction: 0.181087017059
('R', 'O', 'Y', 'G', 'B', 'W')
colour extraction: 0.168478012085
['R', 'U', 'R', 'F', 'U', 'L', 'R', 'R', 'L', 'D', 'F', 'D', 'F', 'R', 'L', 'R', 'U', 'L', 'D', 'B', 'B', 'L', 'F', 'D', 'U', 'R', 'U', 'L', 'D', 'F', 'B', 'D', 'B', 'L', 'R', 'D', 'U', 'R', 'F', 'L', 'L', 'B', 'F', 'D', 'B', 'B', 'F', 'B', 'U', 'B', 'D', 'F', 'U', 'U']
Cubie counts
Counter({'B': 9, 'D': 9, 'F': 9, 'L': 9, 'R': 9, 'U': 9})
Serial timeout set to 10
########################################
Elapsed time: 2.69517183304
CV Read time: 0.5433177948
Solve time:   0.215221166611
Motor time:   1.93663287163
Solution:     D2 R2 D2 F' D' F' B2 D2 R L B D' B2 D' B2 R2 U' B2 R2 F2 U'
Face-turns:   21
Quarter-turns:32
########################################
Contour extraction: 0.202161073685
('R', 'O', 'Y', 'G', 'B', 'W')
colour extraction: 0.179390907288
['U', 'U', 'U', 'U', 'U', 'U', 'U', 'U', 'U', 'R', 'R', 'R', 'R', 'R', 'R', 'R', 'R', 'R', 'F', 'F', 'F', 'F', 'F', 'F', 'F', 'F', 'F', 'D', 'D', 'D', 'D', 'D', 'D', 'D', 'D', 'D', 'L', 'L', 'L', 'L', 'L', 'L', 'L', 'L', 'L', 'B', 'B', 'B', 'B', 'B', 'B', 'B', 'B', 'B']
post state: ['U', 'U', 'U', 'U', 'U', 'U', 'U', 'U', 'U', 'R', 'R', 'R', 'R', 'R', 'R', 'R', 'R', 'R', 'F', 'F', 'F', 'F', 'F', 'F', 'F', 'F', 'F', 'D', 'D', 'D', 'D', 'D', 'D', 'D', 'D', 'D', 'L', 'L', 'L', 'L', 'L', 'L', 'L', 'L', 'L', 'B', 'B', 'B', 'B', 'B', 'B', 'B', 'B', 'B']
Cube solved
iter: 16
scramble:B2 F2 D' B' D' U' F2 L R' B' U' R' U2 L U2 B F R2 U' B' D2 R2 U L2 F L' F D2 R' L2 U' L F R
Serial timeout set to 10
Contour extraction: 0.181293964386
('R', 'O', 'Y', 'G', 'B', 'W')
colour extraction: 0.184756040573
['R', 'L', 'D', 'F', 'U', 'R', 'R', 'F', 'U', 'L', 'U', 'R', 'L', 'R', 'R', 'B', 'U', 'L', 'U', 'R', 'B', 'U', 'F', 'F', 'R', 'B', 'D', 'F', 'D', 'L', 'F', 'D', 'L', 'L', 'R', 'F', 'B', 'D', 'B', 'L', 'L', 'B', 'D', 'U', 'U', 'F', 'B', 'D', 'D', 'B', 'D', 'U', 'B', 'F']
Contour extraction: 0.177367925644
('R', 'O', 'Y', 'G', 'B', 'W')
colour extraction: 0.184287071228
['R', 'L', 'D', 'F', 'U', 'R', 'R', 'F', 'U', 'L', 'U', 'R', 'L', 'R', 'R', 'B', 'U', 'L', 'U', 'R', 'B', 'U', 'F', 'F', 'R', 'B', 'D', 'F', 'D', 'L', 'F', 'D', 'L', 'L', 'R', 'F', 'B', 'D', 'B', 'L', 'L', 'B', 'D', 'U', 'U', 'F', 'B', 'D', 'D', 'B', 'D', 'U', 'B', 'F']
Cubie counts
Counter({'B': 9, 'D': 9, 'F': 9, 'L': 9, 'R': 9, 'U': 9})
Serial timeout set to 10
########################################
Elapsed time: 2.7327978611
CV Read time: 0.564483880997
Solve time:   0.332952022552
Motor time:   1.83536195755
Solution:     L F R' F' B' D' F2 U' F' U F' U' F2 B2 D L2 F2 D F2 L2 D2
Face-turns:   21
Quarter-turns:29
########################################
Contour extraction: 0.215829133987
('R', 'O', 'Y', 'G', 'B', 'W')
colour extraction: 0.185731887817
['U', 'U', 'U', 'U', 'U', 'U', 'U', 'U', 'U', 'R', 'R', 'R', 'R', 'R', 'R', 'R', 'R', 'R', 'F', 'F', 'F', 'F', 'F', 'F', 'F', 'F', 'F', 'D', 'D', 'D', 'D', 'D', 'D', 'D', 'D', 'D', 'L', 'L', 'L', 'L', 'L', 'L', 'L', 'L', 'L', 'B', 'B', 'B', 'B', 'B', 'B', 'B', 'B', 'B']
post state: ['U', 'U', 'U', 'U', 'U', 'U', 'U', 'U', 'U', 'R', 'R', 'R', 'R', 'R', 'R', 'R', 'R', 'R', 'F', 'F', 'F', 'F', 'F', 'F', 'F', 'F', 'F', 'D', 'D', 'D', 'D', 'D', 'D', 'D', 'D', 'D', 'L', 'L', 'L', 'L', 'L', 'L', 'L', 'L', 'L', 'B', 'B', 'B', 'B', 'B', 'B', 'B', 'B', 'B']
Cube solved
iter: 17
scramble:L' B' R L R2 F B2 L B' U B2 D' F' D2 L2 U' D' R2 B D U L2 F D' U2 F' R' B2 R' L2 B F2 B L2 F' D2 B2 L2
Serial timeout set to 10
Contour extraction: 0.178129911423
('R', 'O', 'Y', 'G', 'B', 'W')
colour extraction: 0.184252023697
['B', 'R', 'R', 'B', 'U', 'B', 'B', 'F', 'R', 'U', 'R', 'F', 'D', 'R', 'L', 'F', 'U', 'D', 'D', 'U', 'B', 'B', 'F', 'B', 'D', 'R', 'R', 'B', 'D', 'U', 'F', 'D', 'L', 'F', 'L', 'F', 'U', 'U', 'R', 'F', 'L', 'L', 'U', 'R', 'L', 'D', 'U', 'L', 'F', 'B', 'D', 'L', 'D', 'L']
Contour extraction: 0.179329156876
('R', 'O', 'Y', 'G', 'B', 'W')
colour extraction: 0.183714151382
['B', 'R', 'R', 'B', 'U', 'B', 'B', 'F', 'R', 'U', 'R', 'F', 'D', 'R', 'L', 'F', 'U', 'D', 'D', 'U', 'B', 'B', 'F', 'B', 'D', 'R', 'R', 'B', 'D', 'U', 'F', 'D', 'L', 'F', 'L', 'F', 'U', 'U', 'R', 'F', 'L', 'L', 'U', 'R', 'L', 'D', 'U', 'L', 'F', 'B', 'D', 'L', 'D', 'L']
Cubie counts
Counter({'B': 9, 'D': 9, 'F': 9, 'L': 9, 'R': 9, 'U': 9})
Serial timeout set to 10
########################################
Elapsed time: 2.88182401657
CV Read time: 0.565880060196
Solve time:   0.343891859055
Motor time:   1.97205209732
Solution:     D2 R' F D2 B' D2 B L' B' R F R2 L2 F2 L2 D L2 U2 B2 R2 U2
Face-turns:   21
Quarter-turns:33
########################################
Contour extraction: 0.174345016479
('R', 'O', 'Y', 'G', 'B', 'W')
colour extraction: 0.185883045197
['U', 'U', 'U', 'U', 'U', 'U', 'U', 'U', 'U', 'R', 'R', 'R', 'R', 'R', 'R', 'R', 'R', 'R', 'F', 'F', 'F', 'F', 'F', 'F', 'F', 'F', 'F', 'D', 'D', 'D', 'D', 'D', 'D', 'D', 'D', 'D', 'L', 'L', 'L', 'L', 'L', 'L', 'L', 'L', 'L', 'B', 'B', 'B', 'B', 'B', 'B', 'B', 'B', 'B']
post state: ['U', 'U', 'U', 'U', 'U', 'U', 'U', 'U', 'U', 'R', 'R', 'R', 'R', 'R', 'R', 'R', 'R', 'R', 'F', 'F', 'F', 'F', 'F', 'F', 'F', 'F', 'F', 'D', 'D', 'D', 'D', 'D', 'D', 'D', 'D', 'D', 'L', 'L', 'L', 'L', 'L', 'L', 'L', 'L', 'L', 'B', 'B', 'B', 'B', 'B', 'B', 'B', 'B', 'B']
Cube solved
iter: 18
scramble:R L2 F R2 B F2 L B2 F' L B D' B' L2 U' L2 U2 D' U2 L' U' D2 B' R2 F' B' U' F R F' L D2 R D2
Serial timeout set to 10
Contour extraction: 0.173790931702
('R', 'O', 'Y', 'G', 'B', 'W')
colour extraction: 0.183223009109
['F', 'R', 'D', 'U', 'U', 'F', 'L', 'D', 'F', 'L', 'L', 'B', 'B', 'R', 'B', 'R', 'D', 'B', 'F', 'L', 'U', 'R', 'F', 'U', 'R', 'F', 'U', 'U', 'R', 'F', 'D', 'D', 'B', 'D', 'L', 'L', 'R', 'L', 'D', 'F', 'L', 'U', 'L', 'F', 'B', 'R', 'D', 'D', 'R', 'B', 'U', 'U', 'B', 'B']
Contour extraction: 0.165141105652
('R', 'O', 'Y', 'G', 'B', 'W')
colour extraction: 0.18460893631
['F', 'R', 'D', 'U', 'U', 'F', 'L', 'D', 'F', 'L', 'L', 'B', 'B', 'R', 'B', 'R', 'D', 'B', 'F', 'L', 'U', 'R', 'F', 'U', 'R', 'F', 'U', 'U', 'R', 'F', 'D', 'D', 'B', 'D', 'L', 'L', 'R', 'L', 'D', 'F', 'L', 'U', 'L', 'F', 'B', 'R', 'D', 'D', 'R', 'B', 'U', 'U', 'B', 'B']
Cubie counts
Counter({'B': 9, 'D': 9, 'F': 9, 'L': 9, 'R': 9, 'U': 9})
Serial timeout set to 10
########################################
Elapsed time: 2.35561490059
CV Read time: 0.560818910599
Solve time:   0.00535202026367
Motor time:   1.78944396973
Solution:     U2 L2 B U R U' L2 F' D2 L F2 B2 U2 B2 R2 D' R2 F2 D'
Face-turns:   19
Quarter-turns:30
########################################
Contour extraction: 0.169864177704
('R', 'O', 'Y', 'G', 'B', 'W')
colour extraction: 0.168560028076
['U', 'U', 'U', 'U', 'U', 'U', 'U', 'U', 'U', 'R', 'R', 'R', 'R', 'R', 'R', 'R', 'R', 'R', 'F', 'F', 'F', 'F', 'F', 'F', 'F', 'F', 'F', 'D', 'D', 'D', 'D', 'D', 'D', 'D', 'D', 'D', 'L', 'L', 'L', 'L', 'L', 'L', 'L', 'L', 'L', 'B', 'B', 'B', 'B', 'B', 'B', 'B', 'B', 'B']
post state: ['U', 'U', 'U', 'U', 'U', 'U', 'U', 'U', 'U', 'R', 'R', 'R', 'R', 'R', 'R', 'R', 'R', 'R', 'F', 'F', 'F', 'F', 'F', 'F', 'F', 'F', 'F', 'D', 'D', 'D', 'D', 'D', 'D', 'D', 'D', 'D', 'L', 'L', 'L', 'L', 'L', 'L', 'L', 'L', 'L', 'B', 'B', 'B', 'B', 'B', 'B', 'B', 'B', 'B']
Cube solved
iter: 19
