Coordinate correlation loaded from: /home/pi/Desktop/rubiks/src/cuber/../cfg/correlation.npy
Colour correlation loaded from: /home/pi/Desktop/rubiks/src/cuber/../cfg/colours.npy
scramble:D' B L' B F' L2 R' D' B D2 U2 D2 U F2 L' R' L2 F2 U' F' R2 F2 L' B U2 F B2 L2 F2 U' B
Serial timeout set to 10
threaded imaging: 0.784610033035
population: 0.784795045853
('R', 'O', 'Y', 'G', 'B', 'W')
['R', 'R', 'D', 'U', 'U', 'F', 'B', 'F', 'U', 'L', 'F', 'U', 'F', 'R', 'D', 'D', 'B', 'F', 'D', 'R', 'U', 'F', 'F', 'U', 'U', 'B', 'D', 'L', 'L', 'B', 'U', 'D', 'L', 'L', 'B', 'U', 'D', 'D', 'D', 'B', 'L', 'R', 'L', 'B', 'R', 'B', 'F', 'F', 'L', 'B', 'R', 'R', 'R', 'L']
threaded imaging: 0.0964767932892
population: 0.0973591804504
('R', 'O', 'Y', 'G', 'B', 'W')
['F', 'D', 'R', 'F', 'U', 'L', 'U', 'D', 'L', 'U', 'D', 'B', 'U', 'R', 'B', 'L', 'B', 'D', 'L', 'R', 'F', 'R', 'F', 'F', 'L', 'B', 'D', 'B', 'U', 'F', 'U', 'D', 'D', 'L', 'B', 'B', 'R', 'R', 'D', 'U', 'L', 'F', 'U', 'F', 'L', 'U', 'F', 'D', 'L', 'B', 'R', 'R', 'R', 'B']
Cubie counts
Counter({'B': 9, 'D': 9, 'F': 9, 'L': 9, 'R': 9, 'U': 9})
FAIL
iter: 0
scramble:U B' R F' D' U2 L2 U' F' B2 R L' U D' L U2 D' U2 B R D2 L' U D F D' R' D B' R' D' L2 U F2 U R' D2
Serial timeout set to 10
threaded imaging: 0.0925619602203
population: 0.0941290855408
('R', 'O', 'Y', 'G', 'B', 'W')
['D', 'R', 'L', 'B', 'U', 'L', 'B', 'U', 'B', 'R', 'U', 'U', 'L', 'R', 'R', 'L', 'D', 'R', 'L', 'B', 'U', 'D', 'F', 'D', 'R', 'U', 'F', 'B', 'R', 'U', 'U', 'D', 'F', 'U', 'L', 'F', 'L', 'L', 'D', 'D', 'L', 'B', 'F', 'F', 'D', 'B', 'B', 'F', 'F', 'B', 'R', 'D', 'F', 'R']
threaded imaging: 0.0851950645447
population: 0.0860919952393
('R', 'O', 'Y', 'G', 'B', 'W')
['D', 'R', 'L', 'B', 'U', 'L', 'B', 'U', 'B', 'R', 'U', 'U', 'L', 'R', 'R', 'L', 'D', 'R', 'L', 'B', 'U', 'D', 'F', 'D', 'R', 'U', 'F', 'B', 'R', 'U', 'U', 'D', 'F', 'U', 'L', 'F', 'L', 'L', 'D', 'D', 'L', 'B', 'F', 'F', 'D', 'B', 'B', 'F', 'F', 'B', 'R', 'D', 'F', 'R']
Cubie counts
Counter({'B': 9, 'D': 9, 'F': 9, 'L': 9, 'R': 9, 'U': 9})
Serial timeout set to 10
########################################
Elapsed time: 2.45192098618
CV Read time: 0.599331855774
Solve time:   0.0526721477509
Motor time:   1.79991698265
Solution:     U2 R' F' B' R2 L F U2 R U2 L' D B2 D L2 U F2 B2 D' F2
Face-turns:   20
Quarter-turns:29
########################################
threaded imaging: 0.101720094681
population: 0.103375196457
('R', 'O', 'Y', 'G', 'B', 'W')
['U', 'U', 'U', 'U', 'U', 'U', 'U', 'U', 'U', 'R', 'R', 'R', 'R', 'R', 'R', 'R', 'R', 'R', 'F', 'F', 'F', 'F', 'F', 'F', 'F', 'F', 'F', 'D', 'D', 'D', 'D', 'D', 'D', 'D', 'D', 'D', 'L', 'L', 'L', 'L', 'L', 'L', 'L', 'L', 'L', 'B', 'B', 'B', 'B', 'B', 'B', 'B', 'B', 'B']
post state: ['U', 'U', 'U', 'U', 'U', 'U', 'U', 'U', 'U', 'R', 'R', 'R', 'R', 'R', 'R', 'R', 'R', 'R', 'F', 'F', 'F', 'F', 'F', 'F', 'F', 'F', 'F', 'D', 'D', 'D', 'D', 'D', 'D', 'D', 'D', 'D', 'L', 'L', 'L', 'L', 'L', 'L', 'L', 'L', 'L', 'B', 'B', 'B', 'B', 'B', 'B', 'B', 'B', 'B']
Cube solved
iter: 1
scramble:D R' B' U D2 B2 R F2 L' F' B U B' R D2 R' D2 B D2 U2 B2 U' R' U' R2 U B' U R D' U' B'
Serial timeout set to 10
threaded imaging: 0.10871219635
population: 0.110429048538
('R', 'O', 'Y', 'G', 'B', 'W')
['B', 'U', 'L', 'R', 'U', 'L', 'L', 'R', 'F', 'R', 'D', 'U', 'L', 'R', 'R', 'R', 'U', 'L', 'U', 'B', 'D', 'D', 'F', 'B', 'U', 'L', 'B', 'R', 'F', 'U', 'F', 'D', 'B', 'L', 'L', 'D', 'D', 'F', 'F', 'B', 'L', 'F', 'B', 'U', 'F', 'B', 'R', 'R', 'D', 'B', 'D', 'F', 'U', 'D']
threaded imaging: 0.0926599502563
population: 0.093563079834
('R', 'O', 'Y', 'G', 'B', 'W')
['B', 'U', 'L', 'R', 'U', 'L', 'L', 'R', 'F', 'R', 'D', 'U', 'L', 'R', 'R', 'R', 'U', 'L', 'U', 'B', 'D', 'D', 'F', 'B', 'U', 'L', 'B', 'R', 'F', 'U', 'F', 'D', 'B', 'L', 'L', 'D', 'D', 'F', 'F', 'B', 'L', 'F', 'B', 'U', 'F', 'B', 'R', 'R', 'D', 'B', 'D', 'F', 'U', 'D']
Cubie counts
Counter({'B': 9, 'D': 9, 'F': 9, 'L': 9, 'R': 9, 'U': 9})
Serial timeout set to 10
########################################
Elapsed time: 4.1722869873
CV Read time: 0.609524011612
Solve time:   1.48209500313
Motor time:   2.08066797256
Solution:     R2 L2 B R2 D R' B' R2 L' B' R2 F B2 L2 U' F2 L2 U R2 F2 B2 U2
Face-turns:   22
Quarter-turns:35
########################################
threaded imaging: 0.107052087784
population: 0.10862994194
('R', 'O', 'Y', 'G', 'B', 'W')
['U', 'U', 'U', 'U', 'U', 'U', 'U', 'U', 'U', 'R', 'R', 'R', 'R', 'R', 'R', 'R', 'R', 'R', 'F', 'F', 'F', 'F', 'F', 'F', 'F', 'F', 'F', 'D', 'D', 'D', 'D', 'D', 'D', 'D', 'D', 'D', 'L', 'L', 'L', 'L', 'L', 'L', 'L', 'L', 'L', 'B', 'B', 'B', 'B', 'B', 'B', 'B', 'B', 'B']
post state: ['U', 'U', 'U', 'U', 'U', 'U', 'U', 'U', 'U', 'R', 'R', 'R', 'R', 'R', 'R', 'R', 'R', 'R', 'F', 'F', 'F', 'F', 'F', 'F', 'F', 'F', 'F', 'D', 'D', 'D', 'D', 'D', 'D', 'D', 'D', 'D', 'L', 'L', 'L', 'L', 'L', 'L', 'L', 'L', 'L', 'B', 'B', 'B', 'B', 'B', 'B', 'B', 'B', 'B']
Cube solved
iter: 2
scramble:F2 R2 B' U2 F2 L' U L' B R2 B D F2 R' F' D' R' F' L F2 R2 F2 U2 R B2 D' U' B D2 R' B'
Serial timeout set to 10
threaded imaging: 0.0769698619843
population: 0.0787019729614
('R', 'O', 'Y', 'G', 'B', 'W')
['R', 'D', 'L', 'B', 'U', 'R', 'R', 'L', 'R', 'B', 'U', 'B', 'F', 'R', 'F', 'U', 'B', 'U', 'F', 'U', 'D', 'D', 'F', 'R', 'L', 'B', 'B', 'F', 'U', 'L', 'F', 'D', 'L', 'F', 'R', 'L', 'U', 'R', 'U', 'D', 'L', 'F', 'D', 'U', 'D', 'D', 'B', 'B', 'L', 'B', 'L', 'F', 'D', 'R']
threaded imaging: 0.0868580341339
population: 0.087730884552
('R', 'O', 'Y', 'G', 'B', 'W')
['R', 'D', 'L', 'B', 'U', 'R', 'R', 'L', 'R', 'B', 'U', 'B', 'F', 'R', 'F', 'U', 'B', 'U', 'F', 'U', 'D', 'D', 'F', 'R', 'L', 'B', 'B', 'F', 'U', 'L', 'F', 'D', 'L', 'F', 'R', 'L', 'U', 'R', 'U', 'D', 'L', 'F', 'D', 'U', 'D', 'D', 'B', 'B', 'L', 'B', 'L', 'F', 'D', 'R']
Cubie counts
Counter({'B': 9, 'D': 9, 'F': 9, 'L': 9, 'R': 9, 'U': 9})
Serial timeout set to 10
########################################
Elapsed time: 3.29284405708
CV Read time: 0.6020860672
Solve time:   0.745110988617
Motor time:   1.94564700127
Solution:     R2 U' R' B' U L F' D' F D L2 F U2 R2 L2 U L2 F2 D' L2 U R2
Face-turns:   22
Quarter-turns:31
########################################
threaded imaging: 0.114768981934
population: 0.116410970688
('R', 'O', 'Y', 'G', 'B', 'W')
['U', 'U', 'U', 'U', 'U', 'U', 'U', 'U', 'U', 'R', 'R', 'R', 'R', 'R', 'R', 'R', 'R', 'R', 'F', 'F', 'F', 'F', 'F', 'F', 'F', 'F', 'F', 'D', 'D', 'D', 'D', 'D', 'D', 'D', 'D', 'D', 'L', 'L', 'L', 'L', 'L', 'L', 'L', 'L', 'L', 'B', 'B', 'B', 'B', 'B', 'B', 'B', 'B', 'B']
post state: ['U', 'U', 'U', 'U', 'U', 'U', 'U', 'U', 'U', 'R', 'R', 'R', 'R', 'R', 'R', 'R', 'R', 'R', 'F', 'F', 'F', 'F', 'F', 'F', 'F', 'F', 'F', 'D', 'D', 'D', 'D', 'D', 'D', 'D', 'D', 'D', 'L', 'L', 'L', 'L', 'L', 'L', 'L', 'L', 'L', 'B', 'B', 'B', 'B', 'B', 'B', 'B', 'B', 'B']
Cube solved
iter: 3
scramble:R B' L' U' L U2 B' U L2 B F' L2 D F D2 L' U' R F2 R2 B D2 L' U L'
Serial timeout set to 10
threaded imaging: 0.105722904205
population: 0.107585906982
('R', 'O', 'Y', 'G', 'B', 'W')
['F', 'B', 'R', 'D', 'U', 'U', 'D', 'B', 'R', 'B', 'R', 'B', 'F', 'R', 'D', 'U', 'U', 'D', 'F', 'U', 'D', 'B', 'F', 'U', 'L', 'F', 'B', 'F', 'R', 'L', 'F', 'D', 'L', 'U', 'L', 'L', 'L', 'R', 'R', 'R', 'L', 'D', 'F', 'L', 'D', 'U', 'L', 'U', 'F', 'B', 'B', 'B', 'D', 'R']
threaded imaging: 0.0823991298676
population: 0.0833449363708
('R', 'O', 'Y', 'G', 'B', 'W')
['F', 'B', 'R', 'D', 'U', 'U', 'D', 'B', 'R', 'B', 'R', 'B', 'F', 'R', 'D', 'U', 'U', 'D', 'F', 'U', 'D', 'B', 'F', 'U', 'L', 'F', 'B', 'F', 'R', 'L', 'F', 'D', 'L', 'U', 'L', 'L', 'L', 'R', 'R', 'R', 'L', 'D', 'F', 'L', 'D', 'U', 'L', 'U', 'F', 'B', 'B', 'B', 'D', 'R']
Cubie counts
Counter({'B': 9, 'D': 9, 'F': 9, 'L': 9, 'R': 9, 'U': 9})
Serial timeout set to 10
########################################
Elapsed time: 2.50742101669
CV Read time: 0.600183010101
Solve time:   0.13769197464
Motor time:   1.76954603195
Solution:     R U' R U' B' U2 F L U' B2 L' U R2 L2 U' D2 L2 U F2 D2
Face-turns:   20
Quarter-turns:28
########################################
threaded imaging: 0.111400127411
population: 0.113056898117
('R', 'O', 'Y', 'G', 'B', 'W')
['U', 'U', 'U', 'U', 'U', 'D', 'U', 'U', 'U', 'R', 'R', 'R', 'R', 'R', 'R', 'R', 'R', 'R', 'F', 'F', 'F', 'F', 'F', 'F', 'F', 'F', 'U', 'D', 'B', 'D', 'D', 'D', 'D', 'D', 'D', 'D', 'L', 'L', 'L', 'L', 'L', 'L', 'L', 'L', 'L', 'B', 'B', 'B', 'B', 'B', 'B', 'F', 'B', 'B']
post state: ['U', 'U', 'U', 'U', 'U', 'D', 'U', 'U', 'U', 'R', 'R', 'R', 'R', 'R', 'R', 'R', 'R', 'R', 'F', 'F', 'F', 'F', 'F', 'F', 'F', 'F', 'U', 'D', 'B', 'D', 'D', 'D', 'D', 'D', 'D', 'D', 'L', 'L', 'L', 'L', 'L', 'L', 'L', 'L', 'L', 'B', 'B', 'B', 'B', 'B', 'B', 'F', 'B', 'B']
Could not verify solution success
iter: 4
scramble:R F2 L2 R U2 L R' D L U D' B F U' R' D R U L2 D L' D' U R D' R' U2 F' R' B L'
Serial timeout set to 10
threaded imaging: 0.10623216629
population: 0.107927083969
('R', 'O', 'Y', 'G', 'B', 'W')
['F', 'R', 'R', 'U', 'U', 'F', 'F', 'D', 'B', 'L', 'U', 'D', 'D', 'R', 'U', 'F', 'L', 'B', 'L', 'L', 'D', 'B', 'F', 'R', 'U', 'R', 'L', 'L', 'F', 'D', 'F', 'D', 'F', 'R', 'D', 'U', 'R', 'L', 'U', 'U', 'L', 'L', 'U', 'D', 'B', 'B', 'B', 'D', 'B', 'B', 'R', 'R', 'B', 'F']
threaded imaging: 0.0954010486603
population: 0.0963139533997
('R', 'O', 'Y', 'G', 'B', 'W')
['F', 'R', 'R', 'U', 'U', 'F', 'F', 'D', 'B', 'L', 'U', 'D', 'D', 'R', 'U', 'F', 'L', 'B', 'L', 'L', 'D', 'B', 'F', 'R', 'U', 'R', 'L', 'L', 'F', 'D', 'F', 'D', 'F', 'R', 'D', 'U', 'R', 'L', 'U', 'U', 'L', 'L', 'U', 'D', 'B', 'B', 'B', 'D', 'B', 'B', 'R', 'R', 'B', 'F']
Cubie counts
Counter({'B': 9, 'D': 9, 'F': 9, 'L': 9, 'R': 9, 'U': 9})
Serial timeout set to 10
########################################
Elapsed time: 2.55275011063
CV Read time: 0.613542079926
Solve time:   0.0660889148712
Motor time:   1.87311911583
Solution:     U2 B D' R2 F U2 F B' U F' L U F2 U L2 D B2 U D2 F2 U2
Face-turns:   21
Quarter-turns:30
########################################
threaded imaging: 0.0789668560028
population: 0.079892873764
('R', 'O', 'Y', 'G', 'B', 'W')
['U', 'U', 'U', 'U', 'U', 'U', 'U', 'U', 'U', 'R', 'R', 'R', 'R', 'R', 'R', 'R', 'R', 'R', 'F', 'F', 'F', 'F', 'F', 'F', 'F', 'F', 'F', 'D', 'D', 'D', 'D', 'D', 'D', 'D', 'D', 'D', 'L', 'L', 'L', 'L', 'L', 'L', 'L', 'L', 'L', 'B', 'B', 'B', 'B', 'B', 'B', 'B', 'B', 'B']
post state: ['U', 'U', 'U', 'U', 'U', 'U', 'U', 'U', 'U', 'R', 'R', 'R', 'R', 'R', 'R', 'R', 'R', 'R', 'F', 'F', 'F', 'F', 'F', 'F', 'F', 'F', 'F', 'D', 'D', 'D', 'D', 'D', 'D', 'D', 'D', 'D', 'L', 'L', 'L', 'L', 'L', 'L', 'L', 'L', 'L', 'B', 'B', 'B', 'B', 'B', 'B', 'B', 'B', 'B']
Cube solved
iter: 5
scramble:B2 L U2 B' U2 D2 F D2 F U2 F' B2 U2 F' L2 U2 R' D' L F2 R' D2 F U2 B U R' D' R' F U F L2 F2 D2 L2 F'
Serial timeout set to 10
threaded imaging: 0.0963640213013
population: 0.09810090065
('R', 'O', 'Y', 'G', 'B', 'W')
['R', 'L', 'U', 'B', 'U', 'D', 'L', 'L', 'F', 'R', 'R', 'B', 'U', 'R', 'D', 'B', 'R', 'U', 'U', 'F', 'D', 'R', 'F', 'R', 'F', 'U', 'U', 'D', 'L', 'R', 'U', 'D', 'B', 'B', 'D', 'F', 'B', 'L', 'F', 'F', 'L', 'F', 'D', 'B', 'L', 'L', 'D', 'D', 'B', 'B', 'U', 'R', 'F', 'L']
threaded imaging: 0.0892910957336
population: 0.0902400016785
('R', 'O', 'Y', 'G', 'B', 'W')
['R', 'L', 'U', 'B', 'U', 'D', 'L', 'L', 'F', 'R', 'R', 'B', 'U', 'R', 'D', 'B', 'R', 'U', 'U', 'F', 'D', 'R', 'F', 'R', 'F', 'U', 'U', 'D', 'L', 'R', 'U', 'D', 'B', 'B', 'D', 'F', 'B', 'L', 'F', 'F', 'L', 'F', 'D', 'B', 'L', 'L', 'D', 'D', 'B', 'B', 'U', 'R', 'F', 'L']
Cubie counts
Counter({'B': 9, 'D': 9, 'F': 9, 'L': 9, 'R': 9, 'U': 9})
Serial timeout set to 10
########################################
Elapsed time: 2.64483499527
CV Read time: 0.596659898758
Solve time:   0.111258983612
Motor time:   1.9369161129
Solution:     U2 L U2 D' L' B D2 F' L' D L' F2 R2 F2 D2 R2 D B2 R2 U' F2
Face-turns:   21
Quarter-turns:32
########################################
threaded imaging: 0.0941970348358
population: 0.0959131717682
('R', 'O', 'Y', 'G', 'B', 'W')
['U', 'U', 'U', 'U', 'U', 'U', 'U', 'U', 'U', 'R', 'R', 'R', 'R', 'R', 'R', 'R', 'R', 'R', 'F', 'F', 'F', 'F', 'F', 'F', 'F', 'F', 'F', 'D', 'D', 'D', 'D', 'D', 'D', 'D', 'D', 'D', 'L', 'L', 'L', 'L', 'L', 'L', 'L', 'L', 'L', 'B', 'B', 'B', 'B', 'B', 'B', 'B', 'B', 'B']
post state: ['U', 'U', 'U', 'U', 'U', 'U', 'U', 'U', 'U', 'R', 'R', 'R', 'R', 'R', 'R', 'R', 'R', 'R', 'F', 'F', 'F', 'F', 'F', 'F', 'F', 'F', 'F', 'D', 'D', 'D', 'D', 'D', 'D', 'D', 'D', 'D', 'L', 'L', 'L', 'L', 'L', 'L', 'L', 'L', 'L', 'B', 'B', 'B', 'B', 'B', 'B', 'B', 'B', 'B']
Cube solved
iter: 6
scramble:B F U D U' L B' R2 F' R L R B' F' U L2 R' L R2 B F2 U'
Serial timeout set to 10
threaded imaging: 0.0931789875031
population: 0.095370054245
('R', 'O', 'Y', 'G', 'B', 'W')
['U', 'U', 'L', 'F', 'U', 'U', 'F', 'B', 'L', 'F', 'B', 'B', 'L', 'R', 'D', 'L', 'B', 'L', 'U', 'R', 'D', 'R', 'F', 'F', 'D', 'R', 'U', 'R', 'U', 'B', 'B', 'D', 'L', 'D', 'F', 'F', 'B', 'D', 'R', 'R', 'L', 'F', 'R', 'D', 'B', 'D', 'L', 'R', 'L', 'B', 'D', 'U', 'U', 'F']
threaded imaging: 0.083683013916
population: 0.0845859050751
('R', 'O', 'Y', 'G', 'B', 'W')
['U', 'U', 'L', 'F', 'U', 'U', 'F', 'B', 'L', 'F', 'B', 'B', 'L', 'R', 'D', 'L', 'B', 'L', 'U', 'R', 'D', 'R', 'F', 'F', 'D', 'R', 'U', 'R', 'U', 'B', 'B', 'D', 'L', 'D', 'F', 'F', 'B', 'D', 'R', 'R', 'L', 'F', 'R', 'D', 'B', 'D', 'L', 'R', 'L', 'B', 'D', 'U', 'U', 'F']
Cubie counts
Counter({'B': 9, 'D': 9, 'F': 9, 'L': 9, 'R': 9, 'U': 9})
Serial timeout set to 10
########################################
Elapsed time: 2.75338077545
CV Read time: 0.651696920395
Solve time:   0.165214061737
Motor time:   1.93646979332
Solution:     F2 L' U2 B2 D B' R' D2 F' D F R2 D' L2 F2 U' R2 D' L2 F2 B2
Face-turns:   21
Quarter-turns:32
########################################
threaded imaging: 0.106155872345
population: 0.107901096344
('R', 'O', 'Y', 'G', 'B', 'W')
['U', 'U', 'U', 'U', 'U', 'U', 'U', 'U', 'U', 'R', 'R', 'R', 'R', 'R', 'R', 'R', 'R', 'R', 'F', 'F', 'F', 'F', 'F', 'F', 'F', 'F', 'F', 'D', 'D', 'D', 'D', 'D', 'D', 'D', 'D', 'D', 'L', 'L', 'L', 'L', 'L', 'L', 'L', 'L', 'L', 'B', 'B', 'B', 'B', 'B', 'B', 'B', 'B', 'B']
post state: ['U', 'U', 'U', 'U', 'U', 'U', 'U', 'U', 'U', 'R', 'R', 'R', 'R', 'R', 'R', 'R', 'R', 'R', 'F', 'F', 'F', 'F', 'F', 'F', 'F', 'F', 'F', 'D', 'D', 'D', 'D', 'D', 'D', 'D', 'D', 'D', 'L', 'L', 'L', 'L', 'L', 'L', 'L', 'L', 'L', 'B', 'B', 'B', 'B', 'B', 'B', 'B', 'B', 'B']
Cube solved
iter: 7
scramble:F' B D' L2 B' D' R2 L R2 D2 B L' B' F R2 U' D' R B F R F2 L2
Serial timeout set to 10
threaded imaging: 0.10634803772
population: 0.108404874802
('R', 'O', 'Y', 'G', 'B', 'W')
['U', 'D', 'D', 'D', 'U', 'F', 'F', 'B', 'R', 'B', 'L', 'F', 'U', 'R', 'R', 'R', 'F', 'F', 'R', 'L', 'D', 'U', 'F', 'R', 'U', 'L', 'U', 'B', 'U', 'F', 'D', 'D', 'U', 'B', 'R', 'U', 'L', 'F', 'D', 'R', 'L', 'B', 'D', 'L', 'R', 'L', 'B', 'B', 'B', 'B', 'F', 'L', 'D', 'L']
threaded imaging: 0.0842690467834
population: 0.0852041244507
('R', 'O', 'Y', 'G', 'B', 'W')
['U', 'D', 'D', 'D', 'U', 'F', 'F', 'B', 'R', 'B', 'L', 'F', 'U', 'R', 'R', 'R', 'F', 'F', 'R', 'L', 'D', 'U', 'F', 'R', 'U', 'L', 'U', 'B', 'U', 'F', 'D', 'D', 'U', 'B', 'R', 'U', 'L', 'F', 'D', 'R', 'L', 'B', 'D', 'L', 'R', 'L', 'B', 'B', 'B', 'B', 'F', 'L', 'D', 'L']
Cubie counts
Counter({'B': 9, 'D': 9, 'F': 9, 'L': 9, 'R': 9, 'U': 9})
Serial timeout set to 10
########################################
Elapsed time: 2.58282899857
CV Read time: 0.664384126663
Solve time:   0.0175549983978
Motor time:   1.9008898735
Solution:     U F U2 R2 L2 B R' U B2 R' L2 U2 R2 D L2 B2 L2 B2 U R2
Face-turns:   20
Quarter-turns:32
########################################
threaded imaging: 0.0842349529266
population: 0.0860760211945
('R', 'O', 'Y', 'G', 'B', 'W')
['U', 'U', 'U', 'U', 'U', 'U', 'U', 'U', 'U', 'R', 'R', 'R', 'R', 'R', 'R', 'R', 'R', 'R', 'F', 'F', 'F', 'F', 'F', 'F', 'F', 'F', 'F', 'D', 'D', 'D', 'D', 'D', 'D', 'D', 'D', 'D', 'L', 'L', 'L', 'L', 'L', 'L', 'L', 'L', 'L', 'B', 'B', 'B', 'B', 'B', 'B', 'B', 'B', 'B']
post state: ['U', 'U', 'U', 'U', 'U', 'U', 'U', 'U', 'U', 'R', 'R', 'R', 'R', 'R', 'R', 'R', 'R', 'R', 'F', 'F', 'F', 'F', 'F', 'F', 'F', 'F', 'F', 'D', 'D', 'D', 'D', 'D', 'D', 'D', 'D', 'D', 'L', 'L', 'L', 'L', 'L', 'L', 'L', 'L', 'L', 'B', 'B', 'B', 'B', 'B', 'B', 'B', 'B', 'B']
Cube solved
iter: 8
scramble:D U' B L2 R2 D' R U2 R B2 R B' U2 D2 R' B' U L' U' B' U R' L2 U D U' R U R2 D' R' L2 F D' U R2 U D2
Serial timeout set to 10
threaded imaging: 0.0937922000885
population: 0.0957319736481
('R', 'O', 'Y', 'G', 'B', 'W')
['B', 'L', 'F', 'B', 'U', 'R', 'R', 'R', 'R', 'U', 'U', 'D', 'D', 'R', 'D', 'L', 'D', 'F', 'B', 'B', 'B', 'R', 'F', 'R', 'L', 'U', 'D', 'D', 'B', 'F', 'F', 'D', 'F', 'R', 'L', 'U', 'U', 'L', 'D', 'L', 'L', 'F', 'U', 'U', 'B', 'R', 'F', 'L', 'B', 'B', 'D', 'L', 'U', 'F']
threaded imaging: 0.0791919231415
population: 0.0802161693573
('R', 'O', 'Y', 'G', 'B', 'W')
['B', 'L', 'F', 'B', 'U', 'R', 'R', 'R', 'R', 'U', 'U', 'D', 'D', 'R', 'D', 'L', 'D', 'F', 'B', 'B', 'B', 'R', 'F', 'R', 'L', 'U', 'D', 'D', 'B', 'F', 'F', 'D', 'F', 'R', 'L', 'U', 'U', 'L', 'D', 'L', 'L', 'F', 'U', 'U', 'B', 'R', 'F', 'L', 'B', 'B', 'D', 'L', 'U', 'F']
Cubie counts
Counter({'B': 9, 'D': 9, 'F': 9, 'L': 9, 'R': 9, 'U': 9})
Serial timeout set to 10
########################################
Elapsed time: 2.38903617859
CV Read time: 0.6451420784
Solve time:   0.0183100700378
Motor time:   1.72558403015
Solution:     R' F L' F B R F' U' L2 B' U' F2 D' L2 D2 B2 D' L2 U' F2
Face-turns:   20
Quarter-turns:27
########################################
threaded imaging: 0.0956380367279
population: 0.0974719524384
('R', 'O', 'Y', 'G', 'B', 'W')
['U', 'U', 'U', 'U', 'U', 'U', 'U', 'U', 'U', 'R', 'R', 'R', 'R', 'R', 'R', 'R', 'R', 'R', 'F', 'F', 'F', 'F', 'F', 'F', 'F', 'F', 'F', 'D', 'D', 'D', 'D', 'D', 'D', 'D', 'D', 'D', 'L', 'L', 'L', 'L', 'L', 'L', 'L', 'L', 'L', 'B', 'B', 'B', 'B', 'B', 'B', 'B', 'B', 'B']
post state: ['U', 'U', 'U', 'U', 'U', 'U', 'U', 'U', 'U', 'R', 'R', 'R', 'R', 'R', 'R', 'R', 'R', 'R', 'F', 'F', 'F', 'F', 'F', 'F', 'F', 'F', 'F', 'D', 'D', 'D', 'D', 'D', 'D', 'D', 'D', 'D', 'L', 'L', 'L', 'L', 'L', 'L', 'L', 'L', 'L', 'B', 'B', 'B', 'B', 'B', 'B', 'B', 'B', 'B']
Cube solved
iter: 9
scramble:D F U' B' F2 D R' U D' B2 F D B L' D L' F2 R2 U' F2 U2 R' U2 L2 D' L D F' R2 D2 F' D2
Serial timeout set to 10
threaded imaging: 0.0897789001465
population: 0.0915741920471
('R', 'O', 'Y', 'G', 'B', 'W')
['U', 'D', 'D', 'F', 'U', 'U', 'R', 'B', 'F', 'U', 'R', 'R', 'F', 'R', 'D', 'D', 'R', 'R', 'B', 'L', 'R', 'D', 'F', 'L', 'U', 'R', 'L', 'F', 'F', 'B', 'L', 'D', 'B', 'D', 'U', 'B', 'L', 'D', 'D', 'B', 'L', 'R', 'F', 'U', 'L', 'F', 'B', 'B', 'L', 'B', 'U', 'U', 'F', 'L']
threaded imaging: 0.0851759910583
population: 0.0861210823059
('R', 'O', 'Y', 'G', 'B', 'W')
['U', 'D', 'D', 'F', 'U', 'U', 'R', 'B', 'F', 'U', 'R', 'R', 'F', 'R', 'D', 'D', 'R', 'R', 'B', 'L', 'R', 'D', 'F', 'L', 'U', 'R', 'L', 'F', 'F', 'B', 'L', 'D', 'B', 'D', 'U', 'B', 'L', 'D', 'D', 'B', 'L', 'R', 'F', 'U', 'L', 'F', 'B', 'B', 'L', 'B', 'U', 'U', 'F', 'L']
Cubie counts
Counter({'B': 9, 'D': 9, 'F': 9, 'L': 9, 'R': 9, 'U': 9})
Serial timeout set to 10
########################################
Elapsed time: 2.95413303375
CV Read time: 0.676479101181
Solve time:   0.305608034134
Motor time:   1.97204589844
Solution:     R' L' D' B2 L2 F2 R2 D' L2 F L D F2 D B2 R2 F2 U2 B2 D' F2
Face-turns:   21
Quarter-turns:33
########################################
threaded imaging: 0.0971438884735
population: 0.0991909503937
('R', 'O', 'Y', 'G', 'B', 'W')
['U', 'U', 'U', 'U', 'U', 'U', 'U', 'U', 'U', 'R', 'R', 'R', 'R', 'R', 'R', 'R', 'R', 'R', 'F', 'F', 'F', 'F', 'F', 'F', 'F', 'F', 'F', 'D', 'D', 'D', 'D', 'D', 'D', 'D', 'D', 'D', 'L', 'L', 'L', 'L', 'L', 'L', 'L', 'L', 'L', 'B', 'B', 'B', 'B', 'B', 'B', 'B', 'B', 'B']
post state: ['U', 'U', 'U', 'U', 'U', 'U', 'U', 'U', 'U', 'R', 'R', 'R', 'R', 'R', 'R', 'R', 'R', 'R', 'F', 'F', 'F', 'F', 'F', 'F', 'F', 'F', 'F', 'D', 'D', 'D', 'D', 'D', 'D', 'D', 'D', 'D', 'L', 'L', 'L', 'L', 'L', 'L', 'L', 'L', 'L', 'B', 'B', 'B', 'B', 'B', 'B', 'B', 'B', 'B']
Cube solved
iter: 10
scramble:B2 D U' L F' D2 R D' U L' B L U B2 U2 F' U' F U D F' L2 R2 U B' U2 D' B' U B' D B' R' D' F U L' D F' R2
Serial timeout set to 10
threaded imaging: 0.0998330116272
population: 0.10191488266
('R', 'O', 'Y', 'G', 'B', 'W')
['U', 'L', 'R', 'B', 'U', 'D', 'U', 'F', 'D', 'B', 'B', 'B', 'D', 'R', 'R', 'R', 'B', 'L', 'L', 'U', 'L', 'F', 'F', 'L', 'L', 'U', 'F', 'F', 'L', 'D', 'B', 'D', 'R', 'R', 'U', 'F', 'R', 'U', 'B', 'F', 'L', 'R', 'D', 'L', 'D', 'U', 'F', 'F', 'D', 'B', 'D', 'U', 'R', 'B']
threaded imaging: 0.0779418945312
population: 0.0791079998016
('R', 'O', 'Y', 'G', 'B', 'W')
['U', 'L', 'R', 'B', 'U', 'D', 'U', 'F', 'D', 'B', 'B', 'B', 'D', 'R', 'R', 'R', 'B', 'L', 'L', 'U', 'L', 'F', 'F', 'L', 'L', 'U', 'F', 'F', 'L', 'D', 'B', 'D', 'R', 'R', 'U', 'F', 'R', 'U', 'B', 'F', 'L', 'R', 'D', 'L', 'D', 'U', 'F', 'F', 'D', 'B', 'D', 'U', 'R', 'B']
Cubie counts
Counter({'B': 9, 'D': 9, 'F': 9, 'L': 9, 'R': 9, 'U': 9})
Serial timeout set to 10
########################################
Elapsed time: 3.05844187737
CV Read time: 0.648896932602
Solve time:   0.510687112808
Motor time:   1.89885783195
Solution:     U D2 R2 B2 U2 D' B2 R F' D2 L B D L2 D R2 B2 L2 B2 U2
Face-turns:   20
Quarter-turns:32
########################################
threaded imaging: 0.110674858093
population: 0.11246919632
('R', 'O', 'Y', 'G', 'B', 'W')
['U', 'U', 'U', 'U', 'U', 'U', 'U', 'U', 'U', 'R', 'R', 'R', 'R', 'R', 'R', 'R', 'R', 'R', 'F', 'F', 'F', 'F', 'F', 'F', 'F', 'F', 'F', 'D', 'D', 'D', 'D', 'D', 'D', 'D', 'D', 'D', 'L', 'L', 'L', 'L', 'L', 'L', 'L', 'L', 'L', 'B', 'B', 'B', 'B', 'B', 'B', 'B', 'B', 'B']
post state: ['U', 'U', 'U', 'U', 'U', 'U', 'U', 'U', 'U', 'R', 'R', 'R', 'R', 'R', 'R', 'R', 'R', 'R', 'F', 'F', 'F', 'F', 'F', 'F', 'F', 'F', 'F', 'D', 'D', 'D', 'D', 'D', 'D', 'D', 'D', 'D', 'L', 'L', 'L', 'L', 'L', 'L', 'L', 'L', 'L', 'B', 'B', 'B', 'B', 'B', 'B', 'B', 'B', 'B']
Cube solved
iter: 11
scramble:L2 F D2 U2 L B' L' B2 L U' B' D2 L U2 B2 U' R' D2 F2 U2 F2 R2 D R2 F' B2 L2 F2 U2 D2 U R2 D' F U' B2 R' D2
Serial timeout set to 10
threaded imaging: 0.0690560340881
population: 0.0699779987335
('R', 'O', 'Y', 'G', 'B', 'W')
['L', 'U', 'F', 'D', 'U', 'B', 'L', 'D', 'L', 'D', 'U', 'D', 'U', 'R', 'R', 'B', 'L', 'R', 'U', 'B', 'B', 'R', 'F', 'F', 'L', 'L', 'U', 'B', 'U', 'R', 'F', 'D', 'B', 'F', 'D', 'D', 'F', 'R', 'F', 'D', 'L', 'B', 'R', 'L', 'U', 'R', 'R', 'D', 'F', 'B', 'F', 'B', 'L', 'U']
threaded imaging: 0.0923099517822
population: 0.0932419300079
('R', 'O', 'Y', 'G', 'B', 'W')
['L', 'U', 'F', 'D', 'U', 'B', 'L', 'D', 'L', 'D', 'U', 'D', 'U', 'R', 'R', 'B', 'L', 'R', 'U', 'B', 'B', 'R', 'F', 'F', 'L', 'L', 'U', 'B', 'U', 'R', 'F', 'D', 'B', 'F', 'D', 'D', 'F', 'R', 'F', 'D', 'L', 'B', 'R', 'L', 'U', 'R', 'R', 'D', 'F', 'B', 'F', 'B', 'L', 'U']
Cubie counts
Counter({'B': 9, 'D': 9, 'F': 9, 'L': 9, 'R': 9, 'U': 9})
Serial timeout set to 10
########################################
Elapsed time: 2.65820503235
CV Read time: 0.633970022202
Solve time:   0.113060951233
Motor time:   1.91117405891
Solution:     U' F2 R B L2 B2 U' B' U D2 L U B2 U' D F2 U2 D' L2 F2 R2
Face-turns:   21
Quarter-turns:31
########################################
threaded imaging: 0.0907151699066
population: 0.0916578769684
('R', 'O', 'Y', 'G', 'B', 'W')
['U', 'U', 'U', 'U', 'U', 'U', 'U', 'U', 'U', 'R', 'R', 'R', 'R', 'R', 'R', 'R', 'R', 'R', 'F', 'F', 'F', 'F', 'F', 'F', 'F', 'F', 'F', 'D', 'D', 'D', 'D', 'D', 'D', 'D', 'D', 'D', 'L', 'L', 'L', 'L', 'L', 'L', 'L', 'L', 'L', 'B', 'B', 'B', 'B', 'B', 'B', 'B', 'B', 'B']
post state: ['U', 'U', 'U', 'U', 'U', 'U', 'U', 'U', 'U', 'R', 'R', 'R', 'R', 'R', 'R', 'R', 'R', 'R', 'F', 'F', 'F', 'F', 'F', 'F', 'F', 'F', 'F', 'D', 'D', 'D', 'D', 'D', 'D', 'D', 'D', 'D', 'L', 'L', 'L', 'L', 'L', 'L', 'L', 'L', 'L', 'B', 'B', 'B', 'B', 'B', 'B', 'B', 'B', 'B']
Cube solved
iter: 12
scramble:B2 F U D2 F2 B' D F2 U' D2 R2 F2 B D' B D' F' R D2 R2 F' D2 L2 U D' L' F' L R2 F R U' B' U2 D' R' L2
Serial timeout set to 10
threaded imaging: 0.095593214035
population: 0.0973110198975
('R', 'O', 'Y', 'G', 'B', 'W')
['U', 'B', 'D', 'B', 'U', 'L', 'U', 'D', 'L', 'F', 'F', 'L', 'R', 'R', 'D', 'R', 'B', 'D', 'B', 'F', 'D', 'B', 'F', 'F', 'F', 'R', 'D', 'U', 'U', 'B', 'U', 'D', 'U', 'L', 'R', 'R', 'F', 'D', 'R', 'L', 'L', 'R', 'U', 'F', 'R', 'B', 'L', 'L', 'L', 'B', 'U', 'F', 'D', 'B']
threaded imaging: 0.0837330818176
population: 0.0851368904114
('R', 'O', 'Y', 'G', 'B', 'W')
['U', 'B', 'D', 'B', 'U', 'L', 'U', 'D', 'L', 'F', 'F', 'L', 'R', 'R', 'D', 'R', 'B', 'D', 'B', 'F', 'D', 'B', 'F', 'F', 'F', 'R', 'D', 'U', 'U', 'B', 'U', 'D', 'U', 'L', 'R', 'R', 'F', 'D', 'R', 'L', 'L', 'R', 'U', 'F', 'R', 'B', 'L', 'L', 'L', 'B', 'U', 'F', 'D', 'B']
Cubie counts
Counter({'B': 9, 'D': 9, 'F': 9, 'L': 9, 'R': 9, 'U': 9})
Serial timeout set to 10
########################################
Elapsed time: 2.33643293381
CV Read time: 0.601289987564
Solve time:   0.0217490196228
Motor time:   1.71339392662
Solution:     U2 B' U' L B2 D2 F2 L2 F R' D F2 U' B2 R2 B2 L2 U2
Face-turns:   18
Quarter-turns:29
########################################
threaded imaging: 0.0789039134979
population: 0.0798630714417
('R', 'O', 'Y', 'G', 'B', 'W')
['U', 'U', 'U', 'U', 'U', 'U', 'U', 'U', 'U', 'R', 'R', 'R', 'R', 'R', 'R', 'R', 'R', 'R', 'F', 'F', 'F', 'F', 'F', 'F', 'F', 'F', 'F', 'D', 'D', 'D', 'D', 'D', 'D', 'D', 'D', 'D', 'L', 'L', 'L', 'L', 'L', 'L', 'L', 'L', 'L', 'B', 'B', 'B', 'B', 'B', 'B', 'B', 'B', 'B']
post state: ['U', 'U', 'U', 'U', 'U', 'U', 'U', 'U', 'U', 'R', 'R', 'R', 'R', 'R', 'R', 'R', 'R', 'R', 'F', 'F', 'F', 'F', 'F', 'F', 'F', 'F', 'F', 'D', 'D', 'D', 'D', 'D', 'D', 'D', 'D', 'D', 'L', 'L', 'L', 'L', 'L', 'L', 'L', 'L', 'L', 'B', 'B', 'B', 'B', 'B', 'B', 'B', 'B', 'B']
Cube solved
iter: 13
scramble:R D2 L D2 R D2 R' B2 F' B' R2 F' B' F R' F' U' R2 B2 U' F2 U B U' D'
Serial timeout set to 10
threaded imaging: 0.0977740287781
population: 0.0996270179749
('R', 'O', 'Y', 'G', 'B', 'W')
['U', 'F', 'D', 'R', 'U', 'B', 'R', 'U', 'F', 'R', 'L', 'L', 'R', 'R', 'D', 'U', 'U', 'L', 'U', 'F', 'D', 'F', 'F', 'D', 'D', 'F', 'B', 'L', 'L', 'L', 'U', 'D', 'L', 'D', 'U', 'F', 'R', 'B', 'B', 'D', 'L', 'R', 'B', 'B', 'F', 'B', 'D', 'F', 'L', 'B', 'B', 'U', 'R', 'R']
threaded imaging: 0.0890128612518
population: 0.0899460315704
('R', 'O', 'Y', 'G', 'B', 'W')
['U', 'F', 'D', 'R', 'U', 'B', 'R', 'U', 'F', 'R', 'L', 'L', 'R', 'R', 'D', 'U', 'U', 'L', 'U', 'F', 'D', 'F', 'F', 'D', 'D', 'F', 'B', 'L', 'L', 'L', 'U', 'D', 'L', 'D', 'U', 'F', 'R', 'B', 'B', 'D', 'L', 'R', 'B', 'B', 'F', 'B', 'D', 'F', 'L', 'B', 'B', 'U', 'R', 'R']
Cubie counts
Counter({'B': 9, 'D': 9, 'F': 9, 'L': 9, 'R': 9, 'U': 9})
Serial timeout set to 10
########################################
Elapsed time: 2.46205997467
CV Read time: 0.619971036911
Solve time:   0.0397050380707
Motor time:   1.80238389969
Solution:     D B2 R2 U R F R B R F L2 U2 R2 D F2 L2 D' R2 D' L2
Face-turns:   20
Quarter-turns:29
########################################
threaded imaging: 0.0964188575745
population: 0.0973920822144
('R', 'O', 'Y', 'G', 'B', 'W')
['U', 'U', 'U', 'U', 'U', 'U', 'U', 'U', 'U', 'R', 'R', 'R', 'R', 'R', 'R', 'R', 'R', 'R', 'F', 'F', 'F', 'F', 'F', 'F', 'F', 'F', 'F', 'D', 'D', 'D', 'D', 'D', 'D', 'D', 'D', 'D', 'L', 'L', 'L', 'L', 'L', 'L', 'L', 'L', 'L', 'B', 'B', 'B', 'B', 'B', 'B', 'B', 'B', 'B']
post state: ['U', 'U', 'U', 'U', 'U', 'U', 'U', 'U', 'U', 'R', 'R', 'R', 'R', 'R', 'R', 'R', 'R', 'R', 'F', 'F', 'F', 'F', 'F', 'F', 'F', 'F', 'F', 'D', 'D', 'D', 'D', 'D', 'D', 'D', 'D', 'D', 'L', 'L', 'L', 'L', 'L', 'L', 'L', 'L', 'L', 'B', 'B', 'B', 'B', 'B', 'B', 'B', 'B', 'B']
Cube solved
iter: 14
scramble:R D F2 D R2 L' F' U' L R2 F R' D R' D2 F R' B2 U2 D U2 F U' L' D' R' B L2 F B2
Serial timeout set to 10
threaded imaging: 0.10581612587
population: 0.1076130867
('R', 'O', 'Y', 'G', 'B', 'W')
['U', 'D', 'L', 'U', 'U', 'B', 'B', 'L', 'F', 'L', 'L', 'B', 'U', 'R', 'F', 'F', 'R', 'D', 'D', 'F', 'U', 'B', 'F', 'L', 'B', 'R', 'R', 'R', 'D', 'U', 'R', 'D', 'B', 'D', 'B', 'R', 'L', 'R', 'R', 'D', 'L', 'D', 'F', 'F', 'U', 'D', 'L', 'B', 'U', 'B', 'F', 'F', 'U', 'L']
threaded imaging: 0.091157913208
population: 0.092118024826
('R', 'O', 'Y', 'G', 'B', 'W')
['U', 'D', 'L', 'U', 'U', 'B', 'B', 'L', 'F', 'L', 'L', 'B', 'U', 'R', 'F', 'F', 'R', 'D', 'D', 'F', 'U', 'B', 'F', 'L', 'B', 'R', 'R', 'R', 'D', 'U', 'R', 'D', 'B', 'D', 'B', 'R', 'L', 'R', 'R', 'D', 'L', 'D', 'F', 'F', 'U', 'D', 'L', 'B', 'U', 'B', 'F', 'F', 'U', 'L']
Cubie counts
Counter({'B': 9, 'D': 9, 'F': 9, 'L': 9, 'R': 9, 'U': 9})
Serial timeout set to 10
########################################
Elapsed time: 2.94464111328
CV Read time: 0.628520011902
Solve time:   0.347494125366
Motor time:   1.96862697601
Solution:     F2 D2 R2 L2 B' U R2 F' R2 U R D L2 U R2 U L2 F2 L2 U' B2
Face-turns:   21
Quarter-turns:33
########################################
threaded imaging: 0.0997979640961
population: 0.101494789124
('R', 'O', 'Y', 'G', 'B', 'W')
['U', 'U', 'U', 'U', 'U', 'U', 'U', 'U', 'U', 'R', 'R', 'R', 'R', 'R', 'R', 'R', 'R', 'R', 'F', 'F', 'F', 'F', 'F', 'F', 'F', 'F', 'F', 'D', 'D', 'D', 'D', 'D', 'D', 'D', 'D', 'D', 'L', 'L', 'L', 'L', 'L', 'L', 'L', 'L', 'L', 'B', 'B', 'B', 'B', 'B', 'B', 'B', 'B', 'B']
post state: ['U', 'U', 'U', 'U', 'U', 'U', 'U', 'U', 'U', 'R', 'R', 'R', 'R', 'R', 'R', 'R', 'R', 'R', 'F', 'F', 'F', 'F', 'F', 'F', 'F', 'F', 'F', 'D', 'D', 'D', 'D', 'D', 'D', 'D', 'D', 'D', 'L', 'L', 'L', 'L', 'L', 'L', 'L', 'L', 'L', 'B', 'B', 'B', 'B', 'B', 'B', 'B', 'B', 'B']
Cube solved
iter: 15
scramble:F2 B2 L U D2 R L' R' L2 U L2 U B' D' L F' R' L2 F D' L U R2 U F B2 D2 U2 B' R D' R' B2 D' F2
Serial timeout set to 10
threaded imaging: 0.0981249809265
population: 0.0998599529266
('R', 'O', 'Y', 'G', 'B', 'W')
['F', 'F', 'U', 'R', 'U', 'L', 'B', 'D', 'L', 'D', 'U', 'F', 'R', 'R', 'B', 'U', 'F', 'L', 'R', 'B', 'B', 'R', 'F', 'F', 'D', 'U', 'B', 'F', 'F', 'L', 'D', 'D', 'L', 'D', 'B', 'D', 'L', 'B', 'U', 'L', 'L', 'U', 'B', 'R', 'R', 'R', 'D', 'U', 'L', 'B', 'D', 'F', 'U', 'R']
threaded imaging: 0.0957140922546
population: 0.0966970920563
('R', 'O', 'Y', 'G', 'B', 'W')
['F', 'F', 'U', 'R', 'U', 'L', 'B', 'D', 'L', 'D', 'U', 'F', 'R', 'R', 'B', 'U', 'F', 'L', 'R', 'B', 'B', 'R', 'F', 'F', 'D', 'U', 'B', 'F', 'F', 'L', 'D', 'D', 'L', 'D', 'B', 'D', 'L', 'B', 'U', 'L', 'L', 'U', 'B', 'R', 'R', 'R', 'D', 'U', 'L', 'B', 'D', 'F', 'U', 'R']
Cubie counts
Counter({'B': 9, 'D': 9, 'F': 9, 'L': 9, 'R': 9, 'U': 9})
Serial timeout set to 10
########################################
Elapsed time: 2.75640916824
CV Read time: 0.599311113358
Solve time:   0.32017493248
Motor time:   1.83692312241
Solution:     L' B D2 F' U' F D L' U R' F' R2 U R2 U' F2 U2 R2 D R2 U2
Face-turns:   21
Quarter-turns:29
########################################
threaded imaging: 0.0994710922241
population: 0.101276874542
('R', 'O', 'Y', 'G', 'B', 'W')
['U', 'U', 'U', 'U', 'U', 'U', 'U', 'U', 'U', 'R', 'R', 'R', 'R', 'R', 'R', 'R', 'R', 'R', 'F', 'F', 'F', 'F', 'F', 'F', 'F', 'F', 'F', 'D', 'D', 'D', 'D', 'D', 'D', 'D', 'D', 'D', 'L', 'L', 'L', 'L', 'L', 'L', 'L', 'L', 'L', 'B', 'B', 'B', 'B', 'B', 'B', 'B', 'B', 'B']
post state: ['U', 'U', 'U', 'U', 'U', 'U', 'U', 'U', 'U', 'R', 'R', 'R', 'R', 'R', 'R', 'R', 'R', 'R', 'F', 'F', 'F', 'F', 'F', 'F', 'F', 'F', 'F', 'D', 'D', 'D', 'D', 'D', 'D', 'D', 'D', 'D', 'L', 'L', 'L', 'L', 'L', 'L', 'L', 'L', 'L', 'B', 'B', 'B', 'B', 'B', 'B', 'B', 'B', 'B']
Cube solved
iter: 16
scramble:R B R2 D2 R B' F U R2 B2 D F' U2 B' F2 D L F' B D2 U D2 U2 F' D2 F U2 D' L2 F B D' R' D2
Serial timeout set to 10
threaded imaging: 0.093202829361
population: 0.0949399471283
('R', 'O', 'Y', 'G', 'B', 'W')
['U', 'L', 'D', 'R', 'U', 'F', 'U', 'U', 'R', 'D', 'R', 'B', 'U', 'R', 'D', 'B', 'L', 'R', 'F', 'F', 'F', 'F', 'F', 'R', 'U', 'D', 'U', 'R', 'B', 'L', 'F', 'D', 'U', 'L', 'L', 'D', 'B', 'D', 'L', 'B', 'L', 'R', 'B', 'L', 'F', 'L', 'D', 'R', 'F', 'B', 'U', 'B', 'B', 'D']
threaded imaging: 0.0955319404602
population: 0.0965039730072
('R', 'O', 'Y', 'G', 'B', 'W')
['U', 'L', 'D', 'R', 'U', 'F', 'U', 'U', 'R', 'D', 'R', 'B', 'U', 'R', 'D', 'B', 'L', 'R', 'F', 'F', 'F', 'F', 'F', 'R', 'U', 'D', 'U', 'R', 'B', 'L', 'F', 'D', 'U', 'L', 'L', 'D', 'B', 'D', 'L', 'B', 'L', 'R', 'B', 'L', 'F', 'L', 'D', 'R', 'F', 'B', 'U', 'B', 'B', 'D']
Cubie counts
Counter({'B': 9, 'D': 9, 'F': 9, 'L': 9, 'R': 9, 'U': 9})
FAIL
iter: 17
scramble:D2 B2 L2 D L2 R2 F R L' D' L2 D2 B' R2 U' L' F2 R B R B2 L B D2 L' R B' U2 F' R D' R2 B R U2 B2 F' U2 F2 R2
Serial timeout set to 10
threaded imaging: 0.0881338119507
population: 0.0893468856812
('R', 'O', 'Y', 'G', 'B', 'W')
['U', 'R', 'L', 'B', 'U', 'U', 'L', 'L', 'F', 'R', 'L', 'F', 'F', 'R', 'F', 'L', 'D', 'R', 'D', 'F', 'D', 'D', 'F', 'D', 'D', 'U', 'U', 'L', 'B', 'B', 'B', 'D', 'L', 'R', 'B', 'D', 'B', 'R', 'B', 'F', 'L', 'R', 'U', 'L', 'F', 'U', 'U', 'R', 'R', 'B', 'U', 'B', 'D', 'F']
threaded imaging: 0.099956035614
population: 0.100990056992
('R', 'O', 'Y', 'G', 'B', 'W')
['U', 'R', 'L', 'B', 'U', 'U', 'L', 'L', 'F', 'R', 'L', 'F', 'F', 'R', 'F', 'L', 'D', 'R', 'D', 'F', 'D', 'D', 'F', 'D', 'D', 'U', 'U', 'L', 'B', 'B', 'B', 'D', 'L', 'R', 'B', 'D', 'B', 'R', 'B', 'F', 'L', 'R', 'U', 'L', 'F', 'U', 'U', 'R', 'R', 'B', 'U', 'B', 'D', 'F']
Cubie counts
Counter({'B': 9, 'D': 9, 'F': 9, 'L': 9, 'R': 9, 'U': 9})
Serial timeout set to 10
########################################
Elapsed time: 3.09177684784
CV Read time: 0.620729923248
Solve time:   0.526295900345
Motor time:   1.94475102425
Solution:     U B2 L2 D' R L B' D' B' L B' L' B2 U F2 B2 U' B2 L2 U R2 B2
Face-turns:   22
Quarter-turns:31
########################################
threaded imaging: 0.112038135529
population: 0.113761901855
('R', 'O', 'Y', 'G', 'B', 'W')
['U', 'U', 'U', 'U', 'U', 'U', 'U', 'U', 'U', 'R', 'R', 'R', 'R', 'R', 'R', 'R', 'R', 'R', 'F', 'F', 'F', 'F', 'F', 'F', 'F', 'F', 'F', 'D', 'D', 'D', 'D', 'D', 'D', 'D', 'D', 'D', 'L', 'L', 'L', 'L', 'L', 'L', 'L', 'L', 'L', 'B', 'B', 'B', 'B', 'B', 'B', 'B', 'B', 'B']
post state: ['U', 'U', 'U', 'U', 'U', 'U', 'U', 'U', 'U', 'R', 'R', 'R', 'R', 'R', 'R', 'R', 'R', 'R', 'F', 'F', 'F', 'F', 'F', 'F', 'F', 'F', 'F', 'D', 'D', 'D', 'D', 'D', 'D', 'D', 'D', 'D', 'L', 'L', 'L', 'L', 'L', 'L', 'L', 'L', 'L', 'B', 'B', 'B', 'B', 'B', 'B', 'B', 'B', 'B']
Cube solved
iter: 18
scramble:D' R L U' R D2 R2 D' R' L' U2 R F B' L' R' B' D' U2 D2 B
Serial timeout set to 10
threaded imaging: 0.110424995422
population: 0.112208127975
('R', 'O', 'Y', 'G', 'B', 'W')
['D', 'B', 'B', 'L', 'U', 'B', 'D', 'R', 'R', 'F', 'D', 'U', 'L', 'R', 'R', 'B', 'U', 'L', 'R', 'B', 'U', 'D', 'F', 'F', 'U', 'U', 'L', 'F', 'R', 'U', 'R', 'D', 'F', 'D', 'L', 'D', 'B', 'B', 'B', 'L', 'L', 'F', 'R', 'D', 'L', 'R', 'U', 'L', 'F', 'B', 'D', 'F', 'U', 'F']
threaded imaging: 0.0841372013092
population: 0.0851130485535
('R', 'O', 'Y', 'G', 'B', 'W')
['D', 'B', 'B', 'L', 'U', 'B', 'D', 'R', 'R', 'F', 'D', 'U', 'L', 'R', 'R', 'B', 'U', 'L', 'R', 'B', 'U', 'D', 'F', 'F', 'U', 'U', 'L', 'F', 'R', 'U', 'R', 'D', 'F', 'D', 'L', 'D', 'B', 'B', 'B', 'L', 'L', 'F', 'R', 'D', 'L', 'R', 'U', 'L', 'F', 'B', 'D', 'F', 'U', 'F']
Cubie counts
Counter({'B': 9, 'D': 9, 'F': 9, 'L': 9, 'R': 9, 'U': 9})
Serial timeout set to 10
########################################
Elapsed time: 2.43230509758
CV Read time: 0.610414981842
Solve time:   0.0558049678802
Motor time:   1.76608514786
Solution:     U F B2 R2 F U' R' L F B L' U2 L2 U2 D R2 D' F2 D' L2
Face-turns:   20
Quarter-turns:28
########################################
threaded imaging: 0.0962550640106
population: 0.0979878902435
('R', 'O', 'Y', 'G', 'B', 'W')
['U', 'U', 'U', 'U', 'U', 'U', 'U', 'U', 'U', 'R', 'R', 'R', 'R', 'R', 'R', 'R', 'R', 'R', 'F', 'F', 'F', 'F', 'F', 'F', 'F', 'F', 'F', 'D', 'D', 'D', 'D', 'D', 'D', 'D', 'D', 'D', 'L', 'L', 'L', 'L', 'L', 'L', 'L', 'L', 'L', 'B', 'B', 'B', 'B', 'B', 'B', 'B', 'B', 'B']
post state: ['U', 'U', 'U', 'U', 'U', 'U', 'U', 'U', 'U', 'R', 'R', 'R', 'R', 'R', 'R', 'R', 'R', 'R', 'F', 'F', 'F', 'F', 'F', 'F', 'F', 'F', 'F', 'D', 'D', 'D', 'D', 'D', 'D', 'D', 'D', 'D', 'L', 'L', 'L', 'L', 'L', 'L', 'L', 'L', 'L', 'B', 'B', 'B', 'B', 'B', 'B', 'B', 'B', 'B']
Cube solved
iter: 19
