Coordinate correlation loaded from: /home/pi/Desktop/rubiks/src/cuber/../cfg/correlation.npy
Colour correlation loaded from: /home/pi/Desktop/rubiks/src/cuber/../cfg/colours.npy
scramble:B2 U R' F' U F2 U' F' U D' R' U R' L2 F' D L F D' R' F2 R' L R L2 D' B2 R' L2 D'
Serial timeout set to 10
threaded imaging: 0.778221845627
population: 0.778437852859
Contour extraction: 0.211468219757
('R', 'O', 'Y', 'G', 'B', 'W')
colour extraction: 0.185797929764
['D', 'D', 'U', 'F', 'U', 'D', 'L', 'R', 'R', 'B', 'B', 'B', 'B', 'R', 'D', 'L', 'R', 'R', 'U', 'B', 'D', 'U', 'F', 'L', 'R', 'L', 'B', 'U', 'F', 'D', 'U', 'D', 'U', 'F', 'U', 'F', 'L', 'D', 'F', 'R', 'L', 'L', 'R', 'F', 'B', 'L', 'L', 'F', 'R', 'B', 'F', 'D', 'B', 'U']
threaded imaging: 0.0918660163879
population: 0.0921819210052
Contour extraction: 0.180457115173
('R', 'O', 'Y', 'G', 'B', 'W')
colour extraction: 0.183490037918
['D', 'D', 'U', 'F', 'U', 'D', 'L', 'R', 'R', 'B', 'B', 'B', 'B', 'R', 'D', 'L', 'R', 'R', 'U', 'B', 'D', 'U', 'F', 'L', 'R', 'L', 'B', 'U', 'F', 'D', 'U', 'D', 'U', 'F', 'U', 'F', 'L', 'D', 'F', 'R', 'L', 'L', 'R', 'F', 'B', 'L', 'L', 'F', 'R', 'B', 'F', 'D', 'B', 'U']
Cubie counts
Counter({'B': 9, 'D': 9, 'F': 9, 'L': 9, 'R': 9, 'U': 9})
Serial timeout set to 10
########################################
Elapsed time: 2.82137608528
CV Read time: 0.456757068634
Solve time:   0.328907966614
Motor time:   2.03571105003
Solution:     F' B2 U' L2 F' U2 L2 F2 R2 U' L U B2 R2 U' D2 F2 L2 F2 R2 U2
Face-turns:   21
Quarter-turns:35
########################################
threaded imaging: 0.0999262332916
population: 0.100395917892
Contour extraction: 0.193514823914
('R', 'O', 'Y', 'G', 'B', 'W')
colour extraction: 0.188854932785
['U', 'U', 'U', 'U', 'U', 'U', 'U', 'U', 'U', 'R', 'R', 'R', 'R', 'R', 'R', 'R', 'R', 'R', 'F', 'F', 'F', 'F', 'F', 'F', 'F', 'F', 'F', 'D', 'D', 'D', 'D', 'D', 'D', 'D', 'D', 'D', 'L', 'L', 'L', 'L', 'L', 'L', 'L', 'L', 'L', 'B', 'B', 'B', 'B', 'B', 'B', 'B', 'B', 'B']
post state: ['U', 'U', 'U', 'U', 'U', 'U', 'U', 'U', 'U', 'R', 'R', 'R', 'R', 'R', 'R', 'R', 'R', 'R', 'F', 'F', 'F', 'F', 'F', 'F', 'F', 'F', 'F', 'D', 'D', 'D', 'D', 'D', 'D', 'D', 'D', 'D', 'L', 'L', 'L', 'L', 'L', 'L', 'L', 'L', 'L', 'B', 'B', 'B', 'B', 'B', 'B', 'B', 'B', 'B']
Cube solved
iter: 0
scramble:D L2 B F L' U F2 D2 U' F2 D' F D2 L' F L F L' R' F' R2 F R2 D R' B2 D L D' R' F' L2 B' D' R2 L' F B'
Serial timeout set to 10
threaded imaging: 0.105829000473
population: 0.106233119965
Contour extraction: 0.146260023117
('R', 'O', 'Y', 'G', 'B', 'W')
colour extraction: 0.169600963593
['L', 'F', 'R', 'R', 'U', 'L', 'L', 'F', 'U', 'L', 'U', 'B', 'F', 'R', 'B', 'D', 'D', 'U', 'U', 'L', 'B', 'D', 'F', 'R', 'R', 'R', 'F', 'D', 'U', 'L', 'D', 'D', 'L', 'D', 'D', 'F', 'D', 'B', 'F', 'B', 'L', 'R', 'B', 'F', 'F', 'U', 'U', 'B', 'U', 'B', 'L', 'R', 'B', 'R']
threaded imaging: 0.0919599533081
population: 0.0922110080719
Contour extraction: 0.180230855942
('R', 'O', 'Y', 'G', 'B', 'W')
colour extraction: 0.169354200363
['L', 'F', 'R', 'R', 'U', 'L', 'L', 'F', 'U', 'L', 'U', 'B', 'F', 'R', 'B', 'D', 'D', 'U', 'U', 'L', 'B', 'D', 'F', 'R', 'R', 'R', 'F', 'D', 'U', 'L', 'D', 'D', 'L', 'D', 'D', 'F', 'D', 'B', 'F', 'B', 'L', 'R', 'B', 'F', 'F', 'U', 'U', 'B', 'U', 'B', 'L', 'R', 'B', 'R']
Cubie counts
Counter({'B': 9, 'D': 9, 'F': 9, 'L': 9, 'R': 9, 'U': 9})
Serial timeout set to 10
########################################
Elapsed time: 2.36011815071
CV Read time: 0.442301034927
Solve time:   0.0496420860291
Motor time:   1.86817502975
Solution:     U2 F2 L' U' D R B' D L' D' F' D' R2 D2 L2 F2 U' F2 B2 R2 D
Face-turns:   21
Quarter-turns:30
########################################
threaded imaging: 0.0901770591736
population: 0.0906729698181
Contour extraction: 0.205126047134
('R', 'O', 'Y', 'G', 'B', 'W')
colour extraction: 0.169376850128
['U', 'U', 'U', 'U', 'U', 'U', 'U', 'U', 'U', 'R', 'R', 'R', 'R', 'R', 'R', 'R', 'R', 'R', 'F', 'F', 'F', 'F', 'F', 'F', 'F', 'F', 'F', 'D', 'D', 'D', 'D', 'D', 'D', 'D', 'D', 'D', 'L', 'L', 'L', 'L', 'L', 'L', 'L', 'L', 'L', 'B', 'B', 'B', 'B', 'B', 'B', 'B', 'B', 'B']
post state: ['U', 'U', 'U', 'U', 'U', 'U', 'U', 'U', 'U', 'R', 'R', 'R', 'R', 'R', 'R', 'R', 'R', 'R', 'F', 'F', 'F', 'F', 'F', 'F', 'F', 'F', 'F', 'D', 'D', 'D', 'D', 'D', 'D', 'D', 'D', 'D', 'L', 'L', 'L', 'L', 'L', 'L', 'L', 'L', 'L', 'B', 'B', 'B', 'B', 'B', 'B', 'B', 'B', 'B']
Cube solved
iter: 1
scramble:U2 R' U D L' R' L' F D2 B F' B R' F' R D2 R F2 R F R' L2 U' B' L D U' F2 L' R2 F D R' U2 B2 F2 B2
Serial timeout set to 10
threaded imaging: 0.0770740509033
population: 0.0774970054626
Contour extraction: 0.152065992355
('R', 'O', 'Y', 'G', 'B', 'W')
colour extraction: 0.186487913132
['R', 'L', 'B', 'F', 'U', 'R', 'L', 'D', 'B', 'R', 'B', 'D', 'B', 'R', 'F', 'R', 'D', 'D', 'B', 'B', 'U', 'L', 'F', 'L', 'U', 'U', 'F', 'F', 'L', 'D', 'R', 'D', 'F', 'B', 'U', 'F', 'F', 'U', 'U', 'D', 'L', 'F', 'R', 'U', 'L', 'L', 'D', 'U', 'R', 'B', 'R', 'L', 'B', 'D']
threaded imaging: 0.0785071849823
population: 0.0787868499756
Contour extraction: 0.176060914993
('R', 'O', 'Y', 'G', 'B', 'W')
colour extraction: 0.188920021057
['R', 'L', 'B', 'F', 'U', 'R', 'L', 'D', 'B', 'R', 'B', 'D', 'B', 'R', 'F', 'R', 'D', 'D', 'B', 'B', 'U', 'L', 'F', 'L', 'U', 'U', 'F', 'F', 'L', 'D', 'R', 'D', 'F', 'B', 'U', 'F', 'F', 'U', 'U', 'D', 'L', 'F', 'R', 'U', 'L', 'L', 'D', 'U', 'R', 'B', 'R', 'L', 'B', 'D']
Cubie counts
Counter({'B': 9, 'D': 9, 'F': 9, 'L': 9, 'R': 9, 'U': 9})
Serial timeout set to 10
########################################
Elapsed time: 2.95928215981
CV Read time: 0.444545030594
Solve time:   0.529402017593
Motor time:   1.98533511162
Solution:     U2 F2 D B U' L2 B' R F U' B' L U2 D' R2 D L2 B2 U2 B2 D' F2
Face-turns:   22
Quarter-turns:32
########################################
threaded imaging: 0.106017112732
population: 0.106739044189
Contour extraction: 0.179044961929
('R', 'O', 'Y', 'G', 'B', 'W')
colour extraction: 0.185832977295
['U', 'U', 'U', 'U', 'U', 'U', 'U', 'U', 'U', 'R', 'R', 'R', 'R', 'R', 'R', 'R', 'R', 'R', 'F', 'F', 'F', 'F', 'F', 'F', 'F', 'F', 'F', 'D', 'D', 'D', 'D', 'D', 'D', 'D', 'D', 'D', 'L', 'L', 'L', 'L', 'L', 'L', 'L', 'L', 'L', 'B', 'B', 'B', 'B', 'B', 'B', 'B', 'B', 'B']
post state: ['U', 'U', 'U', 'U', 'U', 'U', 'U', 'U', 'U', 'R', 'R', 'R', 'R', 'R', 'R', 'R', 'R', 'R', 'F', 'F', 'F', 'F', 'F', 'F', 'F', 'F', 'F', 'D', 'D', 'D', 'D', 'D', 'D', 'D', 'D', 'D', 'L', 'L', 'L', 'L', 'L', 'L', 'L', 'L', 'L', 'B', 'B', 'B', 'B', 'B', 'B', 'B', 'B', 'B']
Cube solved
iter: 2
scramble:F' R2 L2 U2 F U2 R L' R L2 F U R2 D R' B2 L2 R2 U' D' L2 F
Serial timeout set to 10
threaded imaging: 0.127963066101
population: 0.128396034241
Contour extraction: 0.176481962204
('R', 'O', 'Y', 'G', 'B', 'W')
colour extraction: 0.185072898865
['U', 'B', 'L', 'F', 'U', 'U', 'D', 'R', 'U', 'L', 'R', 'B', 'D', 'R', 'R', 'R', 'U', 'F', 'R', 'B', 'B', 'R', 'F', 'B', 'R', 'U', 'U', 'D', 'L', 'F', 'L', 'D', 'F', 'B', 'L', 'L', 'F', 'L', 'B', 'F', 'L', 'F', 'U', 'B', 'F', 'D', 'U', 'L', 'D', 'B', 'D', 'D', 'D', 'R']
threaded imaging: 0.0790579319
population: 0.0793478488922
Contour extraction: 0.187184095383
('R', 'O', 'Y', 'G', 'B', 'W')
colour extraction: 0.241377830505
['U', 'B', 'L', 'F', 'U', 'U', 'D', 'R', 'U', 'L', 'R', 'B', 'D', 'R', 'R', 'R', 'U', 'F', 'R', 'B', 'B', 'R', 'F', 'B', 'R', 'U', 'U', 'D', 'L', 'F', 'L', 'D', 'F', 'B', 'L', 'L', 'F', 'L', 'B', 'F', 'L', 'F', 'U', 'B', 'F', 'D', 'U', 'L', 'D', 'B', 'D', 'D', 'D', 'R']
Cubie counts
Counter({'B': 9, 'D': 9, 'F': 9, 'L': 9, 'R': 9, 'U': 9})
Serial timeout set to 10
########################################
Elapsed time: 2.51507687569
CV Read time: 0.508425951004
Solve time:   0.179608106613
Motor time:   1.82704281807
Solution:     F2 L2 F U' R F2 U' F' U2 B' L' U L2 F2 L2 D' R2 D2 R2 D'
Face-turns:   20
Quarter-turns:30
########################################
threaded imaging: 0.105293989182
population: 0.10582113266
Contour extraction: 0.17778801918
('R', 'O', 'Y', 'G', 'B', 'W')
colour extraction: 0.184435129166
['U', 'U', 'U', 'U', 'U', 'U', 'U', 'U', 'U', 'R', 'R', 'R', 'R', 'R', 'R', 'R', 'R', 'R', 'F', 'F', 'F', 'F', 'F', 'F', 'F', 'F', 'F', 'D', 'D', 'D', 'D', 'D', 'D', 'D', 'D', 'D', 'L', 'L', 'L', 'L', 'L', 'L', 'L', 'L', 'L', 'B', 'B', 'B', 'B', 'B', 'B', 'B', 'B', 'B']
post state: ['U', 'U', 'U', 'U', 'U', 'U', 'U', 'U', 'U', 'R', 'R', 'R', 'R', 'R', 'R', 'R', 'R', 'R', 'F', 'F', 'F', 'F', 'F', 'F', 'F', 'F', 'F', 'D', 'D', 'D', 'D', 'D', 'D', 'D', 'D', 'D', 'L', 'L', 'L', 'L', 'L', 'L', 'L', 'L', 'L', 'B', 'B', 'B', 'B', 'B', 'B', 'B', 'B', 'B']
Cube solved
iter: 3
scramble:R L' D' L B U F U L2 B2 F2 B F2 L F2 R2 L' D' R' F R2 L2 F2 B D2 U' R B R
Serial timeout set to 10
threaded imaging: 0.0962460041046
population: 0.0968508720398
Contour extraction: 0.188158035278
('R', 'O', 'Y', 'G', 'B', 'W')
colour extraction: 0.183977127075
['R', 'D', 'F', 'R', 'U', 'R', 'R', 'R', 'L', 'D', 'F', 'U', 'L', 'R', 'F', 'L', 'U', 'U', 'D', 'U', 'B', 'B', 'F', 'F', 'U', 'L', 'D', 'B', 'U', 'F', 'D', 'D', 'B', 'R', 'B', 'B', 'B', 'D', 'F', 'F', 'L', 'L', 'U', 'L', 'R', 'L', 'B', 'D', 'D', 'B', 'U', 'L', 'R', 'F']
threaded imaging: 0.0810348987579
population: 0.0813508033752
Contour extraction: 0.147136211395
('R', 'O', 'Y', 'G', 'B', 'W')
colour extraction: 0.183111906052
['R', 'D', 'F', 'R', 'U', 'R', 'R', 'R', 'L', 'D', 'F', 'U', 'L', 'R', 'F', 'L', 'U', 'U', 'D', 'U', 'B', 'B', 'F', 'F', 'U', 'L', 'D', 'B', 'U', 'F', 'D', 'D', 'B', 'R', 'B', 'B', 'B', 'D', 'F', 'F', 'L', 'L', 'U', 'L', 'R', 'L', 'B', 'D', 'D', 'B', 'U', 'L', 'R', 'F']
Cubie counts
Counter({'B': 9, 'D': 9, 'F': 9, 'L': 9, 'R': 9, 'U': 9})
Serial timeout set to 10
########################################
Elapsed time: 3.26366710663
CV Read time: 0.412094116211
Solve time:   0.845523834229
Motor time:   2.00604915619
Solution:     U2 F2 D' R' U' F2 U L' B D2 L' B' D2 R2 U B2 L2 B2 D' B2 R2 U'
Face-turns:   22
Quarter-turns:33
########################################
threaded imaging: 0.0984389781952
population: 0.0991070270538
Contour extraction: 0.171704053879
('R', 'O', 'Y', 'G', 'B', 'W')
colour extraction: 0.185870885849
['U', 'U', 'U', 'U', 'U', 'L', 'U', 'U', 'U', 'R', 'R', 'R', 'R', 'R', 'R', 'R', 'R', 'R', 'F', 'F', 'F', 'F', 'F', 'F', 'F', 'F', 'F', 'D', 'D', 'D', 'D', 'D', 'D', 'D', 'D', 'D', 'L', 'U', 'L', 'L', 'L', 'L', 'L', 'L', 'L', 'B', 'B', 'B', 'B', 'B', 'B', 'B', 'B', 'B']
post state: ['U', 'U', 'U', 'U', 'U', 'L', 'U', 'U', 'U', 'R', 'R', 'R', 'R', 'R', 'R', 'R', 'R', 'R', 'F', 'F', 'F', 'F', 'F', 'F', 'F', 'F', 'F', 'D', 'D', 'D', 'D', 'D', 'D', 'D', 'D', 'D', 'L', 'U', 'L', 'L', 'L', 'L', 'L', 'L', 'L', 'B', 'B', 'B', 'B', 'B', 'B', 'B', 'B', 'B']
Could not verify solution success
iter: 4
scramble:L F B2 R' D2 R2 D R' L2 B2 L B2 R' B2 U2 R2 B U L2 F' B' F2 U F' B L2 F'
Serial timeout set to 10
threaded imaging: 0.0943460464478
population: 0.094810962677
Contour extraction: 0.175789117813
('R', 'O', 'Y', 'G', 'B', 'W')
colour extraction: 0.186616182327
['B', 'B', 'R', 'D', 'U', 'F', 'F', 'D', 'R', 'F', 'R', 'B', 'F', 'R', 'D', 'L', 'B', 'L', 'R', 'F', 'U', 'L', 'F', 'U', 'L', 'R', 'U', 'U', 'B', 'B', 'L', 'D', 'U', 'D', 'R', 'B', 'D', 'L', 'D', 'R', 'L', 'F', 'F', 'U', 'F', 'U', 'L', 'R', 'B', 'B', 'U', 'D', 'D', 'L']
threaded imaging: 0.0804979801178
population: 0.0810542106628
Contour extraction: 0.154939174652
('R', 'O', 'Y', 'G', 'B', 'W')
colour extraction: 0.186010837555
['B', 'B', 'R', 'D', 'U', 'F', 'F', 'D', 'R', 'F', 'R', 'B', 'F', 'R', 'D', 'L', 'B', 'L', 'R', 'F', 'U', 'L', 'F', 'U', 'L', 'R', 'U', 'U', 'B', 'B', 'L', 'D', 'U', 'D', 'R', 'B', 'D', 'L', 'D', 'R', 'L', 'F', 'F', 'U', 'F', 'U', 'L', 'R', 'B', 'B', 'U', 'D', 'D', 'L']
Cubie counts
Counter({'B': 9, 'D': 9, 'F': 9, 'L': 9, 'R': 9, 'U': 9})
Serial timeout set to 10
########################################
Elapsed time: 2.29962396622
CV Read time: 0.42253780365
Solve time:   0.0823771953583
Motor time:   1.79470896721
Solution:     L2 U B L' U D B2 L U' R' F2 R2 U2 D' L2 U' R2 F2 D F2
Face-turns:   20
Quarter-turns:29
########################################
threaded imaging: 0.0945971012115
population: 0.0950911045074
Contour extraction: 0.195755958557
('R', 'O', 'Y', 'G', 'B', 'W')
colour extraction: 0.186147212982
['U', 'U', 'U', 'U', 'U', 'U', 'U', 'U', 'U', 'R', 'R', 'R', 'R', 'R', 'R', 'R', 'R', 'R', 'F', 'F', 'F', 'F', 'F', 'F', 'F', 'F', 'F', 'D', 'D', 'D', 'D', 'D', 'D', 'D', 'D', 'D', 'L', 'L', 'L', 'L', 'L', 'L', 'L', 'L', 'L', 'B', 'B', 'B', 'B', 'B', 'B', 'B', 'B', 'B']
post state: ['U', 'U', 'U', 'U', 'U', 'U', 'U', 'U', 'U', 'R', 'R', 'R', 'R', 'R', 'R', 'R', 'R', 'R', 'F', 'F', 'F', 'F', 'F', 'F', 'F', 'F', 'F', 'D', 'D', 'D', 'D', 'D', 'D', 'D', 'D', 'D', 'L', 'L', 'L', 'L', 'L', 'L', 'L', 'L', 'L', 'B', 'B', 'B', 'B', 'B', 'B', 'B', 'B', 'B']
Cube solved
iter: 5
scramble:D F' L2 B2 U' L R' U2 D2 L B' U R2 U' B2 R D L F L R' L F R U2 L' D2 F2
Serial timeout set to 10
threaded imaging: 0.103938102722
population: 0.104392051697
Contour extraction: 0.176543951035
('R', 'O', 'Y', 'G', 'B', 'W')
colour extraction: 0.169977903366
['U', 'L', 'R', 'D', 'U', 'F', 'R', 'F', 'L', 'B', 'U', 'F', 'F', 'R', 'R', 'R', 'D', 'D', 'U', 'L', 'U', 'R', 'F', 'R', 'U', 'D', 'D', 'F', 'F', 'B', 'U', 'D', 'R', 'L', 'D', 'F', 'R', 'L', 'B', 'L', 'L', 'U', 'B', 'B', 'L', 'D', 'B', 'F', 'B', 'B', 'U', 'L', 'B', 'D']
threaded imaging: 0.0795609951019
population: 0.0798661708832
Contour extraction: 0.174352884293
('R', 'O', 'Y', 'G', 'B', 'W')
colour extraction: 0.169669151306
['U', 'L', 'R', 'D', 'U', 'F', 'R', 'F', 'L', 'B', 'U', 'F', 'F', 'R', 'R', 'R', 'D', 'D', 'U', 'L', 'U', 'R', 'F', 'R', 'U', 'D', 'D', 'F', 'F', 'B', 'U', 'D', 'R', 'L', 'D', 'F', 'R', 'L', 'B', 'L', 'L', 'U', 'B', 'B', 'L', 'D', 'B', 'F', 'B', 'B', 'U', 'L', 'B', 'D']
Cubie counts
Counter({'B': 9, 'D': 9, 'F': 9, 'L': 9, 'R': 9, 'U': 9})
Serial timeout set to 10
########################################
Elapsed time: 2.42408585548
CV Read time: 0.424389839172
Solve time:   0.0231561660767
Motor time:   1.97653985023
Solution:     U L2 F U R2 L2 D R' F D2 L F2 U2 R2 U L2 D' L2 U2 B2 L2
Face-turns:   21
Quarter-turns:33
########################################
threaded imaging: 0.110355854034
population: 0.110857963562
Contour extraction: 0.18325304985
('R', 'O', 'Y', 'G', 'B', 'W')
colour extraction: 0.16922712326
['U', 'U', 'U', 'U', 'U', 'U', 'U', 'U', 'U', 'R', 'R', 'R', 'R', 'R', 'R', 'R', 'R', 'R', 'F', 'F', 'F', 'F', 'F', 'F', 'F', 'F', 'F', 'D', 'D', 'D', 'D', 'D', 'D', 'D', 'D', 'D', 'L', 'L', 'L', 'L', 'L', 'L', 'L', 'L', 'L', 'B', 'B', 'B', 'B', 'B', 'B', 'B', 'B', 'B']
post state: ['U', 'U', 'U', 'U', 'U', 'U', 'U', 'U', 'U', 'R', 'R', 'R', 'R', 'R', 'R', 'R', 'R', 'R', 'F', 'F', 'F', 'F', 'F', 'F', 'F', 'F', 'F', 'D', 'D', 'D', 'D', 'D', 'D', 'D', 'D', 'D', 'L', 'L', 'L', 'L', 'L', 'L', 'L', 'L', 'L', 'B', 'B', 'B', 'B', 'B', 'B', 'B', 'B', 'B']
Cube solved
iter: 6
scramble:L2 R2 D U2 F2 R' U' L2 U2 F2 R U' D' L2 F' U2 B F' B L' R2 U2 B' D L U' R B L2 R B'
Serial timeout set to 10
threaded imaging: 0.108784914017
population: 0.109330177307
Contour extraction: 0.198038101196
('R', 'O', 'Y', 'G', 'B', 'W')
colour extraction: 0.169157981873
['L', 'R', 'F', 'D', 'U', 'U', 'F', 'B', 'U', 'L', 'L', 'L', 'D', 'R', 'F', 'B', 'F', 'F', 'U', 'L', 'B', 'F', 'F', 'F', 'D', 'B', 'U', 'R', 'D', 'R', 'B', 'D', 'R', 'D', 'L', 'U', 'D', 'R', 'R', 'B', 'L', 'L', 'R', 'U', 'B', 'D', 'U', 'B', 'U', 'B', 'R', 'L', 'D', 'F']
threaded imaging: 0.0773050785065
population: 0.0775811672211
Contour extraction: 0.1762778759
('R', 'O', 'Y', 'G', 'B', 'W')
colour extraction: 0.168831825256
['L', 'R', 'F', 'D', 'U', 'U', 'F', 'B', 'U', 'L', 'L', 'L', 'D', 'R', 'F', 'B', 'F', 'F', 'U', 'L', 'B', 'F', 'F', 'F', 'D', 'B', 'U', 'R', 'D', 'R', 'B', 'D', 'R', 'D', 'L', 'U', 'D', 'R', 'R', 'B', 'L', 'L', 'R', 'U', 'B', 'D', 'U', 'B', 'U', 'B', 'R', 'L', 'D', 'F']
Cubie counts
Counter({'B': 9, 'D': 9, 'F': 9, 'L': 9, 'R': 9, 'U': 9})
Serial timeout set to 10
########################################
Elapsed time: 2.81192016602
CV Read time: 0.423183202744
Solve time:   0.442065954208
Motor time:   1.94667100906
Solution:     U D2 R' D' F L F B' R2 F2 U' F D2 B2 D' L2 U' R2 B2 U' B2 U'
Face-turns:   22
Quarter-turns:31
########################################
threaded imaging: 0.112713813782
population: 0.113245010376
Contour extraction: 0.17908000946
('R', 'O', 'Y', 'G', 'B', 'W')
colour extraction: 0.169049024582
['U', 'U', 'U', 'U', 'U', 'U', 'U', 'U', 'U', 'R', 'R', 'R', 'R', 'R', 'R', 'R', 'R', 'R', 'F', 'F', 'F', 'F', 'F', 'F', 'F', 'F', 'F', 'D', 'D', 'D', 'D', 'D', 'D', 'D', 'D', 'D', 'L', 'L', 'L', 'L', 'L', 'L', 'L', 'L', 'L', 'B', 'B', 'B', 'B', 'B', 'B', 'B', 'B', 'B']
post state: ['U', 'U', 'U', 'U', 'U', 'U', 'U', 'U', 'U', 'R', 'R', 'R', 'R', 'R', 'R', 'R', 'R', 'R', 'F', 'F', 'F', 'F', 'F', 'F', 'F', 'F', 'F', 'D', 'D', 'D', 'D', 'D', 'D', 'D', 'D', 'D', 'L', 'L', 'L', 'L', 'L', 'L', 'L', 'L', 'L', 'B', 'B', 'B', 'B', 'B', 'B', 'B', 'B', 'B']
Cube solved
iter: 7
scramble:U2 D2 U' B' L' B R U2 B F' R2 U2 D U2 F' D' U R' F2 D' L' U' L2 F2 R'
Serial timeout set to 10
threaded imaging: 0.087653875351
population: 0.0882089138031
Contour extraction: 0.200289011002
('R', 'O', 'Y', 'G', 'B', 'W')
colour extraction: 0.169940948486
['D', 'B', 'L', 'R', 'U', 'F', 'U', 'D', 'B', 'L', 'L', 'F', 'D', 'R', 'B', 'F', 'U', 'U', 'L', 'F', 'D', 'D', 'F', 'R', 'B', 'U', 'D', 'R', 'B', 'R', 'F', 'D', 'F', 'D', 'U', 'F', 'R', 'U', 'B', 'R', 'L', 'L', 'F', 'R', 'U', 'U', 'D', 'B', 'L', 'B', 'B', 'R', 'L', 'L']
threaded imaging: 0.094722032547
population: 0.0950031280518
Contour extraction: 0.188452959061
('R', 'O', 'Y', 'G', 'B', 'W')
colour extraction: 0.169979810715
['D', 'B', 'L', 'R', 'U', 'F', 'U', 'D', 'B', 'L', 'L', 'F', 'D', 'R', 'B', 'F', 'U', 'U', 'L', 'F', 'D', 'D', 'F', 'R', 'B', 'U', 'D', 'R', 'B', 'R', 'F', 'D', 'F', 'D', 'U', 'F', 'R', 'U', 'B', 'R', 'L', 'L', 'F', 'R', 'U', 'U', 'D', 'B', 'L', 'B', 'B', 'R', 'L', 'L']
Cubie counts
Counter({'B': 9, 'D': 9, 'F': 9, 'L': 9, 'R': 9, 'U': 9})
Serial timeout set to 10
########################################
Elapsed time: 2.81214690208
CV Read time: 0.453941822052
Solve time:   0.357284069061
Motor time:   2.00092101097
Solution:     F' R' U' R2 L2 F R2 B2 L U2 B' U2 B2 U2 F2 D2 L2 D' L2 D' B2
Face-turns:   21
Quarter-turns:34
########################################
threaded imaging: 0.111471176147
population: 0.112092971802
Contour extraction: 0.15541100502
('R', 'O', 'Y', 'G', 'B', 'W')
colour extraction: 0.168849945068
['U', 'U', 'U', 'U', 'U', 'U', 'U', 'U', 'U', 'R', 'R', 'R', 'R', 'R', 'R', 'R', 'R', 'R', 'F', 'F', 'F', 'F', 'F', 'F', 'F', 'F', 'F', 'D', 'D', 'D', 'D', 'D', 'D', 'D', 'D', 'D', 'L', 'L', 'L', 'L', 'L', 'L', 'L', 'L', 'L', 'B', 'B', 'B', 'B', 'B', 'B', 'B', 'B', 'B']
post state: ['U', 'U', 'U', 'U', 'U', 'U', 'U', 'U', 'U', 'R', 'R', 'R', 'R', 'R', 'R', 'R', 'R', 'R', 'F', 'F', 'F', 'F', 'F', 'F', 'F', 'F', 'F', 'D', 'D', 'D', 'D', 'D', 'D', 'D', 'D', 'D', 'L', 'L', 'L', 'L', 'L', 'L', 'L', 'L', 'L', 'B', 'B', 'B', 'B', 'B', 'B', 'B', 'B', 'B']
Cube solved
iter: 8
scramble:D L' R2 U2 D U' L2 U2 B U' D L2 F B' L' B2 U2 D B2 D' U' F' U2 D2 F B'
Serial timeout set to 10
threaded imaging: 0.0931439399719
population: 0.093631029129
Contour extraction: 0.191924095154
('R', 'O', 'Y', 'G', 'B', 'W')
colour extraction: 0.183912992477
['D', 'D', 'F', 'U', 'U', 'B', 'B', 'F', 'U', 'L', 'L', 'D', 'F', 'R', 'U', 'U', 'D', 'R', 'L', 'L', 'B', 'U', 'F', 'U', 'D', 'B', 'R', 'L', 'R', 'B', 'D', 'D', 'L', 'L', 'D', 'U', 'R', 'R', 'D', 'F', 'L', 'L', 'F', 'F', 'F', 'R', 'B', 'B', 'B', 'B', 'R', 'F', 'R', 'U']
threaded imaging: 0.0808579921722
population: 0.0811049938202
Contour extraction: 0.18314409256
('R', 'O', 'Y', 'G', 'B', 'W')
colour extraction: 0.186053991318
['D', 'D', 'F', 'U', 'U', 'B', 'B', 'F', 'U', 'L', 'L', 'D', 'F', 'R', 'U', 'U', 'D', 'R', 'L', 'L', 'B', 'U', 'F', 'U', 'D', 'B', 'R', 'L', 'R', 'B', 'D', 'D', 'L', 'L', 'D', 'U', 'R', 'R', 'D', 'F', 'L', 'L', 'F', 'F', 'F', 'R', 'B', 'B', 'B', 'B', 'R', 'F', 'R', 'U']
Cubie counts
Counter({'B': 9, 'D': 9, 'F': 9, 'L': 9, 'R': 9, 'U': 9})
Serial timeout set to 10
########################################
Elapsed time: 2.55960011482
CV Read time: 0.450958013535
Solve time:   0.303220033646
Motor time:   1.80542206764
Solution:     R U R L' F2 R' F D2 F' D' F U L2 U' R2 D' R2 B2 D' R2 D'
Face-turns:   21
Quarter-turns:28
########################################
threaded imaging: 0.116888999939
population: 0.11915397644
Contour extraction: 0.200530052185
('R', 'O', 'Y', 'G', 'B', 'W')
colour extraction: 0.169142007828
['U', 'U', 'U', 'U', 'U', 'U', 'U', 'U', 'U', 'R', 'R', 'R', 'R', 'R', 'R', 'R', 'R', 'R', 'F', 'F', 'F', 'F', 'F', 'F', 'F', 'F', 'F', 'D', 'D', 'D', 'D', 'D', 'D', 'D', 'D', 'D', 'L', 'L', 'L', 'L', 'L', 'L', 'L', 'L', 'L', 'B', 'B', 'B', 'B', 'B', 'B', 'B', 'B', 'B']
post state: ['U', 'U', 'U', 'U', 'U', 'U', 'U', 'U', 'U', 'R', 'R', 'R', 'R', 'R', 'R', 'R', 'R', 'R', 'F', 'F', 'F', 'F', 'F', 'F', 'F', 'F', 'F', 'D', 'D', 'D', 'D', 'D', 'D', 'D', 'D', 'D', 'L', 'L', 'L', 'L', 'L', 'L', 'L', 'L', 'L', 'B', 'B', 'B', 'B', 'B', 'B', 'B', 'B', 'B']
Cube solved
iter: 9
scramble:F2 U F2 U R2 U' B D L' B' U' D' U L' B F' B' F D2 R2
Serial timeout set to 10
threaded imaging: 0.104964971542
population: 0.105584859848
Contour extraction: 0.172924041748
('R', 'O', 'Y', 'G', 'B', 'W')
colour extraction: 0.169985055923
['L', 'F', 'B', 'L', 'U', 'L', 'R', 'U', 'B', 'L', 'U', 'R', 'R', 'R', 'R', 'F', 'B', 'R', 'U', 'F', 'D', 'D', 'F', 'F', 'D', 'D', 'U', 'F', 'R', 'L', 'D', 'D', 'U', 'U', 'U', 'U', 'F', 'B', 'B', 'L', 'L', 'L', 'B', 'B', 'R', 'D', 'D', 'D', 'B', 'B', 'F', 'F', 'R', 'L']
threaded imaging: 0.0822858810425
population: 0.0826179981232
Contour extraction: 0.176652908325
('R', 'O', 'Y', 'G', 'B', 'W')
colour extraction: 0.171523094177
['L', 'F', 'B', 'L', 'U', 'L', 'R', 'U', 'B', 'L', 'U', 'R', 'R', 'R', 'R', 'F', 'B', 'R', 'U', 'F', 'D', 'D', 'F', 'F', 'D', 'D', 'U', 'F', 'R', 'L', 'D', 'D', 'U', 'U', 'U', 'U', 'F', 'B', 'B', 'L', 'L', 'L', 'B', 'B', 'R', 'D', 'D', 'D', 'B', 'B', 'F', 'F', 'R', 'L']
Cubie counts
Counter({'B': 9, 'D': 9, 'F': 9, 'L': 9, 'R': 9, 'U': 9})
Serial timeout set to 10
########################################
Elapsed time: 1.65297102928
CV Read time: 0.431293964386
Solve time:   0.00128388404846
Motor time:   1.22039318085
Solution:     R2 D2 L D B L D' B' U R2 U' F2 U' F2
Face-turns:   14
Quarter-turns:19
########################################
threaded imaging: 0.115052938461
population: 0.115561962128
Contour extraction: 0.189064979553
('R', 'O', 'Y', 'G', 'B', 'W')
colour extraction: 0.175554990768
['U', 'U', 'U', 'U', 'U', 'U', 'U', 'U', 'U', 'R', 'R', 'R', 'R', 'R', 'R', 'R', 'R', 'R', 'F', 'F', 'F', 'F', 'F', 'F', 'F', 'F', 'F', 'D', 'D', 'D', 'D', 'D', 'D', 'D', 'D', 'D', 'L', 'L', 'L', 'L', 'L', 'L', 'L', 'L', 'L', 'B', 'B', 'B', 'B', 'B', 'B', 'B', 'B', 'B']
post state: ['U', 'U', 'U', 'U', 'U', 'U', 'U', 'U', 'U', 'R', 'R', 'R', 'R', 'R', 'R', 'R', 'R', 'R', 'F', 'F', 'F', 'F', 'F', 'F', 'F', 'F', 'F', 'D', 'D', 'D', 'D', 'D', 'D', 'D', 'D', 'D', 'L', 'L', 'L', 'L', 'L', 'L', 'L', 'L', 'L', 'B', 'B', 'B', 'B', 'B', 'B', 'B', 'B', 'B']
Cube solved
iter: 10
scramble:L R' B U2 L2 R' F2 R' D' R2 L2 D2 F' D' U L U B2 L2 D' R2 U R' L' R2 D2 R F L' B U D B2 F2
Serial timeout set to 10
threaded imaging: 0.10462808609
population: 0.105097055435
Contour extraction: 0.239642858505
('R', 'O', 'Y', 'G', 'B', 'W')
colour extraction: 0.169619083405
['L', 'F', 'L', 'L', 'U', 'L', 'U', 'U', 'U', 'B', 'L', 'B', 'B', 'R', 'F', 'F', 'R', 'R', 'B', 'F', 'D', 'L', 'F', 'R', 'R', 'D', 'U', 'D', 'R', 'R', 'D', 'D', 'U', 'D', 'D', 'U', 'B', 'F', 'R', 'B', 'L', 'B', 'F', 'B', 'F', 'D', 'R', 'U', 'D', 'B', 'U', 'F', 'L', 'L']
threaded imaging: 0.0809760093689
population: 0.0813629627228
Contour extraction: 0.20667886734
('R', 'O', 'Y', 'G', 'B', 'W')
colour extraction: 0.169139862061
['L', 'F', 'L', 'L', 'U', 'U', 'U', 'U', 'D', 'B', 'L', 'B', 'B', 'R', 'F', 'F', 'R', 'R', 'B', 'F', 'D', 'L', 'F', 'R', 'R', 'D', 'U', 'D', 'R', 'R', 'D', 'D', 'U', 'L', 'D', 'U', 'B', 'F', 'R', 'B', 'L', 'B', 'F', 'B', 'F', 'D', 'R', 'U', 'D', 'B', 'U', 'F', 'L', 'L']
Cubie counts
Counter({'B': 9, 'D': 9, 'F': 9, 'L': 9, 'R': 9, 'U': 9})
FAIL
iter: 11
scramble:D' B2 D B2 D R2 U' B2 U' F2 L R2 U2 L2 R F U2 R' B' D U' D' L2 B' F L' U2 F2 U' B2 L' B' L2 B U F
Serial timeout set to 10
threaded imaging: 0.110930919647
population: 0.111662149429
Contour extraction: 0.196408033371
('R', 'O', 'Y', 'G', 'B', 'W')
colour extraction: 0.169359922409
['U', 'B', 'B', 'F', 'U', 'B', 'L', 'L', 'L', 'U', 'D', 'U', 'F', 'R', 'L', 'R', 'U', 'U', 'D', 'F', 'F', 'L', 'F', 'D', 'D', 'R', 'D', 'F', 'U', 'B', 'B', 'D', 'F', 'F', 'B', 'F', 'L', 'R', 'B', 'D', 'L', 'D', 'L', 'U', 'R', 'R', 'R', 'B', 'U', 'B', 'R', 'R', 'L', 'D']
threaded imaging: 0.0877230167389
population: 0.0879919528961
Contour extraction: 0.180402994156
('R', 'O', 'Y', 'G', 'B', 'W')
colour extraction: 0.169370889664
['U', 'B', 'B', 'F', 'U', 'B', 'L', 'L', 'L', 'U', 'D', 'U', 'F', 'R', 'L', 'R', 'U', 'U', 'D', 'F', 'F', 'L', 'F', 'D', 'D', 'R', 'D', 'F', 'U', 'B', 'B', 'D', 'F', 'F', 'B', 'F', 'L', 'R', 'B', 'D', 'L', 'D', 'L', 'U', 'R', 'R', 'R', 'B', 'U', 'B', 'R', 'R', 'L', 'D']
Cubie counts
Counter({'B': 9, 'D': 9, 'F': 9, 'L': 9, 'R': 9, 'U': 9})
Serial timeout set to 10
########################################
Elapsed time: 2.49313306808
CV Read time: 0.438266038895
Solve time:   0.144930839539
Motor time:   1.90993618965
Solution:     R L' F2 L2 U' R2 F U2 D' B R U F2 U2 D' L2 U B2 D' F2 B2
Face-turns:   21
Quarter-turns:31
########################################
threaded imaging: 0.102375030518
population: 0.102822065353
Contour extraction: 0.156075954437
('R', 'O', 'Y', 'G', 'B', 'W')
colour extraction: 0.177515983582
['U', 'U', 'U', 'U', 'U', 'U', 'U', 'U', 'U', 'R', 'R', 'R', 'R', 'R', 'R', 'R', 'R', 'R', 'F', 'F', 'F', 'F', 'F', 'F', 'F', 'F', 'F', 'D', 'D', 'D', 'D', 'D', 'D', 'D', 'D', 'D', 'L', 'L', 'L', 'L', 'L', 'L', 'L', 'L', 'L', 'B', 'B', 'B', 'B', 'B', 'B', 'B', 'B', 'B']
post state: ['U', 'U', 'U', 'U', 'U', 'U', 'U', 'U', 'U', 'R', 'R', 'R', 'R', 'R', 'R', 'R', 'R', 'R', 'F', 'F', 'F', 'F', 'F', 'F', 'F', 'F', 'F', 'D', 'D', 'D', 'D', 'D', 'D', 'D', 'D', 'D', 'L', 'L', 'L', 'L', 'L', 'L', 'L', 'L', 'L', 'B', 'B', 'B', 'B', 'B', 'B', 'B', 'B', 'B']
Cube solved
iter: 12
scramble:D2 B2 R' F' R' L U' F' U D' U F2 D U' L' D U F B2 R' U'
Serial timeout set to 10
threaded imaging: 0.086324930191
population: 0.0868899822235
Contour extraction: 0.174758911133
('R', 'O', 'Y', 'G', 'B', 'W')
colour extraction: 0.177562952042
['B', 'L', 'L', 'D', 'U', 'U', 'D', 'R', 'D', 'L', 'F', 'U', 'F', 'R', 'U', 'B', 'B', 'F', 'B', 'U', 'B', 'R', 'F', 'D', 'U', 'R', 'R', 'F', 'B', 'D', 'U', 'D', 'D', 'U', 'F', 'D', 'R', 'L', 'L', 'R', 'L', 'D', 'F', 'F', 'L', 'B', 'B', 'U', 'L', 'B', 'F', 'R', 'L', 'R']
threaded imaging: 0.0851900577545
population: 0.0855259895325
Contour extraction: 0.177033901215
('R', 'O', 'Y', 'G', 'B', 'W')
colour extraction: 0.177633047104
['B', 'L', 'L', 'D', 'U', 'U', 'D', 'R', 'D', 'L', 'F', 'U', 'F', 'R', 'U', 'B', 'B', 'F', 'B', 'U', 'F', 'R', 'F', 'D', 'U', 'R', 'R', 'F', 'B', 'D', 'U', 'D', 'D', 'U', 'F', 'D', 'R', 'L', 'L', 'R', 'L', 'D', 'F', 'B', 'L', 'B', 'B', 'U', 'L', 'B', 'F', 'R', 'L', 'R']
Cubie counts
Counter({'B': 9, 'D': 9, 'F': 9, 'L': 9, 'R': 9, 'U': 9})
Serial timeout set to 10
########################################
Elapsed time: 2.33587694168
CV Read time: 0.440707921982
Solve time:   0.0525891780853
Motor time:   1.84257984161
Solution:     U R' B2 L2 U' B R' L D R B R2 D' F2 R2 U' B2 D' L2 U R2
Face-turns:   21
Quarter-turns:29
########################################
threaded imaging: 0.0945529937744
population: 0.0950860977173
Contour extraction: 0.19877910614
('R', 'O', 'Y', 'G', 'B', 'W')
colour extraction: 0.17715215683
['U', 'U', 'U', 'U', 'U', 'U', 'U', 'U', 'U', 'R', 'R', 'R', 'R', 'R', 'R', 'R', 'R', 'R', 'F', 'F', 'F', 'F', 'F', 'F', 'F', 'F', 'F', 'D', 'D', 'D', 'D', 'D', 'D', 'D', 'D', 'D', 'L', 'L', 'L', 'L', 'L', 'L', 'L', 'L', 'L', 'B', 'B', 'B', 'B', 'B', 'B', 'B', 'B', 'B']
post state: ['U', 'U', 'U', 'U', 'U', 'U', 'U', 'U', 'U', 'R', 'R', 'R', 'R', 'R', 'R', 'R', 'R', 'R', 'F', 'F', 'F', 'F', 'F', 'F', 'F', 'F', 'F', 'D', 'D', 'D', 'D', 'D', 'D', 'D', 'D', 'D', 'L', 'L', 'L', 'L', 'L', 'L', 'L', 'L', 'L', 'B', 'B', 'B', 'B', 'B', 'B', 'B', 'B', 'B']
Cube solved
iter: 13
scramble:B D' L R2 L F' D2 F2 R' U F' D2 R2 U' B R F B U' B' U D' R' D2 F B2 U' F R L2 U L R' B' F L R' D' B U
Serial timeout set to 10
threaded imaging: 0.0987157821655
population: 0.0992789268494
Contour extraction: 0.149600028992
('R', 'O', 'Y', 'G', 'B', 'W')
colour extraction: 0.177268981934
['R', 'B', 'U', 'U', 'U', 'R', 'R', 'D', 'F', 'R', 'B', 'B', 'B', 'R', 'R', 'B', 'R', 'L', 'B', 'L', 'D', 'D', 'F', 'U', 'R', 'F', 'D', 'U', 'D', 'L', 'U', 'D', 'U', 'D', 'F', 'F', 'F', 'F', 'D', 'D', 'L', 'B', 'F', 'L', 'B', 'L', 'L', 'U', 'F', 'B', 'R', 'U', 'L', 'L']
threaded imaging: 0.0844240188599
population: 0.0847702026367
Contour extraction: 0.176718950272
('R', 'O', 'Y', 'G', 'B', 'W')
colour extraction: 0.230489969254
['R', 'B', 'U', 'U', 'U', 'R', 'R', 'D', 'F', 'R', 'B', 'B', 'B', 'R', 'R', 'B', 'R', 'L', 'B', 'L', 'D', 'D', 'F', 'U', 'R', 'F', 'D', 'U', 'D', 'L', 'U', 'D', 'U', 'D', 'F', 'F', 'F', 'F', 'D', 'D', 'L', 'B', 'F', 'L', 'B', 'L', 'L', 'U', 'F', 'B', 'R', 'U', 'L', 'L']
Cubie counts
Counter({'B': 9, 'D': 9, 'F': 9, 'L': 9, 'R': 9, 'U': 9})
Serial timeout set to 10
########################################
Elapsed time: 2.30877995491
CV Read time: 0.492496967316
Solve time:   0.0542531013489
Motor time:   1.76202988625
Solution:     U L2 D' B L' U2 L' B R' D2 F' D' R2 F2 B2 U L2 U' L2 D
Face-turns:   20
Quarter-turns:28
########################################
threaded imaging: 0.0971360206604
population: 0.0975708961487
Contour extraction: 0.192822933197
('R', 'O', 'Y', 'G', 'B', 'W')
colour extraction: 0.177690029144
['U', 'U', 'U', 'U', 'U', 'D', 'U', 'U', 'D', 'R', 'R', 'R', 'R', 'R', 'R', 'R', 'R', 'R', 'F', 'F', 'F', 'F', 'F', 'F', 'F', 'U', 'U', 'D', 'D', 'D', 'B', 'D', 'B', 'D', 'D', 'D', 'L', 'L', 'L', 'L', 'L', 'L', 'L', 'L', 'L', 'B', 'B', 'B', 'B', 'B', 'B', 'F', 'F', 'B']
post state: ['U', 'U', 'U', 'U', 'U', 'D', 'U', 'U', 'D', 'R', 'R', 'R', 'R', 'R', 'R', 'R', 'R', 'R', 'F', 'F', 'F', 'F', 'F', 'F', 'F', 'U', 'U', 'D', 'D', 'D', 'B', 'D', 'B', 'D', 'D', 'D', 'L', 'L', 'L', 'L', 'L', 'L', 'L', 'L', 'L', 'B', 'B', 'B', 'B', 'B', 'B', 'F', 'F', 'B']
Could not verify solution success
iter: 14
scramble:B2 F' L' U' R' B L' F2 B' U F2 R U' B2 L2 R' U' R2 L2 B2 F2 D2 L D2 U'
Serial timeout set to 10
threaded imaging: 0.098573923111
population: 0.0990309715271
Contour extraction: 0.177932977676
('R', 'O', 'Y', 'G', 'B', 'W')
colour extraction: 0.177138090134
['R', 'F', 'F', 'R', 'U', 'B', 'F', 'F', 'D', 'D', 'L', 'D', 'R', 'R', 'D', 'L', 'R', 'B', 'L', 'L', 'B', 'B', 'F', 'F', 'L', 'U', 'U', 'F', 'R', 'B', 'U', 'D', 'D', 'R', 'U', 'R', 'F', 'U', 'U', 'F', 'L', 'L', 'B', 'B', 'D', 'R', 'D', 'U', 'B', 'B', 'L', 'D', 'L', 'U']
threaded imaging: 0.0827310085297
population: 0.0830581188202
Contour extraction: 0.167497873306
('R', 'O', 'Y', 'G', 'B', 'W')
colour extraction: 0.177747964859
['R', 'F', 'F', 'R', 'U', 'F', 'F', 'F', 'D', 'D', 'L', 'D', 'R', 'R', 'D', 'L', 'R', 'B', 'L', 'L', 'B', 'B', 'F', 'B', 'L', 'U', 'U', 'F', 'R', 'B', 'U', 'D', 'D', 'R', 'U', 'R', 'F', 'U', 'U', 'F', 'L', 'L', 'B', 'B', 'D', 'R', 'D', 'U', 'B', 'B', 'L', 'D', 'L', 'U']
Cubie counts
Counter({'B': 9, 'D': 9, 'F': 9, 'L': 9, 'R': 9, 'U': 9})
FAIL
iter: 15
scramble:D' U' L B F2 R L B' L2 R D' F U2 L D' L' B' D' L' R D2 F L R U2 B F B2 R2
Serial timeout set to 10
threaded imaging: 0.0988299846649
population: 0.0994458198547
Contour extraction: 0.169243097305
('R', 'O', 'Y', 'G', 'B', 'W')
colour extraction: 0.17778801918
['U', 'U', 'L', 'D', 'U', 'B', 'U', 'B', 'B', 'U', 'R', 'D', 'F', 'R', 'F', 'F', 'L', 'D', 'B', 'U', 'L', 'D', 'F', 'U', 'D', 'B', 'R', 'F', 'D', 'U', 'F', 'D', 'U', 'D', 'D', 'L', 'F', 'L', 'R', 'L', 'L', 'F', 'B', 'R', 'R', 'F', 'R', 'L', 'L', 'B', 'B', 'B', 'R', 'R']
threaded imaging: 0.0754120349884
population: 0.075690984726
Contour extraction: 0.165379047394
('R', 'O', 'Y', 'G', 'B', 'W')
colour extraction: 0.177708148956
['U', 'U', 'L', 'D', 'U', 'B', 'U', 'B', 'B', 'U', 'R', 'D', 'F', 'R', 'F', 'F', 'L', 'D', 'B', 'U', 'L', 'D', 'F', 'U', 'D', 'B', 'R', 'F', 'D', 'U', 'F', 'D', 'U', 'D', 'D', 'L', 'F', 'L', 'R', 'L', 'L', 'F', 'B', 'R', 'R', 'F', 'R', 'L', 'L', 'B', 'B', 'B', 'R', 'R']
Cubie counts
Counter({'B': 9, 'D': 9, 'F': 9, 'L': 9, 'R': 9, 'U': 9})
Serial timeout set to 10
########################################
Elapsed time: 2.2963180542
CV Read time: 0.419404029846
Solve time:   0.0467441082001
Motor time:   1.83016991615
Solution:     D' F R2 F' R D' R F2 D R' F2 L2 F2 R2 U L2 D' L2 F2 B2
Face-turns:   20
Quarter-turns:30
########################################
threaded imaging: 0.110688924789
population: 0.111120939255
Contour extraction: 0.187980175018
('R', 'O', 'Y', 'G', 'B', 'W')
colour extraction: 0.177935838699
['U', 'U', 'U', 'U', 'U', 'U', 'U', 'U', 'U', 'R', 'R', 'R', 'R', 'R', 'R', 'R', 'R', 'R', 'F', 'F', 'F', 'F', 'F', 'F', 'F', 'F', 'F', 'D', 'D', 'D', 'D', 'D', 'D', 'D', 'D', 'D', 'L', 'L', 'L', 'L', 'L', 'L', 'L', 'L', 'L', 'B', 'B', 'B', 'B', 'B', 'B', 'B', 'B', 'B']
post state: ['U', 'U', 'U', 'U', 'U', 'U', 'U', 'U', 'U', 'R', 'R', 'R', 'R', 'R', 'R', 'R', 'R', 'R', 'F', 'F', 'F', 'F', 'F', 'F', 'F', 'F', 'F', 'D', 'D', 'D', 'D', 'D', 'D', 'D', 'D', 'D', 'L', 'L', 'L', 'L', 'L', 'L', 'L', 'L', 'L', 'B', 'B', 'B', 'B', 'B', 'B', 'B', 'B', 'B']
Cube solved
iter: 16
scramble:L2 B U' F' U R2 B' R2 F B' U L' D' B' U2 F B2 D' U2 B2 L U L2 D B2 F'
Serial timeout set to 10
threaded imaging: 0.103349924088
population: 0.103992938995
Contour extraction: 0.167000055313
('R', 'O', 'Y', 'G', 'B', 'W')
colour extraction: 0.177295923233
['L', 'U', 'R', 'R', 'U', 'R', 'D', 'L', 'B', 'L', 'B', 'F', 'U', 'R', 'L', 'F', 'B', 'B', 'R', 'D', 'D', 'F', 'F', 'B', 'F', 'U', 'R', 'L', 'F', 'U', 'L', 'D', 'D', 'U', 'D', 'U', 'F', 'D', 'B', 'R', 'L', 'L', 'B', 'U', 'U', 'D', 'R', 'D', 'B', 'B', 'F', 'R', 'F', 'L']
threaded imaging: 0.0801320075989
population: 0.0804450511932
Contour extraction: 0.175987005234
('R', 'O', 'Y', 'G', 'B', 'W')
colour extraction: 0.178176164627
['L', 'U', 'R', 'R', 'U', 'R', 'D', 'L', 'B', 'L', 'B', 'F', 'U', 'R', 'L', 'F', 'B', 'B', 'R', 'D', 'D', 'F', 'F', 'B', 'F', 'U', 'R', 'L', 'F', 'U', 'L', 'D', 'D', 'U', 'D', 'U', 'F', 'D', 'B', 'R', 'L', 'L', 'B', 'U', 'U', 'D', 'R', 'D', 'B', 'B', 'F', 'R', 'F', 'L']
Cubie counts
Counter({'B': 9, 'D': 9, 'F': 9, 'L': 9, 'R': 9, 'U': 9})
Serial timeout set to 10
########################################
Elapsed time: 2.49698591232
CV Read time: 0.435096979141
Solve time:   0.224920034409
Motor time:   1.83696889877
Solution:     U D B' R' U2 L D2 L B R' F' U L2 B2 U' L2 U2 R2 D' B2 D'
Face-turns:   21
Quarter-turns:29
########################################
threaded imaging: 0.0935089588165
population: 0.0941700935364
Contour extraction: 0.192229032516
('R', 'O', 'Y', 'G', 'B', 'W')
colour extraction: 0.177710056305
['U', 'U', 'U', 'U', 'U', 'U', 'U', 'U', 'U', 'R', 'R', 'R', 'R', 'R', 'R', 'R', 'R', 'R', 'F', 'F', 'F', 'F', 'F', 'F', 'F', 'F', 'F', 'D', 'D', 'D', 'D', 'D', 'D', 'D', 'D', 'D', 'L', 'L', 'L', 'L', 'L', 'L', 'L', 'L', 'L', 'B', 'B', 'B', 'B', 'B', 'B', 'B', 'B', 'B']
post state: ['U', 'U', 'U', 'U', 'U', 'U', 'U', 'U', 'U', 'R', 'R', 'R', 'R', 'R', 'R', 'R', 'R', 'R', 'F', 'F', 'F', 'F', 'F', 'F', 'F', 'F', 'F', 'D', 'D', 'D', 'D', 'D', 'D', 'D', 'D', 'D', 'L', 'L', 'L', 'L', 'L', 'L', 'L', 'L', 'L', 'B', 'B', 'B', 'B', 'B', 'B', 'B', 'B', 'B']
Cube solved
iter: 17
scramble:R U' D2 B' R F2 U2 F' R2 B R2 F' B' F L2 F' R2 D U B F' D2 L R' D U2 R2 B D2 F' L U L2 U' R2 D' U F2 D
Serial timeout set to 10
threaded imaging: 0.0781610012054
population: 0.0786130428314
Contour extraction: 0.174543142319
('R', 'O', 'Y', 'G', 'B', 'W')
colour extraction: 0.177489995956
['R', 'L', 'U', 'D', 'U', 'B', 'D', 'L', 'B', 'D', 'D', 'L', 'B', 'R', 'F', 'F', 'F', 'L', 'F', 'B', 'R', 'D', 'F', 'R', 'B', 'R', 'L', 'R', 'U', 'D', 'U', 'D', 'L', 'B', 'F', 'U', 'F', 'L', 'R', 'U', 'L', 'R', 'D', 'F', 'U', 'F', 'U', 'U', 'D', 'B', 'B', 'B', 'R', 'L']
threaded imaging: 0.0865788459778
population: 0.0868570804596
Contour extraction: 0.171549797058
('R', 'O', 'Y', 'G', 'B', 'W')
colour extraction: 0.228368997574
['R', 'L', 'U', 'D', 'U', 'B', 'D', 'L', 'B', 'D', 'D', 'L', 'B', 'R', 'F', 'F', 'F', 'L', 'F', 'B', 'R', 'D', 'F', 'R', 'B', 'R', 'L', 'R', 'U', 'D', 'U', 'D', 'L', 'B', 'F', 'U', 'F', 'L', 'R', 'U', 'L', 'R', 'D', 'F', 'U', 'F', 'U', 'U', 'D', 'B', 'B', 'B', 'R', 'L']
Cubie counts
Counter({'B': 9, 'D': 9, 'F': 9, 'L': 9, 'R': 9, 'U': 9})
Serial timeout set to 10
########################################
Elapsed time: 2.60033512115
CV Read time: 0.487717151642
Solve time:   0.138214826584
Motor time:   1.97440314293
Solution:     R2 F R2 F D R B D2 L2 D2 L' U' B2 L2 D R2 B2 U R2 B2 D2
Face-turns:   21
Quarter-turns:33
########################################
threaded imaging: 0.0799250602722
population: 0.0805411338806
Contour extraction: 0.202151060104
('R', 'O', 'Y', 'G', 'B', 'W')
colour extraction: 0.17716383934
['U', 'U', 'U', 'U', 'U', 'U', 'U', 'U', 'U', 'R', 'R', 'R', 'R', 'R', 'R', 'R', 'R', 'R', 'F', 'F', 'F', 'F', 'F', 'F', 'F', 'F', 'F', 'D', 'D', 'D', 'D', 'D', 'D', 'D', 'D', 'D', 'L', 'L', 'L', 'L', 'L', 'L', 'L', 'L', 'L', 'B', 'B', 'B', 'B', 'B', 'B', 'B', 'B', 'B']
post state: ['U', 'U', 'U', 'U', 'U', 'U', 'U', 'U', 'U', 'R', 'R', 'R', 'R', 'R', 'R', 'R', 'R', 'R', 'F', 'F', 'F', 'F', 'F', 'F', 'F', 'F', 'F', 'D', 'D', 'D', 'D', 'D', 'D', 'D', 'D', 'D', 'L', 'L', 'L', 'L', 'L', 'L', 'L', 'L', 'L', 'B', 'B', 'B', 'B', 'B', 'B', 'B', 'B', 'B']
Cube solved
iter: 18
scramble:R' U' R U2 L F2 D2 B L F2 L' F L2 F' R' B F' R' F U L2 U2 R2 U L'
Serial timeout set to 10
threaded imaging: 0.100862979889
population: 0.101305007935
Contour extraction: 0.184267997742
('R', 'O', 'Y', 'G', 'B', 'W')
colour extraction: 0.177505016327
['B', 'L', 'B', 'U', 'U', 'D', 'F', 'L', 'F', 'D', 'L', 'U', 'L', 'R', 'B', 'U', 'R', 'F', 'L', 'U', 'L', 'D', 'F', 'B', 'R', 'R', 'B', 'B', 'B', 'L', 'F', 'D', 'U', 'R', 'D', 'D', 'L', 'F', 'U', 'R', 'L', 'B', 'U', 'R', 'D', 'R', 'F', 'D', 'U', 'B', 'D', 'R', 'F', 'F']
threaded imaging: 0.0858960151672
population: 0.0862431526184
Contour extraction: 0.192052125931
('R', 'O', 'Y', 'G', 'B', 'W')
colour extraction: 0.175863027573
['B', 'L', 'B', 'U', 'U', 'D', 'F', 'L', 'F', 'D', 'L', 'U', 'L', 'R', 'B', 'U', 'R', 'F', 'L', 'U', 'U', 'D', 'F', 'B', 'R', 'R', 'B', 'B', 'B', 'L', 'F', 'D', 'U', 'R', 'D', 'D', 'L', 'F', 'U', 'R', 'L', 'B', 'U', 'R', 'D', 'R', 'F', 'D', 'U', 'B', 'D', 'L', 'F', 'F']
Cubie counts
Counter({'U': 10, 'B': 9, 'D': 9, 'F': 9, 'L': 9, 'R': 8})
Incorrect number of colours detected
FAIL
iter: 19
